#
# A fatal error has been detected by the Java Runtime Environment:
#
#  EXCEPTION_ACCESS_VIOLATION (0xc0000005) at pc=0x00007ffe801538de, pid=16368, tid=19152
#
# JRE version: OpenJDK Runtime Environment (11.0.15+10) (build 11.0.15+10-LTS)
# Java VM: OpenJDK 64-Bit Server VM (11.0.15+10-LTS, mixed mode, tiered, compressed oops, g1 gc, windows-amd64)
# Problematic frame:
# C  [ig9icd64.dll+0x238de]
#
# No core dump will be written. Minidumps are not enabled by default on client versions of Windows
#
# If you would like to submit a bug report, please visit:
#   https://bell-sw.com/support
# The crash happened outside the Java Virtual Machine in native code.
# See problematic frame for where to report the bug.
#

---------------  S U M M A R Y ------------

Command Line: -Dfile.encoding=windows-1251 -Duser.country=RU -Duser.language=ru -Duser.variant opengl.tutor.Main2

Host: Intel(R) Core(TM) i5-10310U CPU @ 1.70GHz, 8 cores, 15G,  Windows 11 , 64 bit Build 22000 (10.0.22000.1219)
Time: Thu Nov 17 17:00:22 2022 RTZ 2 (s 11 , 64 bit Build 22000 (10.0.22000.1219) elapsed time: 0.639451 seconds (0d 0h 0m 0s)

---------------  T H R E A D  ---------------

Current thread (0x000002785208e800):  JavaThread "main" [_thread_in_native, id=19152, stack(0x000000d55fb00000,0x000000d55fc00000)]

Stack: [0x000000d55fb00000,0x000000d55fc00000],  sp=0x000000d55fbff4b0,  free space=1021k
Native frames: (J=compiled Java code, j=interpreted, Vv=VM code, C=native code)
C  [ig9icd64.dll+0x238de]

Java frames: (J=compiled Java code, j=interpreted, Vv=VM code)
j  org.lwjgl.opengl.GL11C.glDrawArrays(III)V+0
j  org.lwjgl.opengl.GL11.glDrawArrays(III)V+3
j  opengl.tutor.Main2.loop()V+138
j  opengl.tutor.Main2.run()V+19
j  opengl.tutor.Main2.main([Ljava/lang/String;)V+7
v  ~StubRoutines::call_stub

siginfo: EXCEPTION_ACCESS_VIOLATION (0xc0000005), reading address 0x0000000000000001


Register to memory mapping:

RIP=0x00007ffe801538de ig9icd64.dll
RAX=0x00007ffe801538de ig9icd64.dll
RBX=0x0000000000000008 is an unknown value
RCX=0x0000027802110018 points into unknown readable memory: 0x0000000000000000 | 00 00 00 00 00 00 00 00
RDX=0x0000000000000019 is an unknown value
RSP=0x000000d55fbff4b0 is pointing into the stack for thread: 0x000002785208e800
RBP=0x0000000000000001 is an unknown value
RSI=0x0000000000000003 is an unknown value
RDI=0x0000027878bfd5f0 points into unknown readable memory: 0x0000027878f63190 | 90 31 f6 78 78 02 00 00
R8 =0x0000000000000018 is an unknown value
R9 =0x00007ffe80130000 ig9icd64.dll
R10=0x0 is NULL
R11=0x0000000000000008 is an unknown value
R12=0x0 is NULL
R13=0x0000027878bd18c0 points into unknown readable memory: 0x0000027878d35600 | 00 56 d3 78 78 02 00 00
R14=0x0000027878bfd630 points into unknown readable memory: 0x0000027878d96d3c | 3c 6d d9 78 78 02 00 00
R15=0x0000000000000004 is an unknown value


Registers:
RAX=0x00007ffe801538de, RBX=0x0000000000000008, RCX=0x0000027802110018, RDX=0x0000000000000019
RSP=0x000000d55fbff4b0, RBP=0x0000000000000001, RSI=0x0000000000000003, RDI=0x0000027878bfd5f0
R8 =0x0000000000000018, R9 =0x00007ffe80130000, R10=0x0000000000000000, R11=0x0000000000000008
R12=0x0000000000000000, R13=0x0000027878bd18c0, R14=0x0000027878bfd630, R15=0x0000000000000004
RIP=0x00007ffe801538de, EFLAGS=0x0000000000010206

Top of Stack: (sp=0x000000d55fbff4b0)
0x000000d55fbff4b0:   0000000000000000 0000000000000010
0x000000d55fbff4c0:   0000027878bfd618 00007ffe80677260
0x000000d55fbff4d0:   0000027878bfd5f0 00007ffe801c0100
0x000000d55fbff4e0:   0000027879f0e048 0000000000000010
0x000000d55fbff4f0:   0000027878bfd5f0 00007ffe80801857
0x000000d55fbff500:   0000027878fb4880 0000027800000000
0x000000d55fbff510:   0000000000000000 0000027878f63190
0x000000d55fbff520:   000002785208e800 0000000000000000
0x000000d55fbff530:   0000027879f0e048 0000027878bd18c0
0x000000d55fbff540:   0000000000000004 00007ffe801bfdca
0x000000d55fbff550:   0000027878bfd5f0 0000000000000000
0x000000d55fbff560:   0000000000000000 0000027800000000
0x000000d55fbff570:   000000d500000003 000002784ff33ea0
0x000000d55fbff580:   0000000000000101 000002785befcd81
0x000000d55fbff590:   0000000000000004 00007ffe80bd0938
0x000000d55fbff5a0:   0000027878bd18c0 0000027878bfd5f0 

Instructions: (pc=0x00007ffe801538de)
0x00007ffe801537de:   cc cc 48 83 ec 28 4d 85 c0 0f 84 60 04 00 00 49
0x00007ffe801537ee:   83 f8 04 77 3b 49 83 f8 01 75 0a 0f b6 02 88 01
0x00007ffe801537fe:   48 83 c4 28 c3 49 83 f8 02 0f 84 3a 04 00 00 49
0x00007ffe8015380e:   83 f8 03 75 12 0f b7 02 66 89 01 0f b6 42 02 88
0x00007ffe8015381e:   41 02 48 83 c4 28 c3 8b 02 89 01 48 83 c4 28 c3
0x00007ffe8015382e:   49 83 f8 08 76 2f f6 c1 03 74 2a f6 c1 01 74 0e
0x00007ffe8015383e:   0f b6 02 49 ff c8 88 01 48 ff c1 48 ff c2 f6 c1
0x00007ffe8015384e:   02 74 12 0f b7 02 49 83 e8 02 66 89 01 48 83 c1
0x00007ffe8015385e:   02 48 83 c2 02 49 83 f8 40 0f 87 88 00 00 00 49
0x00007ffe8015386e:   8b c0 48 83 e0 fc 48 03 c8 48 03 d0 49 8b c0 48
0x00007ffe8015387e:   c1 e8 02 48 ff c8 48 83 f8 0f 0f 87 9f 03 00 00
0x00007ffe8015388e:   4c 8d 0d 6b c7 fd ff 41 8b 84 81 54 3c 02 00 49
0x00007ffe8015389e:   03 c1 ff e0 8b 42 c0 89 41 c0 8b 42 c4 89 41 c4
0x00007ffe801538ae:   8b 42 c8 89 41 c8 8b 42 cc 89 41 cc 8b 42 d0 89
0x00007ffe801538be:   41 d0 8b 42 d4 89 41 d4 8b 42 d8 89 41 d8 8b 42
0x00007ffe801538ce:   dc 89 41 dc 8b 42 e0 89 41 e0 8b 42 e4 89 41 e4
0x00007ffe801538de:   8b 42 e8 89 41 e8 8b 42 ec 89 41 ec 8b 42 f0 89
0x00007ffe801538ee:   41 f0 e9 26 03 00 00 48 8b c1 83 e0 0f 74 3d 41
0x00007ffe801538fe:   b9 10 00 00 00 4c 2b c8 49 8b c1 49 03 c9 48 c1
0x00007ffe8015390e:   e8 02 49 03 d1 48 83 e8 01 74 18 48 83 e8 01 74
0x00007ffe8015391e:   0c 48 83 f8 01 75 12 8b 42 f4 89 41 f4 8b 42 f8
0x00007ffe8015392e:   89 41 f8 8b 42 fc 89 41 fc 4d 2b c1 0f 29 74 24
0x00007ffe8015393e:   10 0f 29 3c 24 49 81 f8 00 00 08 00 0f 86 ef 00
0x00007ffe8015394e:   00 00 4d 8b c8 49 c1 e9 07 49 6b c1 80 4c 03 c0
0x00007ffe8015395e:   66 90 f3 0f 6f 02 48 83 ea 80 48 8b c1 48 83 e9
0x00007ffe8015396e:   80 f3 0f 6f 4a 90 f3 0f 6f 52 a0 f3 0f 6f 5a b0
0x00007ffe8015397e:   f3 0f 6f 62 c0 f3 0f 6f 6a d0 f3 0f 6f 72 e0 f3
0x00007ffe8015398e:   0f 6f 7a f0 66 0f e7 00 66 0f e7 49 90 66 0f e7
0x00007ffe8015399e:   51 a0 66 0f e7 59 b0 66 0f e7 61 c0 66 0f e7 69
0x00007ffe801539ae:   d0 66 0f e7 71 e0 66 0f e7 79 f0 49 83 e9 01 75
0x00007ffe801539be:   a1 4d 8b d0 49 8b c0 49 83 e2 f0 48 c1 e8 04 49
0x00007ffe801539ce:   03 ca 49 03 d2 48 ff c8 48 83 f8 06 0f 87 04 02 


Stack slot to memory mapping:
stack at sp + 0 slots: 0x0 is NULL
stack at sp + 1 slots: 0x0000000000000010 is an unknown value
stack at sp + 2 slots: 0x0000027878bfd618 points into unknown readable memory: 0x00007ffe80e44028 | 28 40 e4 80 fe 7f 00 00
stack at sp + 3 slots: 0x00007ffe80677260 ig9icd64.dll
stack at sp + 4 slots: 0x0000027878bfd5f0 points into unknown readable memory: 0x0000027878f63190 | 90 31 f6 78 78 02 00 00
stack at sp + 5 slots: 0x00007ffe801c0100 ig9icd64.dll
stack at sp + 6 slots: 0x0000027879f0e048 is pointing into metadata
stack at sp + 7 slots: 0x0000000000000010 is an unknown value


---------------  P R O C E S S  ---------------

Threads class SMR info:
_java_thread_list=0x0000027877d77c80, length=11, elements={
0x000002785208e800, 0x00000278772d2000, 0x00000278772d3000, 0x0000027877bde800,
0x0000027877bdf800, 0x0000027877be1000, 0x0000027877be2000, 0x0000027877be7800,
0x0000027877beb800, 0x0000027877d74000, 0x0000027877d6f800
}

Java Threads: ( => current thread )
=>0x000002785208e800 JavaThread "main" [_thread_in_native, id=19152, stack(0x000000d55fb00000,0x000000d55fc00000)]
  0x00000278772d2000 JavaThread "Reference Handler" daemon [_thread_blocked, id=14604, stack(0x000000d560200000,0x000000d560300000)]
  0x00000278772d3000 JavaThread "Finalizer" daemon [_thread_blocked, id=14772, stack(0x000000d560300000,0x000000d560400000)]
  0x0000027877bde800 JavaThread "Signal Dispatcher" daemon [_thread_blocked, id=17864, stack(0x000000d560400000,0x000000d560500000)]
  0x0000027877bdf800 JavaThread "Attach Listener" daemon [_thread_blocked, id=15968, stack(0x000000d560500000,0x000000d560600000)]
  0x0000027877be1000 JavaThread "Service Thread" daemon [_thread_blocked, id=7064, stack(0x000000d560600000,0x000000d560700000)]
  0x0000027877be2000 JavaThread "C2 CompilerThread0" daemon [_thread_blocked, id=14372, stack(0x000000d560700000,0x000000d560800000)]
  0x0000027877be7800 JavaThread "C1 CompilerThread0" daemon [_thread_blocked, id=4348, stack(0x000000d560800000,0x000000d560900000)]
  0x0000027877beb800 JavaThread "Sweeper thread" daemon [_thread_blocked, id=20672, stack(0x000000d560900000,0x000000d560a00000)]
  0x0000027877d74000 JavaThread "Common-Cleaner" daemon [_thread_blocked, id=8464, stack(0x000000d560b00000,0x000000d560c00000)]
  0x0000027877d6f800 JavaThread "C2 CompilerThread1" daemon [_thread_blocked, id=11596, stack(0x000000d560c00000,0x000000d560d00000)]

Other Threads:
  0x00000278772d0800 VMThread "VM Thread" [stack: 0x000000d560100000,0x000000d560200000] [id=6664]
  0x0000027877d6a800 WatcherThread [stack: 0x000000d560a00000,0x000000d560b00000] [id=18556]
  0x00000278520a5800 GCTaskThread "GC Thread#0" [stack: 0x000000d55fc00000,0x000000d55fd00000] [id=9444]
  0x0000027852103000 ConcurrentGCThread "G1 Main Marker" [stack: 0x000000d55fd00000,0x000000d55fe00000] [id=10016]
  0x0000027852106000 ConcurrentGCThread "G1 Conc#0" [stack: 0x000000d55fe00000,0x000000d55ff00000] [id=3852]
  0x00000278771bc800 ConcurrentGCThread "G1 Refine#0" [stack: 0x000000d55ff00000,0x000000d560000000] [id=14916]
  0x00000278771bf800 ConcurrentGCThread "G1 Young RemSet Sampling" [stack: 0x000000d560000000,0x000000d560100000] [id=7016]

Threads with active compile tasks:

VM state:not at safepoint (normal execution)

VM Mutex/Monitor currently owned by a thread: None

Heap address: 0x0000000704600000, size: 4026 MB, Compressed Oops mode: Zero based, Oop shift amount: 3
Narrow klass base: 0x0000000800000000, Narrow klass shift: 0
Compressed class space size: 1073741824 Address: 0x0000000800000000

Heap:
 garbage-first heap   total 258048K, used 20480K [0x0000000704600000, 0x0000000800000000)
  region size 1024K, 22 young (22528K), 0 survivors (0K)
 Metaspace       used 9922K, capacity 10160K, committed 10368K, reserved 1058816K
  class space    used 746K, capacity 796K, committed 896K, reserved 1048576K
Heap Regions: E=young(eden), S=young(survivor), O=old, HS=humongous(starts), HC=humongous(continues), CS=collection set, F=free, A=archive, TAMS=top-at-mark-start (previous, next)
|   0|0x0000000704600000, 0x0000000704600000, 0x0000000704700000|  0%| F|  |TAMS 0x0000000704600000, 0x0000000704600000| Untracked 
|   1|0x0000000704700000, 0x0000000704700000, 0x0000000704800000|  0%| F|  |TAMS 0x0000000704700000, 0x0000000704700000| Untracked 
|   2|0x0000000704800000, 0x0000000704800000, 0x0000000704900000|  0%| F|  |TAMS 0x0000000704800000, 0x0000000704800000| Untracked 
|   3|0x0000000704900000, 0x0000000704900000, 0x0000000704a00000|  0%| F|  |TAMS 0x0000000704900000, 0x0000000704900000| Untracked 
|   4|0x0000000704a00000, 0x0000000704a00000, 0x0000000704b00000|  0%| F|  |TAMS 0x0000000704a00000, 0x0000000704a00000| Untracked 
|   5|0x0000000704b00000, 0x0000000704b00000, 0x0000000704c00000|  0%| F|  |TAMS 0x0000000704b00000, 0x0000000704b00000| Untracked 
|   6|0x0000000704c00000, 0x0000000704c00000, 0x0000000704d00000|  0%| F|  |TAMS 0x0000000704c00000, 0x0000000704c00000| Untracked 
|   7|0x0000000704d00000, 0x0000000704d00000, 0x0000000704e00000|  0%| F|  |TAMS 0x0000000704d00000, 0x0000000704d00000| Untracked 
|   8|0x0000000704e00000, 0x0000000704e00000, 0x0000000704f00000|  0%| F|  |TAMS 0x0000000704e00000, 0x0000000704e00000| Untracked 
|   9|0x0000000704f00000, 0x0000000704f00000, 0x0000000705000000|  0%| F|  |TAMS 0x0000000704f00000, 0x0000000704f00000| Untracked 
|  10|0x0000000705000000, 0x0000000705000000, 0x0000000705100000|  0%| F|  |TAMS 0x0000000705000000, 0x0000000705000000| Untracked 
|  11|0x0000000705100000, 0x0000000705100000, 0x0000000705200000|  0%| F|  |TAMS 0x0000000705100000, 0x0000000705100000| Untracked 
|  12|0x0000000705200000, 0x0000000705200000, 0x0000000705300000|  0%| F|  |TAMS 0x0000000705200000, 0x0000000705200000| Untracked 
|  13|0x0000000705300000, 0x0000000705300000, 0x0000000705400000|  0%| F|  |TAMS 0x0000000705300000, 0x0000000705300000| Untracked 
|  14|0x0000000705400000, 0x0000000705400000, 0x0000000705500000|  0%| F|  |TAMS 0x0000000705400000, 0x0000000705400000| Untracked 
|  15|0x0000000705500000, 0x0000000705500000, 0x0000000705600000|  0%| F|  |TAMS 0x0000000705500000, 0x0000000705500000| Untracked 
|  16|0x0000000705600000, 0x0000000705600000, 0x0000000705700000|  0%| F|  |TAMS 0x0000000705600000, 0x0000000705600000| Untracked 
|  17|0x0000000705700000, 0x0000000705700000, 0x0000000705800000|  0%| F|  |TAMS 0x0000000705700000, 0x0000000705700000| Untracked 
|  18|0x0000000705800000, 0x0000000705800000, 0x0000000705900000|  0%| F|  |TAMS 0x0000000705800000, 0x0000000705800000| Untracked 
|  19|0x0000000705900000, 0x0000000705900000, 0x0000000705a00000|  0%| F|  |TAMS 0x0000000705900000, 0x0000000705900000| Untracked 
|  20|0x0000000705a00000, 0x0000000705a00000, 0x0000000705b00000|  0%| F|  |TAMS 0x0000000705a00000, 0x0000000705a00000| Untracked 
|  21|0x0000000705b00000, 0x0000000705b00000, 0x0000000705c00000|  0%| F|  |TAMS 0x0000000705b00000, 0x0000000705b00000| Untracked 
|  22|0x0000000705c00000, 0x0000000705c00000, 0x0000000705d00000|  0%| F|  |TAMS 0x0000000705c00000, 0x0000000705c00000| Untracked 
|  23|0x0000000705d00000, 0x0000000705d00000, 0x0000000705e00000|  0%| F|  |TAMS 0x0000000705d00000, 0x0000000705d00000| Untracked 
|  24|0x0000000705e00000, 0x0000000705e00000, 0x0000000705f00000|  0%| F|  |TAMS 0x0000000705e00000, 0x0000000705e00000| Untracked 
|  25|0x0000000705f00000, 0x0000000705f00000, 0x0000000706000000|  0%| F|  |TAMS 0x0000000705f00000, 0x0000000705f00000| Untracked 
|  26|0x0000000706000000, 0x0000000706000000, 0x0000000706100000|  0%| F|  |TAMS 0x0000000706000000, 0x0000000706000000| Untracked 
|  27|0x0000000706100000, 0x0000000706100000, 0x0000000706200000|  0%| F|  |TAMS 0x0000000706100000, 0x0000000706100000| Untracked 
|  28|0x0000000706200000, 0x0000000706200000, 0x0000000706300000|  0%| F|  |TAMS 0x0000000706200000, 0x0000000706200000| Untracked 
|  29|0x0000000706300000, 0x0000000706300000, 0x0000000706400000|  0%| F|  |TAMS 0x0000000706300000, 0x0000000706300000| Untracked 
|  30|0x0000000706400000, 0x0000000706400000, 0x0000000706500000|  0%| F|  |TAMS 0x0000000706400000, 0x0000000706400000| Untracked 
|  31|0x0000000706500000, 0x0000000706500000, 0x0000000706600000|  0%| F|  |TAMS 0x0000000706500000, 0x0000000706500000| Untracked 
|  32|0x0000000706600000, 0x0000000706600000, 0x0000000706700000|  0%| F|  |TAMS 0x0000000706600000, 0x0000000706600000| Untracked 
|  33|0x0000000706700000, 0x0000000706700000, 0x0000000706800000|  0%| F|  |TAMS 0x0000000706700000, 0x0000000706700000| Untracked 
|  34|0x0000000706800000, 0x0000000706800000, 0x0000000706900000|  0%| F|  |TAMS 0x0000000706800000, 0x0000000706800000| Untracked 
|  35|0x0000000706900000, 0x0000000706900000, 0x0000000706a00000|  0%| F|  |TAMS 0x0000000706900000, 0x0000000706900000| Untracked 
|  36|0x0000000706a00000, 0x0000000706a00000, 0x0000000706b00000|  0%| F|  |TAMS 0x0000000706a00000, 0x0000000706a00000| Untracked 
|  37|0x0000000706b00000, 0x0000000706b00000, 0x0000000706c00000|  0%| F|  |TAMS 0x0000000706b00000, 0x0000000706b00000| Untracked 
|  38|0x0000000706c00000, 0x0000000706c00000, 0x0000000706d00000|  0%| F|  |TAMS 0x0000000706c00000, 0x0000000706c00000| Untracked 
|  39|0x0000000706d00000, 0x0000000706d00000, 0x0000000706e00000|  0%| F|  |TAMS 0x0000000706d00000, 0x0000000706d00000| Untracked 
|  40|0x0000000706e00000, 0x0000000706e00000, 0x0000000706f00000|  0%| F|  |TAMS 0x0000000706e00000, 0x0000000706e00000| Untracked 
|  41|0x0000000706f00000, 0x0000000706f00000, 0x0000000707000000|  0%| F|  |TAMS 0x0000000706f00000, 0x0000000706f00000| Untracked 
|  42|0x0000000707000000, 0x0000000707000000, 0x0000000707100000|  0%| F|  |TAMS 0x0000000707000000, 0x0000000707000000| Untracked 
|  43|0x0000000707100000, 0x0000000707100000, 0x0000000707200000|  0%| F|  |TAMS 0x0000000707100000, 0x0000000707100000| Untracked 
|  44|0x0000000707200000, 0x0000000707200000, 0x0000000707300000|  0%| F|  |TAMS 0x0000000707200000, 0x0000000707200000| Untracked 
|  45|0x0000000707300000, 0x0000000707300000, 0x0000000707400000|  0%| F|  |TAMS 0x0000000707300000, 0x0000000707300000| Untracked 
|  46|0x0000000707400000, 0x0000000707400000, 0x0000000707500000|  0%| F|  |TAMS 0x0000000707400000, 0x0000000707400000| Untracked 
|  47|0x0000000707500000, 0x0000000707500000, 0x0000000707600000|  0%| F|  |TAMS 0x0000000707500000, 0x0000000707500000| Untracked 
|  48|0x0000000707600000, 0x0000000707600000, 0x0000000707700000|  0%| F|  |TAMS 0x0000000707600000, 0x0000000707600000| Untracked 
|  49|0x0000000707700000, 0x0000000707700000, 0x0000000707800000|  0%| F|  |TAMS 0x0000000707700000, 0x0000000707700000| Untracked 
|  50|0x0000000707800000, 0x0000000707800000, 0x0000000707900000|  0%| F|  |TAMS 0x0000000707800000, 0x0000000707800000| Untracked 
|  51|0x0000000707900000, 0x0000000707900000, 0x0000000707a00000|  0%| F|  |TAMS 0x0000000707900000, 0x0000000707900000| Untracked 
|  52|0x0000000707a00000, 0x0000000707a00000, 0x0000000707b00000|  0%| F|  |TAMS 0x0000000707a00000, 0x0000000707a00000| Untracked 
|  53|0x0000000707b00000, 0x0000000707b00000, 0x0000000707c00000|  0%| F|  |TAMS 0x0000000707b00000, 0x0000000707b00000| Untracked 
|  54|0x0000000707c00000, 0x0000000707c00000, 0x0000000707d00000|  0%| F|  |TAMS 0x0000000707c00000, 0x0000000707c00000| Untracked 
|  55|0x0000000707d00000, 0x0000000707d00000, 0x0000000707e00000|  0%| F|  |TAMS 0x0000000707d00000, 0x0000000707d00000| Untracked 
|  56|0x0000000707e00000, 0x0000000707e00000, 0x0000000707f00000|  0%| F|  |TAMS 0x0000000707e00000, 0x0000000707e00000| Untracked 
|  57|0x0000000707f00000, 0x0000000707f00000, 0x0000000708000000|  0%| F|  |TAMS 0x0000000707f00000, 0x0000000707f00000| Untracked 
|  58|0x0000000708000000, 0x0000000708000000, 0x0000000708100000|  0%| F|  |TAMS 0x0000000708000000, 0x0000000708000000| Untracked 
|  59|0x0000000708100000, 0x0000000708100000, 0x0000000708200000|  0%| F|  |TAMS 0x0000000708100000, 0x0000000708100000| Untracked 
|  60|0x0000000708200000, 0x0000000708200000, 0x0000000708300000|  0%| F|  |TAMS 0x0000000708200000, 0x0000000708200000| Untracked 
|  61|0x0000000708300000, 0x0000000708300000, 0x0000000708400000|  0%| F|  |TAMS 0x0000000708300000, 0x0000000708300000| Untracked 
|  62|0x0000000708400000, 0x0000000708400000, 0x0000000708500000|  0%| F|  |TAMS 0x0000000708400000, 0x0000000708400000| Untracked 
|  63|0x0000000708500000, 0x0000000708500000, 0x0000000708600000|  0%| F|  |TAMS 0x0000000708500000, 0x0000000708500000| Untracked 
|  64|0x0000000708600000, 0x0000000708600000, 0x0000000708700000|  0%| F|  |TAMS 0x0000000708600000, 0x0000000708600000| Untracked 
|  65|0x0000000708700000, 0x0000000708700000, 0x0000000708800000|  0%| F|  |TAMS 0x0000000708700000, 0x0000000708700000| Untracked 
|  66|0x0000000708800000, 0x0000000708800000, 0x0000000708900000|  0%| F|  |TAMS 0x0000000708800000, 0x0000000708800000| Untracked 
|  67|0x0000000708900000, 0x0000000708900000, 0x0000000708a00000|  0%| F|  |TAMS 0x0000000708900000, 0x0000000708900000| Untracked 
|  68|0x0000000708a00000, 0x0000000708a00000, 0x0000000708b00000|  0%| F|  |TAMS 0x0000000708a00000, 0x0000000708a00000| Untracked 
|  69|0x0000000708b00000, 0x0000000708b00000, 0x0000000708c00000|  0%| F|  |TAMS 0x0000000708b00000, 0x0000000708b00000| Untracked 
|  70|0x0000000708c00000, 0x0000000708c00000, 0x0000000708d00000|  0%| F|  |TAMS 0x0000000708c00000, 0x0000000708c00000| Untracked 
|  71|0x0000000708d00000, 0x0000000708d00000, 0x0000000708e00000|  0%| F|  |TAMS 0x0000000708d00000, 0x0000000708d00000| Untracked 
|  72|0x0000000708e00000, 0x0000000708e00000, 0x0000000708f00000|  0%| F|  |TAMS 0x0000000708e00000, 0x0000000708e00000| Untracked 
|  73|0x0000000708f00000, 0x0000000708f00000, 0x0000000709000000|  0%| F|  |TAMS 0x0000000708f00000, 0x0000000708f00000| Untracked 
|  74|0x0000000709000000, 0x0000000709000000, 0x0000000709100000|  0%| F|  |TAMS 0x0000000709000000, 0x0000000709000000| Untracked 
|  75|0x0000000709100000, 0x0000000709100000, 0x0000000709200000|  0%| F|  |TAMS 0x0000000709100000, 0x0000000709100000| Untracked 
|  76|0x0000000709200000, 0x0000000709200000, 0x0000000709300000|  0%| F|  |TAMS 0x0000000709200000, 0x0000000709200000| Untracked 
|  77|0x0000000709300000, 0x0000000709300000, 0x0000000709400000|  0%| F|  |TAMS 0x0000000709300000, 0x0000000709300000| Untracked 
|  78|0x0000000709400000, 0x0000000709400000, 0x0000000709500000|  0%| F|  |TAMS 0x0000000709400000, 0x0000000709400000| Untracked 
|  79|0x0000000709500000, 0x0000000709500000, 0x0000000709600000|  0%| F|  |TAMS 0x0000000709500000, 0x0000000709500000| Untracked 
|  80|0x0000000709600000, 0x0000000709600000, 0x0000000709700000|  0%| F|  |TAMS 0x0000000709600000, 0x0000000709600000| Untracked 
|  81|0x0000000709700000, 0x0000000709700000, 0x0000000709800000|  0%| F|  |TAMS 0x0000000709700000, 0x0000000709700000| Untracked 
|  82|0x0000000709800000, 0x0000000709800000, 0x0000000709900000|  0%| F|  |TAMS 0x0000000709800000, 0x0000000709800000| Untracked 
|  83|0x0000000709900000, 0x0000000709900000, 0x0000000709a00000|  0%| F|  |TAMS 0x0000000709900000, 0x0000000709900000| Untracked 
|  84|0x0000000709a00000, 0x0000000709a00000, 0x0000000709b00000|  0%| F|  |TAMS 0x0000000709a00000, 0x0000000709a00000| Untracked 
|  85|0x0000000709b00000, 0x0000000709b00000, 0x0000000709c00000|  0%| F|  |TAMS 0x0000000709b00000, 0x0000000709b00000| Untracked 
|  86|0x0000000709c00000, 0x0000000709c00000, 0x0000000709d00000|  0%| F|  |TAMS 0x0000000709c00000, 0x0000000709c00000| Untracked 
|  87|0x0000000709d00000, 0x0000000709d00000, 0x0000000709e00000|  0%| F|  |TAMS 0x0000000709d00000, 0x0000000709d00000| Untracked 
|  88|0x0000000709e00000, 0x0000000709e00000, 0x0000000709f00000|  0%| F|  |TAMS 0x0000000709e00000, 0x0000000709e00000| Untracked 
|  89|0x0000000709f00000, 0x0000000709f00000, 0x000000070a000000|  0%| F|  |TAMS 0x0000000709f00000, 0x0000000709f00000| Untracked 
|  90|0x000000070a000000, 0x000000070a000000, 0x000000070a100000|  0%| F|  |TAMS 0x000000070a000000, 0x000000070a000000| Untracked 
|  91|0x000000070a100000, 0x000000070a100000, 0x000000070a200000|  0%| F|  |TAMS 0x000000070a100000, 0x000000070a100000| Untracked 
|  92|0x000000070a200000, 0x000000070a200000, 0x000000070a300000|  0%| F|  |TAMS 0x000000070a200000, 0x000000070a200000| Untracked 
|  93|0x000000070a300000, 0x000000070a300000, 0x000000070a400000|  0%| F|  |TAMS 0x000000070a300000, 0x000000070a300000| Untracked 
|  94|0x000000070a400000, 0x000000070a400000, 0x000000070a500000|  0%| F|  |TAMS 0x000000070a400000, 0x000000070a400000| Untracked 
|  95|0x000000070a500000, 0x000000070a500000, 0x000000070a600000|  0%| F|  |TAMS 0x000000070a500000, 0x000000070a500000| Untracked 
|  96|0x000000070a600000, 0x000000070a600000, 0x000000070a700000|  0%| F|  |TAMS 0x000000070a600000, 0x000000070a600000| Untracked 
|  97|0x000000070a700000, 0x000000070a700000, 0x000000070a800000|  0%| F|  |TAMS 0x000000070a700000, 0x000000070a700000| Untracked 
|  98|0x000000070a800000, 0x000000070a800000, 0x000000070a900000|  0%| F|  |TAMS 0x000000070a800000, 0x000000070a800000| Untracked 
|  99|0x000000070a900000, 0x000000070a900000, 0x000000070aa00000|  0%| F|  |TAMS 0x000000070a900000, 0x000000070a900000| Untracked 
| 100|0x000000070aa00000, 0x000000070aa00000, 0x000000070ab00000|  0%| F|  |TAMS 0x000000070aa00000, 0x000000070aa00000| Untracked 
| 101|0x000000070ab00000, 0x000000070ab00000, 0x000000070ac00000|  0%| F|  |TAMS 0x000000070ab00000, 0x000000070ab00000| Untracked 
| 102|0x000000070ac00000, 0x000000070ac00000, 0x000000070ad00000|  0%| F|  |TAMS 0x000000070ac00000, 0x000000070ac00000| Untracked 
| 103|0x000000070ad00000, 0x000000070ad00000, 0x000000070ae00000|  0%| F|  |TAMS 0x000000070ad00000, 0x000000070ad00000| Untracked 
| 104|0x000000070ae00000, 0x000000070ae00000, 0x000000070af00000|  0%| F|  |TAMS 0x000000070ae00000, 0x000000070ae00000| Untracked 
| 105|0x000000070af00000, 0x000000070af00000, 0x000000070b000000|  0%| F|  |TAMS 0x000000070af00000, 0x000000070af00000| Untracked 
| 106|0x000000070b000000, 0x000000070b000000, 0x000000070b100000|  0%| F|  |TAMS 0x000000070b000000, 0x000000070b000000| Untracked 
| 107|0x000000070b100000, 0x000000070b100000, 0x000000070b200000|  0%| F|  |TAMS 0x000000070b100000, 0x000000070b100000| Untracked 
| 108|0x000000070b200000, 0x000000070b200000, 0x000000070b300000|  0%| F|  |TAMS 0x000000070b200000, 0x000000070b200000| Untracked 
| 109|0x000000070b300000, 0x000000070b300000, 0x000000070b400000|  0%| F|  |TAMS 0x000000070b300000, 0x000000070b300000| Untracked 
| 110|0x000000070b400000, 0x000000070b400000, 0x000000070b500000|  0%| F|  |TAMS 0x000000070b400000, 0x000000070b400000| Untracked 
| 111|0x000000070b500000, 0x000000070b500000, 0x000000070b600000|  0%| F|  |TAMS 0x000000070b500000, 0x000000070b500000| Untracked 
| 112|0x000000070b600000, 0x000000070b600000, 0x000000070b700000|  0%| F|  |TAMS 0x000000070b600000, 0x000000070b600000| Untracked 
| 113|0x000000070b700000, 0x000000070b700000, 0x000000070b800000|  0%| F|  |TAMS 0x000000070b700000, 0x000000070b700000| Untracked 
| 114|0x000000070b800000, 0x000000070b800000, 0x000000070b900000|  0%| F|  |TAMS 0x000000070b800000, 0x000000070b800000| Untracked 
| 115|0x000000070b900000, 0x000000070b900000, 0x000000070ba00000|  0%| F|  |TAMS 0x000000070b900000, 0x000000070b900000| Untracked 
| 116|0x000000070ba00000, 0x000000070ba00000, 0x000000070bb00000|  0%| F|  |TAMS 0x000000070ba00000, 0x000000070ba00000| Untracked 
| 117|0x000000070bb00000, 0x000000070bb00000, 0x000000070bc00000|  0%| F|  |TAMS 0x000000070bb00000, 0x000000070bb00000| Untracked 
| 118|0x000000070bc00000, 0x000000070bc00000, 0x000000070bd00000|  0%| F|  |TAMS 0x000000070bc00000, 0x000000070bc00000| Untracked 
| 119|0x000000070bd00000, 0x000000070bd00000, 0x000000070be00000|  0%| F|  |TAMS 0x000000070bd00000, 0x000000070bd00000| Untracked 
| 120|0x000000070be00000, 0x000000070be00000, 0x000000070bf00000|  0%| F|  |TAMS 0x000000070be00000, 0x000000070be00000| Untracked 
| 121|0x000000070bf00000, 0x000000070bf00000, 0x000000070c000000|  0%| F|  |TAMS 0x000000070bf00000, 0x000000070bf00000| Untracked 
| 122|0x000000070c000000, 0x000000070c000000, 0x000000070c100000|  0%| F|  |TAMS 0x000000070c000000, 0x000000070c000000| Untracked 
| 123|0x000000070c100000, 0x000000070c100000, 0x000000070c200000|  0%| F|  |TAMS 0x000000070c100000, 0x000000070c100000| Untracked 
| 124|0x000000070c200000, 0x000000070c200000, 0x000000070c300000|  0%| F|  |TAMS 0x000000070c200000, 0x000000070c200000| Untracked 
| 125|0x000000070c300000, 0x000000070c300000, 0x000000070c400000|  0%| F|  |TAMS 0x000000070c300000, 0x000000070c300000| Untracked 
| 126|0x000000070c400000, 0x000000070c400000, 0x000000070c500000|  0%| F|  |TAMS 0x000000070c400000, 0x000000070c400000| Untracked 
| 127|0x000000070c500000, 0x000000070c500000, 0x000000070c600000|  0%| F|  |TAMS 0x000000070c500000, 0x000000070c500000| Untracked 
| 128|0x000000070c600000, 0x000000070c600000, 0x000000070c700000|  0%| F|  |TAMS 0x000000070c600000, 0x000000070c600000| Untracked 
| 129|0x000000070c700000, 0x000000070c700000, 0x000000070c800000|  0%| F|  |TAMS 0x000000070c700000, 0x000000070c700000| Untracked 
| 130|0x000000070c800000, 0x000000070c800000, 0x000000070c900000|  0%| F|  |TAMS 0x000000070c800000, 0x000000070c800000| Untracked 
| 131|0x000000070c900000, 0x000000070c900000, 0x000000070ca00000|  0%| F|  |TAMS 0x000000070c900000, 0x000000070c900000| Untracked 
| 132|0x000000070ca00000, 0x000000070ca00000, 0x000000070cb00000|  0%| F|  |TAMS 0x000000070ca00000, 0x000000070ca00000| Untracked 
| 133|0x000000070cb00000, 0x000000070cb00000, 0x000000070cc00000|  0%| F|  |TAMS 0x000000070cb00000, 0x000000070cb00000| Untracked 
| 134|0x000000070cc00000, 0x000000070cc00000, 0x000000070cd00000|  0%| F|  |TAMS 0x000000070cc00000, 0x000000070cc00000| Untracked 
| 135|0x000000070cd00000, 0x000000070cd00000, 0x000000070ce00000|  0%| F|  |TAMS 0x000000070cd00000, 0x000000070cd00000| Untracked 
| 136|0x000000070ce00000, 0x000000070ce00000, 0x000000070cf00000|  0%| F|  |TAMS 0x000000070ce00000, 0x000000070ce00000| Untracked 
| 137|0x000000070cf00000, 0x000000070cf00000, 0x000000070d000000|  0%| F|  |TAMS 0x000000070cf00000, 0x000000070cf00000| Untracked 
| 138|0x000000070d000000, 0x000000070d000000, 0x000000070d100000|  0%| F|  |TAMS 0x000000070d000000, 0x000000070d000000| Untracked 
| 139|0x000000070d100000, 0x000000070d100000, 0x000000070d200000|  0%| F|  |TAMS 0x000000070d100000, 0x000000070d100000| Untracked 
| 140|0x000000070d200000, 0x000000070d200000, 0x000000070d300000|  0%| F|  |TAMS 0x000000070d200000, 0x000000070d200000| Untracked 
| 141|0x000000070d300000, 0x000000070d300000, 0x000000070d400000|  0%| F|  |TAMS 0x000000070d300000, 0x000000070d300000| Untracked 
| 142|0x000000070d400000, 0x000000070d400000, 0x000000070d500000|  0%| F|  |TAMS 0x000000070d400000, 0x000000070d400000| Untracked 
| 143|0x000000070d500000, 0x000000070d500000, 0x000000070d600000|  0%| F|  |TAMS 0x000000070d500000, 0x000000070d500000| Untracked 
| 144|0x000000070d600000, 0x000000070d600000, 0x000000070d700000|  0%| F|  |TAMS 0x000000070d600000, 0x000000070d600000| Untracked 
| 145|0x000000070d700000, 0x000000070d700000, 0x000000070d800000|  0%| F|  |TAMS 0x000000070d700000, 0x000000070d700000| Untracked 
| 146|0x000000070d800000, 0x000000070d800000, 0x000000070d900000|  0%| F|  |TAMS 0x000000070d800000, 0x000000070d800000| Untracked 
| 147|0x000000070d900000, 0x000000070d900000, 0x000000070da00000|  0%| F|  |TAMS 0x000000070d900000, 0x000000070d900000| Untracked 
| 148|0x000000070da00000, 0x000000070da00000, 0x000000070db00000|  0%| F|  |TAMS 0x000000070da00000, 0x000000070da00000| Untracked 
| 149|0x000000070db00000, 0x000000070db00000, 0x000000070dc00000|  0%| F|  |TAMS 0x000000070db00000, 0x000000070db00000| Untracked 
| 150|0x000000070dc00000, 0x000000070dc00000, 0x000000070dd00000|  0%| F|  |TAMS 0x000000070dc00000, 0x000000070dc00000| Untracked 
| 151|0x000000070dd00000, 0x000000070dd00000, 0x000000070de00000|  0%| F|  |TAMS 0x000000070dd00000, 0x000000070dd00000| Untracked 
| 152|0x000000070de00000, 0x000000070de00000, 0x000000070df00000|  0%| F|  |TAMS 0x000000070de00000, 0x000000070de00000| Untracked 
| 153|0x000000070df00000, 0x000000070df00000, 0x000000070e000000|  0%| F|  |TAMS 0x000000070df00000, 0x000000070df00000| Untracked 
| 154|0x000000070e000000, 0x000000070e000000, 0x000000070e100000|  0%| F|  |TAMS 0x000000070e000000, 0x000000070e000000| Untracked 
| 155|0x000000070e100000, 0x000000070e100000, 0x000000070e200000|  0%| F|  |TAMS 0x000000070e100000, 0x000000070e100000| Untracked 
| 156|0x000000070e200000, 0x000000070e200000, 0x000000070e300000|  0%| F|  |TAMS 0x000000070e200000, 0x000000070e200000| Untracked 
| 157|0x000000070e300000, 0x000000070e300000, 0x000000070e400000|  0%| F|  |TAMS 0x000000070e300000, 0x000000070e300000| Untracked 
| 158|0x000000070e400000, 0x000000070e400000, 0x000000070e500000|  0%| F|  |TAMS 0x000000070e400000, 0x000000070e400000| Untracked 
| 159|0x000000070e500000, 0x000000070e500000, 0x000000070e600000|  0%| F|  |TAMS 0x000000070e500000, 0x000000070e500000| Untracked 
| 160|0x000000070e600000, 0x000000070e600000, 0x000000070e700000|  0%| F|  |TAMS 0x000000070e600000, 0x000000070e600000| Untracked 
| 161|0x000000070e700000, 0x000000070e700000, 0x000000070e800000|  0%| F|  |TAMS 0x000000070e700000, 0x000000070e700000| Untracked 
| 162|0x000000070e800000, 0x000000070e800000, 0x000000070e900000|  0%| F|  |TAMS 0x000000070e800000, 0x000000070e800000| Untracked 
| 163|0x000000070e900000, 0x000000070e900000, 0x000000070ea00000|  0%| F|  |TAMS 0x000000070e900000, 0x000000070e900000| Untracked 
| 164|0x000000070ea00000, 0x000000070ea00000, 0x000000070eb00000|  0%| F|  |TAMS 0x000000070ea00000, 0x000000070ea00000| Untracked 
| 165|0x000000070eb00000, 0x000000070eb00000, 0x000000070ec00000|  0%| F|  |TAMS 0x000000070eb00000, 0x000000070eb00000| Untracked 
| 166|0x000000070ec00000, 0x000000070ec00000, 0x000000070ed00000|  0%| F|  |TAMS 0x000000070ec00000, 0x000000070ec00000| Untracked 
| 167|0x000000070ed00000, 0x000000070ed00000, 0x000000070ee00000|  0%| F|  |TAMS 0x000000070ed00000, 0x000000070ed00000| Untracked 
| 168|0x000000070ee00000, 0x000000070ee00000, 0x000000070ef00000|  0%| F|  |TAMS 0x000000070ee00000, 0x000000070ee00000| Untracked 
| 169|0x000000070ef00000, 0x000000070ef00000, 0x000000070f000000|  0%| F|  |TAMS 0x000000070ef00000, 0x000000070ef00000| Untracked 
| 170|0x000000070f000000, 0x000000070f000000, 0x000000070f100000|  0%| F|  |TAMS 0x000000070f000000, 0x000000070f000000| Untracked 
| 171|0x000000070f100000, 0x000000070f100000, 0x000000070f200000|  0%| F|  |TAMS 0x000000070f100000, 0x000000070f100000| Untracked 
| 172|0x000000070f200000, 0x000000070f200000, 0x000000070f300000|  0%| F|  |TAMS 0x000000070f200000, 0x000000070f200000| Untracked 
| 173|0x000000070f300000, 0x000000070f300000, 0x000000070f400000|  0%| F|  |TAMS 0x000000070f300000, 0x000000070f300000| Untracked 
| 174|0x000000070f400000, 0x000000070f400000, 0x000000070f500000|  0%| F|  |TAMS 0x000000070f400000, 0x000000070f400000| Untracked 
| 175|0x000000070f500000, 0x000000070f500000, 0x000000070f600000|  0%| F|  |TAMS 0x000000070f500000, 0x000000070f500000| Untracked 
| 176|0x000000070f600000, 0x000000070f600000, 0x000000070f700000|  0%| F|  |TAMS 0x000000070f600000, 0x000000070f600000| Untracked 
| 177|0x000000070f700000, 0x000000070f700000, 0x000000070f800000|  0%| F|  |TAMS 0x000000070f700000, 0x000000070f700000| Untracked 
| 178|0x000000070f800000, 0x000000070f800000, 0x000000070f900000|  0%| F|  |TAMS 0x000000070f800000, 0x000000070f800000| Untracked 
| 179|0x000000070f900000, 0x000000070f900000, 0x000000070fa00000|  0%| F|  |TAMS 0x000000070f900000, 0x000000070f900000| Untracked 
| 180|0x000000070fa00000, 0x000000070fa00000, 0x000000070fb00000|  0%| F|  |TAMS 0x000000070fa00000, 0x000000070fa00000| Untracked 
| 181|0x000000070fb00000, 0x000000070fb00000, 0x000000070fc00000|  0%| F|  |TAMS 0x000000070fb00000, 0x000000070fb00000| Untracked 
| 182|0x000000070fc00000, 0x000000070fc00000, 0x000000070fd00000|  0%| F|  |TAMS 0x000000070fc00000, 0x000000070fc00000| Untracked 
| 183|0x000000070fd00000, 0x000000070fd00000, 0x000000070fe00000|  0%| F|  |TAMS 0x000000070fd00000, 0x000000070fd00000| Untracked 
| 184|0x000000070fe00000, 0x000000070fe00000, 0x000000070ff00000|  0%| F|  |TAMS 0x000000070fe00000, 0x000000070fe00000| Untracked 
| 185|0x000000070ff00000, 0x000000070ff00000, 0x0000000710000000|  0%| F|  |TAMS 0x000000070ff00000, 0x000000070ff00000| Untracked 
| 186|0x0000000710000000, 0x0000000710000000, 0x0000000710100000|  0%| F|  |TAMS 0x0000000710000000, 0x0000000710000000| Untracked 
| 187|0x0000000710100000, 0x0000000710100000, 0x0000000710200000|  0%| F|  |TAMS 0x0000000710100000, 0x0000000710100000| Untracked 
| 188|0x0000000710200000, 0x0000000710200000, 0x0000000710300000|  0%| F|  |TAMS 0x0000000710200000, 0x0000000710200000| Untracked 
| 189|0x0000000710300000, 0x0000000710300000, 0x0000000710400000|  0%| F|  |TAMS 0x0000000710300000, 0x0000000710300000| Untracked 
| 190|0x0000000710400000, 0x0000000710400000, 0x0000000710500000|  0%| F|  |TAMS 0x0000000710400000, 0x0000000710400000| Untracked 
| 191|0x0000000710500000, 0x0000000710500000, 0x0000000710600000|  0%| F|  |TAMS 0x0000000710500000, 0x0000000710500000| Untracked 
| 192|0x0000000710600000, 0x0000000710600000, 0x0000000710700000|  0%| F|  |TAMS 0x0000000710600000, 0x0000000710600000| Untracked 
| 193|0x0000000710700000, 0x0000000710700000, 0x0000000710800000|  0%| F|  |TAMS 0x0000000710700000, 0x0000000710700000| Untracked 
| 194|0x0000000710800000, 0x0000000710800000, 0x0000000710900000|  0%| F|  |TAMS 0x0000000710800000, 0x0000000710800000| Untracked 
| 195|0x0000000710900000, 0x0000000710900000, 0x0000000710a00000|  0%| F|  |TAMS 0x0000000710900000, 0x0000000710900000| Untracked 
| 196|0x0000000710a00000, 0x0000000710a00000, 0x0000000710b00000|  0%| F|  |TAMS 0x0000000710a00000, 0x0000000710a00000| Untracked 
| 197|0x0000000710b00000, 0x0000000710b00000, 0x0000000710c00000|  0%| F|  |TAMS 0x0000000710b00000, 0x0000000710b00000| Untracked 
| 198|0x0000000710c00000, 0x0000000710c00000, 0x0000000710d00000|  0%| F|  |TAMS 0x0000000710c00000, 0x0000000710c00000| Untracked 
| 199|0x0000000710d00000, 0x0000000710d00000, 0x0000000710e00000|  0%| F|  |TAMS 0x0000000710d00000, 0x0000000710d00000| Untracked 
| 200|0x0000000710e00000, 0x0000000710e00000, 0x0000000710f00000|  0%| F|  |TAMS 0x0000000710e00000, 0x0000000710e00000| Untracked 
| 201|0x0000000710f00000, 0x0000000710f00000, 0x0000000711000000|  0%| F|  |TAMS 0x0000000710f00000, 0x0000000710f00000| Untracked 
| 202|0x0000000711000000, 0x0000000711000000, 0x0000000711100000|  0%| F|  |TAMS 0x0000000711000000, 0x0000000711000000| Untracked 
| 203|0x0000000711100000, 0x0000000711100000, 0x0000000711200000|  0%| F|  |TAMS 0x0000000711100000, 0x0000000711100000| Untracked 
| 204|0x0000000711200000, 0x0000000711200000, 0x0000000711300000|  0%| F|  |TAMS 0x0000000711200000, 0x0000000711200000| Untracked 
| 205|0x0000000711300000, 0x0000000711300000, 0x0000000711400000|  0%| F|  |TAMS 0x0000000711300000, 0x0000000711300000| Untracked 
| 206|0x0000000711400000, 0x0000000711400000, 0x0000000711500000|  0%| F|  |TAMS 0x0000000711400000, 0x0000000711400000| Untracked 
| 207|0x0000000711500000, 0x0000000711500000, 0x0000000711600000|  0%| F|  |TAMS 0x0000000711500000, 0x0000000711500000| Untracked 
| 208|0x0000000711600000, 0x0000000711600000, 0x0000000711700000|  0%| F|  |TAMS 0x0000000711600000, 0x0000000711600000| Untracked 
| 209|0x0000000711700000, 0x0000000711700000, 0x0000000711800000|  0%| F|  |TAMS 0x0000000711700000, 0x0000000711700000| Untracked 
| 210|0x0000000711800000, 0x0000000711800000, 0x0000000711900000|  0%| F|  |TAMS 0x0000000711800000, 0x0000000711800000| Untracked 
| 211|0x0000000711900000, 0x0000000711900000, 0x0000000711a00000|  0%| F|  |TAMS 0x0000000711900000, 0x0000000711900000| Untracked 
| 212|0x0000000711a00000, 0x0000000711a00000, 0x0000000711b00000|  0%| F|  |TAMS 0x0000000711a00000, 0x0000000711a00000| Untracked 
| 213|0x0000000711b00000, 0x0000000711b00000, 0x0000000711c00000|  0%| F|  |TAMS 0x0000000711b00000, 0x0000000711b00000| Untracked 
| 214|0x0000000711c00000, 0x0000000711c00000, 0x0000000711d00000|  0%| F|  |TAMS 0x0000000711c00000, 0x0000000711c00000| Untracked 
| 215|0x0000000711d00000, 0x0000000711d00000, 0x0000000711e00000|  0%| F|  |TAMS 0x0000000711d00000, 0x0000000711d00000| Untracked 
| 216|0x0000000711e00000, 0x0000000711e00000, 0x0000000711f00000|  0%| F|  |TAMS 0x0000000711e00000, 0x0000000711e00000| Untracked 
| 217|0x0000000711f00000, 0x0000000711f00000, 0x0000000712000000|  0%| F|  |TAMS 0x0000000711f00000, 0x0000000711f00000| Untracked 
| 218|0x0000000712000000, 0x0000000712000000, 0x0000000712100000|  0%| F|  |TAMS 0x0000000712000000, 0x0000000712000000| Untracked 
| 219|0x0000000712100000, 0x0000000712100000, 0x0000000712200000|  0%| F|  |TAMS 0x0000000712100000, 0x0000000712100000| Untracked 
| 220|0x0000000712200000, 0x0000000712200000, 0x0000000712300000|  0%| F|  |TAMS 0x0000000712200000, 0x0000000712200000| Untracked 
| 221|0x0000000712300000, 0x0000000712300000, 0x0000000712400000|  0%| F|  |TAMS 0x0000000712300000, 0x0000000712300000| Untracked 
| 222|0x0000000712400000, 0x0000000712400000, 0x0000000712500000|  0%| F|  |TAMS 0x0000000712400000, 0x0000000712400000| Untracked 
| 223|0x0000000712500000, 0x0000000712500000, 0x0000000712600000|  0%| F|  |TAMS 0x0000000712500000, 0x0000000712500000| Untracked 
| 224|0x0000000712600000, 0x0000000712600000, 0x0000000712700000|  0%| F|  |TAMS 0x0000000712600000, 0x0000000712600000| Untracked 
| 225|0x0000000712700000, 0x0000000712700000, 0x0000000712800000|  0%| F|  |TAMS 0x0000000712700000, 0x0000000712700000| Untracked 
| 226|0x0000000712800000, 0x0000000712800000, 0x0000000712900000|  0%| F|  |TAMS 0x0000000712800000, 0x0000000712800000| Untracked 
| 227|0x0000000712900000, 0x0000000712900000, 0x0000000712a00000|  0%| F|  |TAMS 0x0000000712900000, 0x0000000712900000| Untracked 
| 228|0x0000000712a00000, 0x0000000712a00000, 0x0000000712b00000|  0%| F|  |TAMS 0x0000000712a00000, 0x0000000712a00000| Untracked 
| 229|0x0000000712b00000, 0x0000000712b00000, 0x0000000712c00000|  0%| F|  |TAMS 0x0000000712b00000, 0x0000000712b00000| Untracked 
| 230|0x0000000712c00000, 0x0000000712c7b660, 0x0000000712d00000| 48%| E|  |TAMS 0x0000000712c00000, 0x0000000712c00000| Complete 
| 231|0x0000000712d00000, 0x0000000712e00000, 0x0000000712e00000|100%| E|CS|TAMS 0x0000000712d00000, 0x0000000712d00000| Complete 
| 232|0x0000000712e00000, 0x0000000712f00000, 0x0000000712f00000|100%| E|CS|TAMS 0x0000000712e00000, 0x0000000712e00000| Complete 
| 233|0x0000000712f00000, 0x0000000713000000, 0x0000000713000000|100%| E|CS|TAMS 0x0000000712f00000, 0x0000000712f00000| Complete 
| 234|0x0000000713000000, 0x0000000713100000, 0x0000000713100000|100%| E|CS|TAMS 0x0000000713000000, 0x0000000713000000| Complete 
| 235|0x0000000713100000, 0x0000000713200000, 0x0000000713200000|100%| E|  |TAMS 0x0000000713100000, 0x0000000713100000| Complete 
| 236|0x0000000713200000, 0x0000000713300000, 0x0000000713300000|100%| E|CS|TAMS 0x0000000713200000, 0x0000000713200000| Complete 
| 237|0x0000000713300000, 0x0000000713400000, 0x0000000713400000|100%| E|CS|TAMS 0x0000000713300000, 0x0000000713300000| Complete 
| 238|0x0000000713400000, 0x0000000713500000, 0x0000000713500000|100%| E|CS|TAMS 0x0000000713400000, 0x0000000713400000| Complete 
| 239|0x0000000713500000, 0x0000000713600000, 0x0000000713600000|100%| E|CS|TAMS 0x0000000713500000, 0x0000000713500000| Complete 
| 240|0x0000000713600000, 0x0000000713700000, 0x0000000713700000|100%| E|CS|TAMS 0x0000000713600000, 0x0000000713600000| Complete 
| 241|0x0000000713700000, 0x0000000713800000, 0x0000000713800000|100%| E|CS|TAMS 0x0000000713700000, 0x0000000713700000| Complete 
| 242|0x0000000713800000, 0x0000000713900000, 0x0000000713900000|100%| E|CS|TAMS 0x0000000713800000, 0x0000000713800000| Complete 
| 243|0x0000000713900000, 0x0000000713a00000, 0x0000000713a00000|100%| E|CS|TAMS 0x0000000713900000, 0x0000000713900000| Complete 
| 244|0x0000000713a00000, 0x0000000713b00000, 0x0000000713b00000|100%| E|CS|TAMS 0x0000000713a00000, 0x0000000713a00000| Complete 
| 245|0x0000000713b00000, 0x0000000713c00000, 0x0000000713c00000|100%| E|CS|TAMS 0x0000000713b00000, 0x0000000713b00000| Complete 
| 246|0x0000000713c00000, 0x0000000713d00000, 0x0000000713d00000|100%| E|CS|TAMS 0x0000000713c00000, 0x0000000713c00000| Complete 
| 247|0x0000000713d00000, 0x0000000713e00000, 0x0000000713e00000|100%| E|CS|TAMS 0x0000000713d00000, 0x0000000713d00000| Complete 
| 248|0x0000000713e00000, 0x0000000713f00000, 0x0000000713f00000|100%| E|CS|TAMS 0x0000000713e00000, 0x0000000713e00000| Complete 
| 249|0x0000000713f00000, 0x0000000714000000, 0x0000000714000000|100%| E|CS|TAMS 0x0000000713f00000, 0x0000000713f00000| Complete 
| 250|0x0000000714000000, 0x0000000714100000, 0x0000000714100000|100%| E|CS|TAMS 0x0000000714000000, 0x0000000714000000| Complete 
| 251|0x0000000714100000, 0x0000000714200000, 0x0000000714200000|100%| E|CS|TAMS 0x0000000714100000, 0x0000000714100000| Complete 

Card table byte_map: [0x000002786b9c0000,0x000002786c1a0000] _byte_map_base: 0x000002786819d000

Marking Bits (Prev, Next): (CMBitMap*) 0x00000278520f2898, (CMBitMap*) 0x00000278520f28d0
 Prev Bits: [0x000002786c980000, 0x0000027870868000)
 Next Bits: [0x0000027870870000, 0x0000027874758000)

Polling page: 0x0000027851860000

Metaspace:

Usage:
  Non-class:      9.14 MB capacity,     8.96 MB ( 98%) used,   174.22 KB (  2%) free+waste,    13.00 KB ( <1%) overhead. 
      Class:    796.00 KB capacity,   746.17 KB ( 94%) used,    43.95 KB (  6%) free+waste,     5.88 KB ( <1%) overhead. 
       Both:      9.92 MB capacity,     9.69 MB ( 98%) used,   218.17 KB (  2%) free+waste,    18.88 KB ( <1%) overhead. 

Virtual space:
  Non-class space:       10.00 MB reserved,       9.25 MB ( 93%) committed 
      Class space:        1.00 GB reserved,     896.00 KB ( <1%) committed 
             Both:        1.01 GB reserved,      10.13 MB ( <1%) committed 

Chunk freelists:
   Non-Class:  108.00 KB
       Class:  4.00 KB
        Both:  112.00 KB

MaxMetaspaceSize: 17179869184.00 GB
CompressedClassSpaceSize: 1.00 GB
Initial GC threshold: 20.80 MB
Current GC threshold: 20.80 MB
CDS: off

CodeHeap 'non-profiled nmethods': size=120000Kb used=312Kb max_used=312Kb free=119687Kb
 bounds [0x0000027863980000, 0x0000027863bf0000, 0x000002786aeb0000]
CodeHeap 'profiled nmethods': size=120000Kb used=1547Kb max_used=1547Kb free=118452Kb
 bounds [0x000002785c450000, 0x000002785c6c0000, 0x0000027863980000]
CodeHeap 'non-nmethods': size=5760Kb used=1535Kb max_used=1547Kb free=4224Kb
 bounds [0x000002785beb0000, 0x000002785c120000, 0x000002785c450000]
 total_blobs=1771 nmethods=854 adapters=830
 compilation: enabled
              stopped_count=0, restarted_count=0
 full_count=0

Compilation events (20 events):
Event: 0.611 Thread 0x0000027877be7800 nmethod 843 0x00000278639ccc90 code [0x00000278639cce40, 0x00000278639ccef8]
Event: 0.611 Thread 0x0000027877be7800  845       3       java.lang.ClassLoader::getClassLoadingLock (35 bytes)
Event: 0.611 Thread 0x0000027877be7800 nmethod 845 0x000002785c5cd010 code [0x000002785c5cd1e0, 0x000002785c5cd4e8]
Event: 0.611 Thread 0x0000027877be7800  846       3       java.lang.ClassLoader::findLoadedClass (16 bytes)
Event: 0.611 Thread 0x0000027877be7800 nmethod 846 0x000002785c5cd690 code [0x000002785c5cd860, 0x000002785c5cda38]
Event: 0.611 Thread 0x0000027877be7800  848       3       jdk.internal.loader.BuiltinClassLoader::findLoadedModule (33 bytes)
Event: 0.612 Thread 0x0000027877d6f800 nmethod 844 0x00000278639cd490 code [0x00000278639cd620, 0x00000278639cd6d8]
Event: 0.612 Thread 0x0000027877be7800 nmethod 848 0x000002785c5cdb10 code [0x000002785c5cdd40, 0x000002785c5ce378]
Event: 0.613 Thread 0x0000027877be7800  849   !   3       jdk.internal.loader.BuiltinClassLoader::loadClassOrNull (143 bytes)
Event: 0.613 Thread 0x0000027877be2000  851       4       java.io.WinNTFileSystem::normalize (143 bytes)
Event: 0.613 Thread 0x0000027877be7800 nmethod 849 0x000002785c5ce610 code [0x000002785c5ce980, 0x000002785c5d01c8]
Event: 0.613 Thread 0x0000027877be7800  850       3       java.util.WeakHashMap::put (162 bytes)
Event: 0.614 Thread 0x0000027877be7800 nmethod 850 0x000002785c5d0b90 code [0x000002785c5d0e20, 0x000002785c5d1e18]
Event: 0.617 Thread 0x0000027877be2000 nmethod 851 0x00000278639cd790 code [0x00000278639cd960, 0x00000278639cdbc8]
Event: 0.620 Thread 0x0000027877d6f800  852   !   4       jdk.internal.loader.URLClassPath$JarLoader::ensureOpen (36 bytes)
Event: 0.620 Thread 0x0000027877be7800  853       3       sun.net.www.ParseUtil::encodePath (41 bytes)
Event: 0.620 Thread 0x0000027877be7800 nmethod 853 0x000002785c5d2310 code [0x000002785c5d24e0, 0x000002785c5d2728]
Event: 0.621 Thread 0x0000027877be7800  854       3       java.util.Collections$SetFromMap::add (22 bytes)
Event: 0.621 Thread 0x0000027877d6f800 nmethod 852 0x00000278639cde10 code [0x00000278639cdfc0, 0x00000278639ce108]
Event: 0.622 Thread 0x0000027877be7800 nmethod 854 0x000002785c5d2810 code [0x000002785c5d29e0, 0x000002785c5d2c28]

GC Heap History (0 events):
No events

Deoptimization events (20 events):
Event: 0.390 Thread 0x000002785208e800 DEOPT PACKING pc=0x000002785c546e7f sp=0x000000d55fbfc3c0
Event: 0.390 Thread 0x000002785208e800 DEOPT UNPACKING pc=0x000002785befa95e sp=0x000000d55fbfb810 mode 0
Event: 0.400 Thread 0x000002785208e800 DEOPT PACKING pc=0x000002785c546e7f sp=0x000000d55fbfbf20
Event: 0.400 Thread 0x000002785208e800 DEOPT UNPACKING pc=0x000002785befa95e sp=0x000000d55fbfb370 mode 0
Event: 0.401 Thread 0x000002785208e800 Uncommon trap: trap_request=0xffffffde fr.pc=0x00000278639a996c relative=0x000000000000048c
Event: 0.401 Thread 0x000002785208e800 Uncommon trap: reason=class_check action=maybe_recompile pc=0x00000278639a996c method=java.util.HashMap.getNode(ILjava/lang/Object;)Ljava/util/HashMap$Node; @ 59 c2
Event: 0.401 Thread 0x000002785208e800 DEOPT PACKING pc=0x00000278639a996c sp=0x000000d55fbfc150
Event: 0.401 Thread 0x000002785208e800 DEOPT UNPACKING pc=0x000002785befa1af sp=0x000000d55fbfc068 mode 2
Event: 0.421 Thread 0x000002785208e800 Uncommon trap: trap_request=0xffffffde fr.pc=0x00000278639a996c relative=0x000000000000048c
Event: 0.421 Thread 0x000002785208e800 Uncommon trap: reason=class_check action=maybe_recompile pc=0x00000278639a996c method=java.util.HashMap.getNode(ILjava/lang/Object;)Ljava/util/HashMap$Node; @ 59 c2
Event: 0.421 Thread 0x000002785208e800 DEOPT PACKING pc=0x00000278639a996c sp=0x000000d55fbfe1e0
Event: 0.421 Thread 0x000002785208e800 DEOPT UNPACKING pc=0x000002785befa1af sp=0x000000d55fbfe0f8 mode 2
Event: 0.544 Thread 0x000002785208e800 Uncommon trap: trap_request=0xffffffde fr.pc=0x00000278639a996c relative=0x000000000000048c
Event: 0.544 Thread 0x000002785208e800 Uncommon trap: reason=class_check action=maybe_recompile pc=0x00000278639a996c method=java.util.HashMap.getNode(ILjava/lang/Object;)Ljava/util/HashMap$Node; @ 59 c2
Event: 0.544 Thread 0x000002785208e800 DEOPT PACKING pc=0x00000278639a996c sp=0x000000d55fbfe3e0
Event: 0.544 Thread 0x000002785208e800 DEOPT UNPACKING pc=0x000002785befa1af sp=0x000000d55fbfe2f8 mode 2
Event: 0.555 Thread 0x000002785208e800 Uncommon trap: trap_request=0xffffff5c fr.pc=0x00000278639c9b80 relative=0x0000000000000060
Event: 0.555 Thread 0x000002785208e800 Uncommon trap: reason=speculate_null_assert action=make_not_entrant pc=0x00000278639c9b80 method=sun.misc.Unsafe.putLong(Ljava/lang/Object;JJ)V @ 7 c2
Event: 0.555 Thread 0x000002785208e800 DEOPT PACKING pc=0x00000278639c9b80 sp=0x000000d55fbff2f0
Event: 0.555 Thread 0x000002785208e800 DEOPT UNPACKING pc=0x000002785befa1af sp=0x000000d55fbff268 mode 2

Classes redefined (0 events):
No events

Internal exceptions (20 events):
Event: 0.419 Thread 0x000002785208e800 Exception <a 'java/security/PrivilegedActionException'{0x00000007130541f0}> (0x00000007130541f0) thrown at [./src/hotspot/share/prims/jvm.cpp, line 1306]
Event: 0.419 Thread 0x000002785208e800 Exception <a 'java/security/PrivilegedActionException'{0x00000007130544c0}> (0x00000007130544c0) thrown at [./src/hotspot/share/prims/jvm.cpp, line 1306]
Event: 0.424 Thread 0x000002785208e800 Exception <a 'sun/nio/fs/WindowsException'{0x0000000713087f58}> (0x0000000713087f58) thrown at [./src/hotspot/share/prims/jni.cpp, line 617]
Event: 0.424 Thread 0x000002785208e800 Exception <a 'sun/nio/fs/WindowsException'{0x00000007130882b8}> (0x00000007130882b8) thrown at [./src/hotspot/share/prims/jni.cpp, line 617]
Event: 0.546 Thread 0x000002785208e800 Exception <a 'sun/nio/fs/WindowsException'{0x0000000712f3ccf8}> (0x0000000712f3ccf8) thrown at [./src/hotspot/share/prims/jni.cpp, line 617]
Event: 0.546 Thread 0x000002785208e800 Exception <a 'sun/nio/fs/WindowsException'{0x0000000712f3d088}> (0x0000000712f3d088) thrown at [./src/hotspot/share/prims/jni.cpp, line 617]
Event: 0.549 Thread 0x000002785208e800 Exception <a 'sun/nio/fs/WindowsException'{0x0000000712f84fc0}> (0x0000000712f84fc0) thrown at [./src/hotspot/share/prims/jni.cpp, line 617]
Event: 0.549 Thread 0x000002785208e800 Exception <a 'sun/nio/fs/WindowsException'{0x0000000712f85290}> (0x0000000712f85290) thrown at [./src/hotspot/share/prims/jni.cpp, line 617]
Event: 0.550 Thread 0x000002785208e800 Exception <a 'java/security/PrivilegedActionException'{0x0000000712f9efd0}> (0x0000000712f9efd0) thrown at [./src/hotspot/share/prims/jvm.cpp, line 1306]
Event: 0.550 Thread 0x000002785208e800 Exception <a 'java/security/PrivilegedActionException'{0x0000000712f9f2a0}> (0x0000000712f9f2a0) thrown at [./src/hotspot/share/prims/jvm.cpp, line 1306]
Event: 0.550 Thread 0x000002785208e800 Exception <a 'java/security/PrivilegedActionException'{0x0000000712fa0c00}> (0x0000000712fa0c00) thrown at [./src/hotspot/share/prims/jvm.cpp, line 1306]
Event: 0.550 Thread 0x000002785208e800 Exception <a 'java/security/PrivilegedActionException'{0x0000000712fa0ed0}> (0x0000000712fa0ed0) thrown at [./src/hotspot/share/prims/jvm.cpp, line 1306]
Event: 0.550 Thread 0x000002785208e800 Exception <a 'java/security/PrivilegedActionException'{0x0000000712fb36c0}> (0x0000000712fb36c0) thrown at [./src/hotspot/share/prims/jvm.cpp, line 1306]
Event: 0.550 Thread 0x000002785208e800 Exception <a 'java/security/PrivilegedActionException'{0x0000000712fb3990}> (0x0000000712fb3990) thrown at [./src/hotspot/share/prims/jvm.cpp, line 1306]
Event: 0.554 Thread 0x000002785208e800 Exception <a 'java/security/PrivilegedActionException'{0x0000000712fdc6c8}> (0x0000000712fdc6c8) thrown at [./src/hotspot/share/prims/jvm.cpp, line 1306]
Event: 0.554 Thread 0x000002785208e800 Exception <a 'java/security/PrivilegedActionException'{0x0000000712fdc998}> (0x0000000712fdc998) thrown at [./src/hotspot/share/prims/jvm.cpp, line 1306]
Event: 0.554 Thread 0x000002785208e800 Exception <a 'java/security/PrivilegedActionException'{0x0000000712fde248}> (0x0000000712fde248) thrown at [./src/hotspot/share/prims/jvm.cpp, line 1306]
Event: 0.554 Thread 0x000002785208e800 Exception <a 'java/security/PrivilegedActionException'{0x0000000712fde518}> (0x0000000712fde518) thrown at [./src/hotspot/share/prims/jvm.cpp, line 1306]
Event: 0.554 Thread 0x000002785208e800 Exception <a 'java/security/PrivilegedActionException'{0x0000000712fef188}> (0x0000000712fef188) thrown at [./src/hotspot/share/prims/jvm.cpp, line 1306]
Event: 0.554 Thread 0x000002785208e800 Exception <a 'java/security/PrivilegedActionException'{0x0000000712fef458}> (0x0000000712fef458) thrown at [./src/hotspot/share/prims/jvm.cpp, line 1306]

Events (20 events):
Event: 0.612 loading class org/lwjgl/opengl/GL14
Event: 0.612 loading class org/lwjgl/opengl/GL14 done
Event: 0.612 loading class org/lwjgl/opengl/GL13
Event: 0.612 loading class org/lwjgl/opengl/GL13 done
Event: 0.613 loading class org/lwjgl/opengl/GL12
Event: 0.613 loading class org/lwjgl/opengl/GL12 done
Event: 0.613 loading class org/lwjgl/opengl/GL11
Event: 0.613 loading class org/lwjgl/opengl/GL11 done
Event: 0.618 loading class org/lwjgl/opengl/GL11C
Event: 0.618 loading class org/lwjgl/opengl/GL11C done
Event: 0.620 loading class org/lwjgl/opengl/GL15C
Event: 0.620 loading class org/lwjgl/opengl/GL15C done
Event: 0.621 loading class org/lwjgl/opengl/GL14C
Event: 0.621 loading class org/lwjgl/opengl/GL14C done
Event: 0.621 loading class org/lwjgl/opengl/GL13C
Event: 0.621 loading class org/lwjgl/opengl/GL13C done
Event: 0.622 loading class org/lwjgl/opengl/GL12C
Event: 0.622 loading class org/lwjgl/opengl/GL12C done
Event: 0.623 loading class org/lwjgl/system/libc/LibCString
Event: 0.623 loading class org/lwjgl/system/libc/LibCString done


Dynamic libraries:
0x00007ff6bdc40000 - 0x00007ff6bdc4d000 	C:\Program Files\Java\jdk-11.0.15-full\bin\java.exe
0x00007fff2b800000 - 0x00007fff2ba09000 	C:\WINDOWS\SYSTEM32\ntdll.dll
0x00007fff2a020000 - 0x00007fff2a0de000 	C:\WINDOWS\System32\KERNEL32.DLL
0x00007fff292d0000 - 0x00007fff2964b000 	C:\WINDOWS\System32\KERNELBASE.dll
0x00007fff29020000 - 0x00007fff29131000 	C:\WINDOWS\System32\ucrtbase.dll
0x00007fff0cee0000 - 0x00007fff0cef7000 	C:\Program Files\Java\jdk-11.0.15-full\bin\jli.dll
0x00007fff11040000 - 0x00007fff11055000 	C:\Program Files\Java\jdk-11.0.15-full\bin\VCRUNTIME140.dll
0x00007fff2b400000 - 0x00007fff2b5ad000 	C:\WINDOWS\System32\USER32.dll
0x00007fff28ca0000 - 0x00007fff28cc6000 	C:\WINDOWS\System32\win32u.dll
0x00007fff0f550000 - 0x00007fff0f7f5000 	C:\WINDOWS\WinSxS\amd64_microsoft.windows.common-controls_6595b64144ccf1df_6.0.22000.120_none_9d947278b86cc467\COMCTL32.dll
0x00007fff2b130000 - 0x00007fff2b1d3000 	C:\WINDOWS\System32\msvcrt.dll
0x00007fff29f40000 - 0x00007fff29f69000 	C:\WINDOWS\System32\GDI32.dll
0x00007fff28e40000 - 0x00007fff28f58000 	C:\WINDOWS\System32\gdi32full.dll
0x00007fff291c0000 - 0x00007fff2925d000 	C:\WINDOWS\System32\msvcp_win.dll
0x00007fff29be0000 - 0x00007fff29c12000 	C:\WINDOWS\System32\IMM32.DLL
0x00007ffef1430000 - 0x00007ffef14cb000 	C:\Program Files\Java\jdk-11.0.15-full\bin\msvcp140.dll
0x00007ffe81150000 - 0x00007ffe81cd0000 	C:\Program Files\Java\jdk-11.0.15-full\bin\server\jvm.dll
0x00007fff29f70000 - 0x00007fff2a01e000 	C:\WINDOWS\System32\ADVAPI32.dll
0x00007fff29740000 - 0x00007fff297de000 	C:\WINDOWS\System32\sechost.dll
0x00007fff29e20000 - 0x00007fff29f40000 	C:\WINDOWS\System32\RPCRT4.dll
0x00007fff2b3f0000 - 0x00007fff2b3f8000 	C:\WINDOWS\System32\PSAPI.DLL
0x00007fff20ba0000 - 0x00007fff20ba9000 	C:\WINDOWS\SYSTEM32\WSOCK32.dll
0x00007fff1fff0000 - 0x00007fff20023000 	C:\WINDOWS\SYSTEM32\WINMM.dll
0x00007fff170f0000 - 0x00007fff170fa000 	C:\WINDOWS\SYSTEM32\VERSION.dll
0x00007fff2b0a0000 - 0x00007fff2b10f000 	C:\WINDOWS\System32\WS2_32.dll
0x00007fff27ce0000 - 0x00007fff27cf8000 	C:\WINDOWS\SYSTEM32\kernel.appcore.dll
0x00007fff22c80000 - 0x00007fff22c90000 	C:\Program Files\Java\jdk-11.0.15-full\bin\verify.dll
0x00007fff23360000 - 0x00007fff23581000 	C:\WINDOWS\SYSTEM32\DBGHELP.DLL
0x00007fff0d600000 - 0x00007fff0d631000 	C:\WINDOWS\SYSTEM32\dbgcore.DLL
0x00007fff29140000 - 0x00007fff291bf000 	C:\WINDOWS\System32\bcryptPrimitives.dll
0x00007fff0cd30000 - 0x00007fff0cd58000 	C:\Program Files\Java\jdk-11.0.15-full\bin\java.dll
0x00007fff22980000 - 0x00007fff2298a000 	C:\Program Files\Java\jdk-11.0.15-full\bin\jimage.dll
0x00007fff0ce70000 - 0x00007fff0ce88000 	C:\Program Files\Java\jdk-11.0.15-full\bin\zip.dll
0x00007fff2a8e0000 - 0x00007fff2b098000 	C:\WINDOWS\System32\SHELL32.dll
0x00007fff26d50000 - 0x00007fff275b5000 	C:\WINDOWS\SYSTEM32\windows.storage.dll
0x00007fff29860000 - 0x00007fff29bd8000 	C:\WINDOWS\System32\combase.dll
0x00007fff26be0000 - 0x00007fff26d46000 	C:\WINDOWS\SYSTEM32\wintypes.dll
0x00007fff2a5d0000 - 0x00007fff2a6ba000 	C:\WINDOWS\System32\SHCORE.dll
0x00007fff29db0000 - 0x00007fff29e0d000 	C:\WINDOWS\System32\shlwapi.dll
0x00007fff28bd0000 - 0x00007fff28bf1000 	C:\WINDOWS\SYSTEM32\profapi.dll
0x00007fff0ce40000 - 0x00007fff0ce59000 	C:\Program Files\Java\jdk-11.0.15-full\bin\net.dll
0x00007fff1f900000 - 0x00007fff1fa14000 	C:\WINDOWS\SYSTEM32\WINHTTP.dll
0x00007fff28170000 - 0x00007fff281d7000 	C:\WINDOWS\system32\mswsock.dll
0x00007fff0cad0000 - 0x00007fff0cae3000 	C:\Program Files\Java\jdk-11.0.15-full\bin\nio.dll
0x00007fff04c60000 - 0x00007fff04cd5000 	C:\Users\User\AppData\Local\Temp\lwjglUser\3.3.1-build-7\lwjgl.dll
0x00007ffe95cc0000 - 0x00007ffe95f19000 	C:\Users\User\AppData\Local\Temp\lwjglUser\3.3.1-build-7\jemalloc.dll
0x00007ffef13c0000 - 0x00007ffef1421000 	C:\Users\User\AppData\Local\Temp\lwjglUser\3.3.1-build-7\glfw.dll
0x00007fff04c10000 - 0x00007fff04c55000 	C:\WINDOWS\SYSTEM32\dinput8.dll
0x00007fff13650000 - 0x00007fff13661000 	C:\WINDOWS\SYSTEM32\xinput1_4.dll
0x00007fff28920000 - 0x00007fff2896c000 	C:\WINDOWS\SYSTEM32\cfgmgr32.dll
0x00007fff288f0000 - 0x00007fff2891c000 	C:\WINDOWS\SYSTEM32\DEVOBJ.dll
0x00007fff23590000 - 0x00007fff235bf000 	C:\WINDOWS\SYSTEM32\dwmapi.dll
0x00007fff0c480000 - 0x00007fff0c649000 	C:\WINDOWS\SYSTEM32\inputhost.dll
0x00007fff22990000 - 0x00007fff22ac1000 	C:\WINDOWS\SYSTEM32\CoreMessaging.dll
0x00007fff22f40000 - 0x00007fff22fec000 	C:\WINDOWS\system32\uxtheme.dll
0x00007fff2b670000 - 0x00007fff2b78d000 	C:\WINDOWS\System32\MSCTF.dll
0x00007fff28360000 - 0x00007fff2836c000 	C:\WINDOWS\SYSTEM32\CRYPTBASE.DLL
0x00007fff0bf20000 - 0x00007fff0c021000 	C:\WINDOWS\SYSTEM32\opengl32.dll
0x00007fff15800000 - 0x00007fff1582d000 	C:\WINDOWS\SYSTEM32\GLU32.dll
0x00007fff23030000 - 0x00007fff23068000 	C:\WINDOWS\SYSTEM32\dxcore.dll
0x00007fff20910000 - 0x00007fff20954000 	C:\WINDOWS\SYSTEM32\directxdatabasehelper.dll
0x00007fff27d00000 - 0x00007fff27d34000 	C:\WINDOWS\SYSTEM32\ntmarta.dll
0x00007fff2b5b0000 - 0x00007fff2b665000 	C:\WINDOWS\System32\clbcatq.dll
0x00007ffe80130000 - 0x00007ffe8114b000 	C:\Windows\System32\DriverStore\FileRepository\iigd_dch.inf_amd64_c6eaed8f39b14916\ig9icd64.dll
0x00007fff2b1e0000 - 0x00007fff2b37a000 	C:\WINDOWS\System32\ole32.dll
0x00007fff23090000 - 0x00007fff23183000 	C:\WINDOWS\system32\dxgi.dll
0x00007ffe90070000 - 0x00007ffe9047d000 	C:\Windows\System32\DriverStore\FileRepository\iigd_dch.inf_amd64_c6eaed8f39b14916\igdml64.dll
0x00007fff1a660000 - 0x00007fff1aa24000 	C:\Windows\System32\DriverStore\FileRepository\iigd_dch.inf_amd64_c6eaed8f39b14916\igdgmm64.dll
0x00007fff17120000 - 0x00007fff1a590000 	C:\Windows\System32\DriverStore\FileRepository\iigd_dch.inf_amd64_c6eaed8f39b14916\igc64.dll
0x00007fff289d0000 - 0x00007fff28a1d000 	C:\WINDOWS\SYSTEM32\powrprof.dll
0x00007fff289b0000 - 0x00007fff289c3000 	C:\WINDOWS\SYSTEM32\UMPDC.dll
0x00007fff073b0000 - 0x00007fff074dd000 	C:\WINDOWS\SYSTEM32\textinputframework.dll
0x00007fff29cd0000 - 0x00007fff29da6000 	C:\WINDOWS\System32\OLEAUT32.dll
0x00007fff20030000 - 0x00007fff2039d000 	C:\WINDOWS\SYSTEM32\CoreUIComponents.dll
0x00007ffef1130000 - 0x00007ffef118d000 	C:\Users\User\AppData\Local\Temp\lwjglUser\3.3.1-build-7\lwjgl_opengl.dll

dbghelp: loaded successfully - version: 4.0.5 - missing functions: none
symbol engine: initialized successfully - sym options: 0x614 - pdb path: .;C:\Program Files\Java\jdk-11.0.15-full\bin;C:\WINDOWS\SYSTEM32;C:\WINDOWS\WinSxS\amd64_microsoft.windows.common-controls_6595b64144ccf1df_6.0.22000.120_none_9d947278b86cc467;C:\Program Files\Java\jdk-11.0.15-full\bin\server;C:\Users\User\AppData\Local\Temp\lwjglUser\3.3.1-build-7;C:\Windows\System32\DriverStore\FileRepository\iigd_dch.inf_amd64_c6eaed8f39b14916

VM Arguments:
jvm_args: -Dfile.encoding=windows-1251 -Duser.country=RU -Duser.language=ru -Duser.variant 
java_command: opengl.tutor.Main2
java_class_path (initial): C:\Users\User\OpenGL\OpenGL\build\classes\java\main;C:\Users\User\OpenGL\OpenGL\build\resources\main;C:\Users\User\.gradle\caches\modules-2\files-2.1\org.lwjgl\lwjgl-assimp\3.3.1\312072f451794f25670aebb0160ce6ec88aff842\lwjgl-assimp-3.3.1.jar;C:\Users\User\.gradle\caches\modules-2\files-2.1\org.lwjgl\lwjgl-assimp\3.3.1\bfa2a0d57acbf952b716d0ad8a3acbd7ad9f5639\lwjgl-assimp-3.3.1-natives-windows.jar;C:\Users\User\.gradle\caches\modules-2\files-2.1\org.lwjgl\lwjgl-bgfx\3.3.1\4243b7d255d885980f10c36edfb678729493685e\lwjgl-bgfx-3.3.1.jar;C:\Users\User\.gradle\caches\modules-2\files-2.1\org.lwjgl\lwjgl-bgfx\3.3.1\12f22e13c99db9153124dbc17b84fe0233c6f3d5\lwjgl-bgfx-3.3.1-natives-windows.jar;C:\Users\User\.gradle\caches\modules-2\files-2.1\org.lwjgl\lwjgl-cuda\3.3.1\8b67bd7760450f890eade8f74bfaf0dca10821fe\lwjgl-cuda-3.3.1.jar;C:\Users\User\.gradle\caches\modules-2\files-2.1\org.lwjgl\lwjgl-egl\3.3.1\8399e6734ad7d97d2e1f865b2c6c5232d5126dca\lwjgl-egl-3.3.1.jar;C:\Users\User\.gradle\caches\modules-2\files-2.1\org.lwjgl\lwjgl-glfw\3.3.1\cbac1b8d30cb4795149c1ef540f912671a8616d0\lwjgl-glfw-3.3.1.jar;C:\Users\User\.gradle\caches\modules-2\files-2.1\org.lwjgl\lwjgl-glfw\3.3.1\ed892f945cf7e79c8756796f32d00fa4ceaf573b\lwjgl-glfw-3.3.1-natives-windows.jar;C:\Users\User\.gradle\caches\modules-2\files-2.1\org.lwjgl\lwjgl-jawt\3.3.1\30330b16b809655d42f4951ece57f425cce43ce2\lwjgl-jawt-3.3.1.jar;C:\Users\User\.gradle\caches\modules-2\files-2.1\org.lwjgl\lwjgl-jemalloc\3.3.1\a817bcf213db49f710603677457567c37d53e103\lwjgl-jemalloc-3.3.1.jar;C:\Users\User\.gradle\caches\modules-2\files-2.1\org.lwjgl\lwjgl-jemalloc\3.3.1\948a89b76a16aa324b046ae9308891216ffce5f9\lwjgl-jemalloc-3.3.1-natives-windows.jar;C:\Users\User\.gradle\caches\modules-2\files-2.1\org.lwjgl\lwjgl-libdivide\3.3.1\ed21d21e4f3d508908ef1a23d885e73983f244ea\lwjgl-libdivide-3.3.1.jar;C:\Users\User\.gradle\caches\modules-2\files-2.1\org.lwjgl\lwjgl-libdivide\3.3.1\7c53f5a3d69c89ef57799170f2712de39d729
Launcher Type: SUN_STANDARD

[Global flags]
     intx CICompilerCount                          = 4                                         {product} {ergonomic}
     uint ConcGCThreads                            = 2                                         {product} {ergonomic}
     uint G1ConcRefinementThreads                  = 8                                         {product} {ergonomic}
   size_t G1HeapRegionSize                         = 1048576                                   {product} {ergonomic}
    uintx GCDrainStackTargetSize                   = 64                                        {product} {ergonomic}
   size_t InitialHeapSize                          = 264241152                                 {product} {ergonomic}
   size_t MarkStackSize                            = 4194304                                   {product} {ergonomic}
   size_t MaxHeapSize                              = 4221566976                                {product} {ergonomic}
   size_t MaxNewSize                               = 2532311040                                {product} {ergonomic}
   size_t MinHeapDeltaBytes                        = 1048576                                   {product} {ergonomic}
    uintx NonNMethodCodeHeapSize                   = 5836300                                {pd product} {ergonomic}
    uintx NonProfiledCodeHeapSize                  = 122910970                              {pd product} {ergonomic}
    uintx ProfiledCodeHeapSize                     = 122910970                              {pd product} {ergonomic}
    uintx ReservedCodeCacheSize                    = 251658240                              {pd product} {ergonomic}
     bool SegmentedCodeCache                       = true                                      {product} {ergonomic}
     bool UseCompressedClassPointers               = true                                 {lp64_product} {ergonomic}
     bool UseCompressedOops                        = true                                 {lp64_product} {ergonomic}
     bool UseG1GC                                  = true                                      {product} {ergonomic}
     bool UseLargePagesIndividualAllocation        = false                                  {pd product} {ergonomic}

Logging:
Log output configuration:
 #0: stdout all=warning uptime,level,tags
 #1: stderr all=off uptime,level,tags

Environment Variables:
JAVA_HOME=C:\Program Files\Java\jdk-11.0.15-full
PATH=C:\WINDOWS\system32;C:\WINDOWS;C:\WINDOWS\System32\Wbem;C:\WINDOWS\System32\WindowsPowerShell\v1.0\;C:\WINDOWS\System32\OpenSSH\;C:\Program Files\Java\jdk-11.0.15-full\bin;C:\Program Files\Git\cmd;C:\Program Files\Docker\Docker\resources\bin;C:\ProgramData\DockerDesktop\version-bin;C:\Users\User\AppData\Local\Microsoft\WindowsApps;;C:\Program Files\JetBrains\IntelliJ IDEA 2022.1\bin;
USERNAME=User
OS=Windows_NT
PROCESSOR_IDENTIFIER=Intel64 Family 6 Model 142 Stepping 12, GenuineIntel



---------------  S Y S T E M  ---------------

OS: Windows 11 , 64 bit Build 22000 (10.0.22000.1219)
OS uptime: 1 days 4:46 hours
Hyper-V role detected

CPU:total 8 (initial active 8) (4 cores per cpu, 2 threads per core) family 6 model 142 stepping 12 microcode 0xea, cmov, cx8, fxsr, mmx, sse, sse2, sse3, ssse3, sse4.1, sse4.2, popcnt, avx, avx2, aes, clmul, erms, 3dnowpref, lzcnt, ht, tsc, tscinvbit, bmi1, bmi2, adx, fma

Memory: 4k page, system-wide physical 16102M (3287M free)
TotalPageFile size 21222M (AvailPageFile size 5126M)
current process WorkingSet (physical memory assigned to process): 119M, peak: 119M
current process commit charge ("private bytes"): 410M, peak: 410M

vm_info: OpenJDK 64-Bit Server VM (11.0.15+10-LTS) for windows-amd64 JRE (11.0.15+10-LTS), built on Apr 20 2022 04:04:27 by "" with unknown MS VC++:1916

END.
