#
# A fatal error has been detected by the Java Runtime Environment:
#
#  EXCEPTION_ACCESS_VIOLATION (0xc0000005) at pc=0x00007fff244b73c3, pid=12992, tid=2000
#
# JRE version: OpenJDK Runtime Environment (11.0.15+10) (build 11.0.15+10-LTS)
# Java VM: OpenJDK 64-Bit Server VM (11.0.15+10-LTS, mixed mode, tiered, compressed oops, g1 gc, windows-amd64)
# Problematic frame:
# C  [ig9icd64.dll+0x8c73c3]
#
# No core dump will be written. Minidumps are not enabled by default on client versions of Windows
#
# If you would like to submit a bug report, please visit:
#   https://bell-sw.com/support
# The crash happened outside the Java Virtual Machine in native code.
# See problematic frame for where to report the bug.
#

---------------  S U M M A R Y ------------

Command Line: -Dfile.encoding=windows-1251 -Duser.country=RU -Duser.language=ru -Duser.variant opengl.tutor.Main3

Host: Intel(R) Core(TM) i5-10310U CPU @ 1.70GHz, 8 cores, 15G,  Windows 11 , 64 bit Build 22000 (10.0.22000.1219)
Time: Wed Nov 23 13:52:49 2022 RTZ 2 (s 11 , 64 bit Build 22000 (10.0.22000.1219) elapsed time: 1.149215 seconds (0d 0h 0m 1s)

---------------  T H R E A D  ---------------

Current thread (0x000002386fcec000):  JavaThread "main" [_thread_in_native, id=2000, stack(0x000000bbad800000,0x000000bbad900000)]

Stack: [0x000000bbad800000,0x000000bbad900000],  sp=0x000000bbad8fc470,  free space=1009k
Native frames: (J=compiled Java code, j=interpreted, Vv=VM code, C=native code)
C  [ig9icd64.dll+0x8c73c3]

Java frames: (J=compiled Java code, j=interpreted, Vv=VM code)
j  org.lwjgl.opengl.GL11C.glDrawArrays(III)V+0
j  org.lwjgl.opengl.GL11.glDrawArrays(III)V+3
j  opengl.tutor.Main3.loop()V+325
j  opengl.tutor.Main3.run()V+19
j  opengl.tutor.Main3.main([Ljava/lang/String;)V+7
v  ~StubRoutines::call_stub

siginfo: EXCEPTION_ACCESS_VIOLATION (0xc0000005), reading address 0x0000000000000028


Register to memory mapping:

RIP=0x00007fff244b73c3 ig9icd64.dll
RAX=0x0 is NULL
RBX=0x0000000000000001 is an unknown value
RCX=0x0000000000000176 is an unknown value
RDX=0x0000023816a97020 points into unknown readable memory: 0x0000000000000000 | 00 00 00 00 00 00 00 00
RSP=0x000000bbad8fc470 is pointing into the stack for thread: 0x000002386fcec000
RBP=0x000000bbad8fc570 is pointing into the stack for thread: 0x000002386fcec000
RSI=0x000002381680df50 points into unknown readable memory: 0x0000703411000001 | 01 00 00 11 34 70 00 00
RDI=0x0000023816774fc0 points into unknown readable memory: 0x00000238165ed040 | 40 d0 5e 16 38 02 00 00
R8 =0x000002381ab30548 points into unknown readable memory: 0x0000000000000068 | 68 00 00 00 00 00 00 00
R9 =0x0000000000000001 is an unknown value
R10=0x0000023816715910 points into unknown readable memory: 0x0000000000000000 | 00 00 00 00 00 00 00 00
R11=0x0000000000000001 is an unknown value
R12=0x0 is NULL
R13=0x0000000000000001 is an unknown value
R14=0x0000000000000012 is an unknown value
R15=0x000002381681fbc4 points into unknown readable memory: 00 00 00 00


Registers:
RAX=0x0000000000000000, RBX=0x0000000000000001, RCX=0x0000000000000176, RDX=0x0000023816a97020
RSP=0x000000bbad8fc470, RBP=0x000000bbad8fc570, RSI=0x000002381680df50, RDI=0x0000023816774fc0
R8 =0x000002381ab30548, R9 =0x0000000000000001, R10=0x0000023816715910, R11=0x0000000000000001
R12=0x0000000000000000, R13=0x0000000000000001, R14=0x0000000000000012, R15=0x000002381681fbc4
RIP=0x00007fff244b73c3, EFLAGS=0x0000000000010206

Top of Stack: (sp=0x000000bbad8fc470)
0x000000bbad8fc470:   0000001000000000 0000000000000000
0x000000bbad8fc480:   0000000000000000 000000bbad8fc570
0x000000bbad8fc490:   00007fff0000000b 0000023800000000
0x000000bbad8fc4a0:   0000000000000000 0000023800000540
0x000000bbad8fc4b0:   0000023816adf201 0000023800000001
0x000000bbad8fc4c0:   0000000000000000 0000023816ad9bb0
0x000000bbad8fc4d0:   0000000000000000 0000000000000001
0x000000bbad8fc4e0:   0000000000000538 00007fff556ce434
0x000000bbad8fc4f0:   000000021672f300 0000023800000010
0x000000bbad8fc500:   00000238169fc6d8 0000000000000001
0x000000bbad8fc510:   0000000000000001 000002381ab30538
0x000000bbad8fc520:   0000023816522ff0 0000023815b6ce30
0x000000bbad8fc530:   00000238169fc6d8 0000000000000002
0x000000bbad8fc540:   0000023816b0ae80 00007fff6a1e76e1
0x000000bbad8fc550:   0000023816b0ae70 00000238169fdda7
0x000000bbad8fc560:   0000023816715910 0000023816715270 

Instructions: (pc=0x00007fff244b73c3)
0x00007fff244b72c3:   41 bd 44 00 89 42 08 8b 4a 04 81 e1 c0 fe ff ff
0x00007fff244b72d3:   41 8b c1 83 e0 3f 0b c8 89 4a 04 44 89 72 08 49
0x00007fff244b72e3:   c7 47 fc 00 00 00 00 48 8b 86 80 1d 01 00 4c 0f
0x00007fff244b72f3:   ab d8 48 89 86 80 1d 01 00 41 ff c4 e9 3c 04 00
0x00007fff244b7303:   00 80 7d 80 00 74 2b 45 0f be 32 8b 87 d8 af 02
0x00007fff244b7313:   00 44 0f a3 f0 72 50 41 83 fe 10 75 07 33 c0 44
0x00007fff244b7323:   8b f0 eb 43 45 85 f6 b8 10 00 00 00 44 0f 44 f0
0x00007fff244b7333:   eb 35 8b c8 48 03 c9 44 8b b4 ca c0 42 d0 00 83
0x00007fff244b7343:   bc ca cc 42 d0 00 00 75 1e 8b 87 d8 af 02 00 44
0x00007fff244b7353:   0f a3 f0 72 12 83 bc ca c4 42 d0 00 00 74 08 44
0x00007fff244b7363:   8b b4 ca c8 42 d0 00 48 8b 85 d8 00 00 00 48 8b
0x00007fff244b7373:   40 18 48 89 85 08 01 00 00 8b 45 00 89 44 24 70
0x00007fff244b7383:   45 8b c5 49 c1 e0 04 4c 03 45 a8 48 8b 97 d0 90
0x00007fff244b7393:   01 00 41 8b c6 48 8d 0c c0 48 8d 04 ca 48 89 45
0x00007fff244b73a3:   f8 8b 44 ca 40 48 8d 48 47 48 8d 0c 88 4c 8d 14
0x00007fff244b73b3:   ca 4c 89 55 f0 49 8b 52 10 48 8b 82 e0 01 00 00
0x00007fff244b73c3:   48 8b 48 28 48 85 c9 0f 84 b7 02 00 00 4c 8b 59
0x00007fff244b73d3:   20 4d 85 db 0f 84 a6 02 00 00 c6 82 84 01 00 00
0x00007fff244b73e3:   00 44 8b 48 20 8b 50 08 49 03 12 8b 05 2c 4e 67
0x00007fff244b73f3:   00 41 89 40 04 41 8b 42 08 41 8b cd c1 e1 1a 25
0x00007fff244b7403:   ff 0f 00 00 0b c8 41 8b 40 04 25 00 f0 ff 03 0b
0x00007fff244b7413:   c8 41 89 48 04 41 8b c9 2b ca 49 3b d1 41 ba 00
0x00007fff244b7423:   00 00 00 41 0f 4f ca 41 89 48 10 48 8b 87 88 4b
0x00007fff244b7433:   03 00 f7 40 58 00 00 04 00 74 0c 85 c9 75 08 41
0x00007fff244b7443:   81 48 04 00 20 00 00 48 8b 87 d8 7f 03 00 83 b8
0x00007fff244b7453:   38 45 01 00 01 75 19 48 05 00 45 01 00 48 89 85
0x00007fff244b7463:   08 01 00 00 41 3b d1 41 0f 47 d2 8b 45 88 eb 0e
0x00007fff244b7473:   41 3b d1 41 0f 47 d2 8b 44 24 70 03 45 88 83 c0
0x00007fff244b7483:   08 89 44 24 38 89 54 24 30 44 89 6c 24 28 c7 44
0x00007fff244b7493:   24 20 0b 00 00 00 45 33 c9 4d 8b c3 48 8b 95 08
0x00007fff244b74a3:   01 00 00 48 8b 8f 70 4b 03 00 e8 4e f8 75 ff 4c
0x00007fff244b74b3:   8b 55 f8 45 33 db 84 db 0f 84 a1 00 00 00 45 0f 


Stack slot to memory mapping:
stack at sp + 0 slots: 0x0000001000000000 is an unknown value
stack at sp + 1 slots: 0x0 is NULL
stack at sp + 2 slots: 0x0 is NULL
stack at sp + 3 slots: 0x000000bbad8fc570 is pointing into the stack for thread: 0x000002386fcec000
stack at sp + 4 slots: 0x00007fff0000000b is an unknown value
stack at sp + 5 slots: 0x0000023800000000 points into unknown readable memory: 0x0000000000000006 | 06 00 00 00 00 00 00 00
stack at sp + 6 slots: 0x0 is NULL
stack at sp + 7 slots: 0x0000023800000540 points into unknown readable memory: 0x0000000000000000 | 00 00 00 00 00 00 00 00


---------------  P R O C E S S  ---------------

Threads class SMR info:
_java_thread_list=0x0000023816441af0, length=11, elements={
0x000002386fcec000, 0x00000238150d3800, 0x00000238150dd000, 0x00000238159db000,
0x00000238159de000, 0x00000238159df000, 0x00000238159e2800, 0x00000238159e6800,
0x0000023815a0b800, 0x0000023815b77000, 0x00000238159f5800
}

Java Threads: ( => current thread )
=>0x000002386fcec000 JavaThread "main" [_thread_in_native, id=2000, stack(0x000000bbad800000,0x000000bbad900000)]
  0x00000238150d3800 JavaThread "Reference Handler" daemon [_thread_blocked, id=17972, stack(0x000000bbadf00000,0x000000bbae000000)]
  0x00000238150dd000 JavaThread "Finalizer" daemon [_thread_blocked, id=16224, stack(0x000000bbae000000,0x000000bbae100000)]
  0x00000238159db000 JavaThread "Signal Dispatcher" daemon [_thread_blocked, id=14976, stack(0x000000bbae100000,0x000000bbae200000)]
  0x00000238159de000 JavaThread "Attach Listener" daemon [_thread_blocked, id=11352, stack(0x000000bbae200000,0x000000bbae300000)]
  0x00000238159df000 JavaThread "Service Thread" daemon [_thread_blocked, id=1876, stack(0x000000bbae300000,0x000000bbae400000)]
  0x00000238159e2800 JavaThread "C2 CompilerThread0" daemon [_thread_blocked, id=11568, stack(0x000000bbae400000,0x000000bbae500000)]
  0x00000238159e6800 JavaThread "C1 CompilerThread0" daemon [_thread_blocked, id=13324, stack(0x000000bbae500000,0x000000bbae600000)]
  0x0000023815a0b800 JavaThread "Sweeper thread" daemon [_thread_blocked, id=5684, stack(0x000000bbae600000,0x000000bbae700000)]
  0x0000023815b77000 JavaThread "Common-Cleaner" daemon [_thread_blocked, id=17464, stack(0x000000bbae800000,0x000000bbae900000)]
  0x00000238159f5800 JavaThread "C2 CompilerThread1" daemon [_thread_blocked, id=8092, stack(0x000000bbae900000,0x000000bbaea00000)]

Other Threads:
  0x00000238150d0000 VMThread "VM Thread" [stack: 0x000000bbade00000,0x000000bbadf00000] [id=4216]
  0x0000023815b72800 WatcherThread [stack: 0x000000bbae700000,0x000000bbae800000] [id=8780]
  0x000002386fd03000 GCTaskThread "GC Thread#0" [stack: 0x000000bbad900000,0x000000bbada00000] [id=18836]
  0x000002386fd62800 ConcurrentGCThread "G1 Main Marker" [stack: 0x000000bbada00000,0x000000bbadb00000] [id=19128]
  0x000002386fd64800 ConcurrentGCThread "G1 Conc#0" [stack: 0x000000bbadb00000,0x000000bbadc00000] [id=11200]
  0x0000023814fbb800 ConcurrentGCThread "G1 Refine#0" [stack: 0x000000bbadc00000,0x000000bbadd00000] [id=8128]
  0x0000023814fbe800 ConcurrentGCThread "G1 Young RemSet Sampling" [stack: 0x000000bbadd00000,0x000000bbade00000] [id=8528]

Threads with active compile tasks:

VM state:not at safepoint (normal execution)

VM Mutex/Monitor currently owned by a thread: None

Heap address: 0x0000000704600000, size: 4026 MB, Compressed Oops mode: Zero based, Oop shift amount: 3
Narrow klass base: 0x0000000800000000, Narrow klass shift: 0
Compressed class space size: 1073741824 Address: 0x0000000800000000

Heap:
 garbage-first heap   total 258048K, used 20480K [0x0000000704600000, 0x0000000800000000)
  region size 1024K, 22 young (22528K), 0 survivors (0K)
 Metaspace       used 9925K, capacity 10160K, committed 10368K, reserved 1058816K
  class space    used 746K, capacity 796K, committed 896K, reserved 1048576K
Heap Regions: E=young(eden), S=young(survivor), O=old, HS=humongous(starts), HC=humongous(continues), CS=collection set, F=free, A=archive, TAMS=top-at-mark-start (previous, next)
|   0|0x0000000704600000, 0x0000000704600000, 0x0000000704700000|  0%| F|  |TAMS 0x0000000704600000, 0x0000000704600000| Untracked 
|   1|0x0000000704700000, 0x0000000704700000, 0x0000000704800000|  0%| F|  |TAMS 0x0000000704700000, 0x0000000704700000| Untracked 
|   2|0x0000000704800000, 0x0000000704800000, 0x0000000704900000|  0%| F|  |TAMS 0x0000000704800000, 0x0000000704800000| Untracked 
|   3|0x0000000704900000, 0x0000000704900000, 0x0000000704a00000|  0%| F|  |TAMS 0x0000000704900000, 0x0000000704900000| Untracked 
|   4|0x0000000704a00000, 0x0000000704a00000, 0x0000000704b00000|  0%| F|  |TAMS 0x0000000704a00000, 0x0000000704a00000| Untracked 
|   5|0x0000000704b00000, 0x0000000704b00000, 0x0000000704c00000|  0%| F|  |TAMS 0x0000000704b00000, 0x0000000704b00000| Untracked 
|   6|0x0000000704c00000, 0x0000000704c00000, 0x0000000704d00000|  0%| F|  |TAMS 0x0000000704c00000, 0x0000000704c00000| Untracked 
|   7|0x0000000704d00000, 0x0000000704d00000, 0x0000000704e00000|  0%| F|  |TAMS 0x0000000704d00000, 0x0000000704d00000| Untracked 
|   8|0x0000000704e00000, 0x0000000704e00000, 0x0000000704f00000|  0%| F|  |TAMS 0x0000000704e00000, 0x0000000704e00000| Untracked 
|   9|0x0000000704f00000, 0x0000000704f00000, 0x0000000705000000|  0%| F|  |TAMS 0x0000000704f00000, 0x0000000704f00000| Untracked 
|  10|0x0000000705000000, 0x0000000705000000, 0x0000000705100000|  0%| F|  |TAMS 0x0000000705000000, 0x0000000705000000| Untracked 
|  11|0x0000000705100000, 0x0000000705100000, 0x0000000705200000|  0%| F|  |TAMS 0x0000000705100000, 0x0000000705100000| Untracked 
|  12|0x0000000705200000, 0x0000000705200000, 0x0000000705300000|  0%| F|  |TAMS 0x0000000705200000, 0x0000000705200000| Untracked 
|  13|0x0000000705300000, 0x0000000705300000, 0x0000000705400000|  0%| F|  |TAMS 0x0000000705300000, 0x0000000705300000| Untracked 
|  14|0x0000000705400000, 0x0000000705400000, 0x0000000705500000|  0%| F|  |TAMS 0x0000000705400000, 0x0000000705400000| Untracked 
|  15|0x0000000705500000, 0x0000000705500000, 0x0000000705600000|  0%| F|  |TAMS 0x0000000705500000, 0x0000000705500000| Untracked 
|  16|0x0000000705600000, 0x0000000705600000, 0x0000000705700000|  0%| F|  |TAMS 0x0000000705600000, 0x0000000705600000| Untracked 
|  17|0x0000000705700000, 0x0000000705700000, 0x0000000705800000|  0%| F|  |TAMS 0x0000000705700000, 0x0000000705700000| Untracked 
|  18|0x0000000705800000, 0x0000000705800000, 0x0000000705900000|  0%| F|  |TAMS 0x0000000705800000, 0x0000000705800000| Untracked 
|  19|0x0000000705900000, 0x0000000705900000, 0x0000000705a00000|  0%| F|  |TAMS 0x0000000705900000, 0x0000000705900000| Untracked 
|  20|0x0000000705a00000, 0x0000000705a00000, 0x0000000705b00000|  0%| F|  |TAMS 0x0000000705a00000, 0x0000000705a00000| Untracked 
|  21|0x0000000705b00000, 0x0000000705b00000, 0x0000000705c00000|  0%| F|  |TAMS 0x0000000705b00000, 0x0000000705b00000| Untracked 
|  22|0x0000000705c00000, 0x0000000705c00000, 0x0000000705d00000|  0%| F|  |TAMS 0x0000000705c00000, 0x0000000705c00000| Untracked 
|  23|0x0000000705d00000, 0x0000000705d00000, 0x0000000705e00000|  0%| F|  |TAMS 0x0000000705d00000, 0x0000000705d00000| Untracked 
|  24|0x0000000705e00000, 0x0000000705e00000, 0x0000000705f00000|  0%| F|  |TAMS 0x0000000705e00000, 0x0000000705e00000| Untracked 
|  25|0x0000000705f00000, 0x0000000705f00000, 0x0000000706000000|  0%| F|  |TAMS 0x0000000705f00000, 0x0000000705f00000| Untracked 
|  26|0x0000000706000000, 0x0000000706000000, 0x0000000706100000|  0%| F|  |TAMS 0x0000000706000000, 0x0000000706000000| Untracked 
|  27|0x0000000706100000, 0x0000000706100000, 0x0000000706200000|  0%| F|  |TAMS 0x0000000706100000, 0x0000000706100000| Untracked 
|  28|0x0000000706200000, 0x0000000706200000, 0x0000000706300000|  0%| F|  |TAMS 0x0000000706200000, 0x0000000706200000| Untracked 
|  29|0x0000000706300000, 0x0000000706300000, 0x0000000706400000|  0%| F|  |TAMS 0x0000000706300000, 0x0000000706300000| Untracked 
|  30|0x0000000706400000, 0x0000000706400000, 0x0000000706500000|  0%| F|  |TAMS 0x0000000706400000, 0x0000000706400000| Untracked 
|  31|0x0000000706500000, 0x0000000706500000, 0x0000000706600000|  0%| F|  |TAMS 0x0000000706500000, 0x0000000706500000| Untracked 
|  32|0x0000000706600000, 0x0000000706600000, 0x0000000706700000|  0%| F|  |TAMS 0x0000000706600000, 0x0000000706600000| Untracked 
|  33|0x0000000706700000, 0x0000000706700000, 0x0000000706800000|  0%| F|  |TAMS 0x0000000706700000, 0x0000000706700000| Untracked 
|  34|0x0000000706800000, 0x0000000706800000, 0x0000000706900000|  0%| F|  |TAMS 0x0000000706800000, 0x0000000706800000| Untracked 
|  35|0x0000000706900000, 0x0000000706900000, 0x0000000706a00000|  0%| F|  |TAMS 0x0000000706900000, 0x0000000706900000| Untracked 
|  36|0x0000000706a00000, 0x0000000706a00000, 0x0000000706b00000|  0%| F|  |TAMS 0x0000000706a00000, 0x0000000706a00000| Untracked 
|  37|0x0000000706b00000, 0x0000000706b00000, 0x0000000706c00000|  0%| F|  |TAMS 0x0000000706b00000, 0x0000000706b00000| Untracked 
|  38|0x0000000706c00000, 0x0000000706c00000, 0x0000000706d00000|  0%| F|  |TAMS 0x0000000706c00000, 0x0000000706c00000| Untracked 
|  39|0x0000000706d00000, 0x0000000706d00000, 0x0000000706e00000|  0%| F|  |TAMS 0x0000000706d00000, 0x0000000706d00000| Untracked 
|  40|0x0000000706e00000, 0x0000000706e00000, 0x0000000706f00000|  0%| F|  |TAMS 0x0000000706e00000, 0x0000000706e00000| Untracked 
|  41|0x0000000706f00000, 0x0000000706f00000, 0x0000000707000000|  0%| F|  |TAMS 0x0000000706f00000, 0x0000000706f00000| Untracked 
|  42|0x0000000707000000, 0x0000000707000000, 0x0000000707100000|  0%| F|  |TAMS 0x0000000707000000, 0x0000000707000000| Untracked 
|  43|0x0000000707100000, 0x0000000707100000, 0x0000000707200000|  0%| F|  |TAMS 0x0000000707100000, 0x0000000707100000| Untracked 
|  44|0x0000000707200000, 0x0000000707200000, 0x0000000707300000|  0%| F|  |TAMS 0x0000000707200000, 0x0000000707200000| Untracked 
|  45|0x0000000707300000, 0x0000000707300000, 0x0000000707400000|  0%| F|  |TAMS 0x0000000707300000, 0x0000000707300000| Untracked 
|  46|0x0000000707400000, 0x0000000707400000, 0x0000000707500000|  0%| F|  |TAMS 0x0000000707400000, 0x0000000707400000| Untracked 
|  47|0x0000000707500000, 0x0000000707500000, 0x0000000707600000|  0%| F|  |TAMS 0x0000000707500000, 0x0000000707500000| Untracked 
|  48|0x0000000707600000, 0x0000000707600000, 0x0000000707700000|  0%| F|  |TAMS 0x0000000707600000, 0x0000000707600000| Untracked 
|  49|0x0000000707700000, 0x0000000707700000, 0x0000000707800000|  0%| F|  |TAMS 0x0000000707700000, 0x0000000707700000| Untracked 
|  50|0x0000000707800000, 0x0000000707800000, 0x0000000707900000|  0%| F|  |TAMS 0x0000000707800000, 0x0000000707800000| Untracked 
|  51|0x0000000707900000, 0x0000000707900000, 0x0000000707a00000|  0%| F|  |TAMS 0x0000000707900000, 0x0000000707900000| Untracked 
|  52|0x0000000707a00000, 0x0000000707a00000, 0x0000000707b00000|  0%| F|  |TAMS 0x0000000707a00000, 0x0000000707a00000| Untracked 
|  53|0x0000000707b00000, 0x0000000707b00000, 0x0000000707c00000|  0%| F|  |TAMS 0x0000000707b00000, 0x0000000707b00000| Untracked 
|  54|0x0000000707c00000, 0x0000000707c00000, 0x0000000707d00000|  0%| F|  |TAMS 0x0000000707c00000, 0x0000000707c00000| Untracked 
|  55|0x0000000707d00000, 0x0000000707d00000, 0x0000000707e00000|  0%| F|  |TAMS 0x0000000707d00000, 0x0000000707d00000| Untracked 
|  56|0x0000000707e00000, 0x0000000707e00000, 0x0000000707f00000|  0%| F|  |TAMS 0x0000000707e00000, 0x0000000707e00000| Untracked 
|  57|0x0000000707f00000, 0x0000000707f00000, 0x0000000708000000|  0%| F|  |TAMS 0x0000000707f00000, 0x0000000707f00000| Untracked 
|  58|0x0000000708000000, 0x0000000708000000, 0x0000000708100000|  0%| F|  |TAMS 0x0000000708000000, 0x0000000708000000| Untracked 
|  59|0x0000000708100000, 0x0000000708100000, 0x0000000708200000|  0%| F|  |TAMS 0x0000000708100000, 0x0000000708100000| Untracked 
|  60|0x0000000708200000, 0x0000000708200000, 0x0000000708300000|  0%| F|  |TAMS 0x0000000708200000, 0x0000000708200000| Untracked 
|  61|0x0000000708300000, 0x0000000708300000, 0x0000000708400000|  0%| F|  |TAMS 0x0000000708300000, 0x0000000708300000| Untracked 
|  62|0x0000000708400000, 0x0000000708400000, 0x0000000708500000|  0%| F|  |TAMS 0x0000000708400000, 0x0000000708400000| Untracked 
|  63|0x0000000708500000, 0x0000000708500000, 0x0000000708600000|  0%| F|  |TAMS 0x0000000708500000, 0x0000000708500000| Untracked 
|  64|0x0000000708600000, 0x0000000708600000, 0x0000000708700000|  0%| F|  |TAMS 0x0000000708600000, 0x0000000708600000| Untracked 
|  65|0x0000000708700000, 0x0000000708700000, 0x0000000708800000|  0%| F|  |TAMS 0x0000000708700000, 0x0000000708700000| Untracked 
|  66|0x0000000708800000, 0x0000000708800000, 0x0000000708900000|  0%| F|  |TAMS 0x0000000708800000, 0x0000000708800000| Untracked 
|  67|0x0000000708900000, 0x0000000708900000, 0x0000000708a00000|  0%| F|  |TAMS 0x0000000708900000, 0x0000000708900000| Untracked 
|  68|0x0000000708a00000, 0x0000000708a00000, 0x0000000708b00000|  0%| F|  |TAMS 0x0000000708a00000, 0x0000000708a00000| Untracked 
|  69|0x0000000708b00000, 0x0000000708b00000, 0x0000000708c00000|  0%| F|  |TAMS 0x0000000708b00000, 0x0000000708b00000| Untracked 
|  70|0x0000000708c00000, 0x0000000708c00000, 0x0000000708d00000|  0%| F|  |TAMS 0x0000000708c00000, 0x0000000708c00000| Untracked 
|  71|0x0000000708d00000, 0x0000000708d00000, 0x0000000708e00000|  0%| F|  |TAMS 0x0000000708d00000, 0x0000000708d00000| Untracked 
|  72|0x0000000708e00000, 0x0000000708e00000, 0x0000000708f00000|  0%| F|  |TAMS 0x0000000708e00000, 0x0000000708e00000| Untracked 
|  73|0x0000000708f00000, 0x0000000708f00000, 0x0000000709000000|  0%| F|  |TAMS 0x0000000708f00000, 0x0000000708f00000| Untracked 
|  74|0x0000000709000000, 0x0000000709000000, 0x0000000709100000|  0%| F|  |TAMS 0x0000000709000000, 0x0000000709000000| Untracked 
|  75|0x0000000709100000, 0x0000000709100000, 0x0000000709200000|  0%| F|  |TAMS 0x0000000709100000, 0x0000000709100000| Untracked 
|  76|0x0000000709200000, 0x0000000709200000, 0x0000000709300000|  0%| F|  |TAMS 0x0000000709200000, 0x0000000709200000| Untracked 
|  77|0x0000000709300000, 0x0000000709300000, 0x0000000709400000|  0%| F|  |TAMS 0x0000000709300000, 0x0000000709300000| Untracked 
|  78|0x0000000709400000, 0x0000000709400000, 0x0000000709500000|  0%| F|  |TAMS 0x0000000709400000, 0x0000000709400000| Untracked 
|  79|0x0000000709500000, 0x0000000709500000, 0x0000000709600000|  0%| F|  |TAMS 0x0000000709500000, 0x0000000709500000| Untracked 
|  80|0x0000000709600000, 0x0000000709600000, 0x0000000709700000|  0%| F|  |TAMS 0x0000000709600000, 0x0000000709600000| Untracked 
|  81|0x0000000709700000, 0x0000000709700000, 0x0000000709800000|  0%| F|  |TAMS 0x0000000709700000, 0x0000000709700000| Untracked 
|  82|0x0000000709800000, 0x0000000709800000, 0x0000000709900000|  0%| F|  |TAMS 0x0000000709800000, 0x0000000709800000| Untracked 
|  83|0x0000000709900000, 0x0000000709900000, 0x0000000709a00000|  0%| F|  |TAMS 0x0000000709900000, 0x0000000709900000| Untracked 
|  84|0x0000000709a00000, 0x0000000709a00000, 0x0000000709b00000|  0%| F|  |TAMS 0x0000000709a00000, 0x0000000709a00000| Untracked 
|  85|0x0000000709b00000, 0x0000000709b00000, 0x0000000709c00000|  0%| F|  |TAMS 0x0000000709b00000, 0x0000000709b00000| Untracked 
|  86|0x0000000709c00000, 0x0000000709c00000, 0x0000000709d00000|  0%| F|  |TAMS 0x0000000709c00000, 0x0000000709c00000| Untracked 
|  87|0x0000000709d00000, 0x0000000709d00000, 0x0000000709e00000|  0%| F|  |TAMS 0x0000000709d00000, 0x0000000709d00000| Untracked 
|  88|0x0000000709e00000, 0x0000000709e00000, 0x0000000709f00000|  0%| F|  |TAMS 0x0000000709e00000, 0x0000000709e00000| Untracked 
|  89|0x0000000709f00000, 0x0000000709f00000, 0x000000070a000000|  0%| F|  |TAMS 0x0000000709f00000, 0x0000000709f00000| Untracked 
|  90|0x000000070a000000, 0x000000070a000000, 0x000000070a100000|  0%| F|  |TAMS 0x000000070a000000, 0x000000070a000000| Untracked 
|  91|0x000000070a100000, 0x000000070a100000, 0x000000070a200000|  0%| F|  |TAMS 0x000000070a100000, 0x000000070a100000| Untracked 
|  92|0x000000070a200000, 0x000000070a200000, 0x000000070a300000|  0%| F|  |TAMS 0x000000070a200000, 0x000000070a200000| Untracked 
|  93|0x000000070a300000, 0x000000070a300000, 0x000000070a400000|  0%| F|  |TAMS 0x000000070a300000, 0x000000070a300000| Untracked 
|  94|0x000000070a400000, 0x000000070a400000, 0x000000070a500000|  0%| F|  |TAMS 0x000000070a400000, 0x000000070a400000| Untracked 
|  95|0x000000070a500000, 0x000000070a500000, 0x000000070a600000|  0%| F|  |TAMS 0x000000070a500000, 0x000000070a500000| Untracked 
|  96|0x000000070a600000, 0x000000070a600000, 0x000000070a700000|  0%| F|  |TAMS 0x000000070a600000, 0x000000070a600000| Untracked 
|  97|0x000000070a700000, 0x000000070a700000, 0x000000070a800000|  0%| F|  |TAMS 0x000000070a700000, 0x000000070a700000| Untracked 
|  98|0x000000070a800000, 0x000000070a800000, 0x000000070a900000|  0%| F|  |TAMS 0x000000070a800000, 0x000000070a800000| Untracked 
|  99|0x000000070a900000, 0x000000070a900000, 0x000000070aa00000|  0%| F|  |TAMS 0x000000070a900000, 0x000000070a900000| Untracked 
| 100|0x000000070aa00000, 0x000000070aa00000, 0x000000070ab00000|  0%| F|  |TAMS 0x000000070aa00000, 0x000000070aa00000| Untracked 
| 101|0x000000070ab00000, 0x000000070ab00000, 0x000000070ac00000|  0%| F|  |TAMS 0x000000070ab00000, 0x000000070ab00000| Untracked 
| 102|0x000000070ac00000, 0x000000070ac00000, 0x000000070ad00000|  0%| F|  |TAMS 0x000000070ac00000, 0x000000070ac00000| Untracked 
| 103|0x000000070ad00000, 0x000000070ad00000, 0x000000070ae00000|  0%| F|  |TAMS 0x000000070ad00000, 0x000000070ad00000| Untracked 
| 104|0x000000070ae00000, 0x000000070ae00000, 0x000000070af00000|  0%| F|  |TAMS 0x000000070ae00000, 0x000000070ae00000| Untracked 
| 105|0x000000070af00000, 0x000000070af00000, 0x000000070b000000|  0%| F|  |TAMS 0x000000070af00000, 0x000000070af00000| Untracked 
| 106|0x000000070b000000, 0x000000070b000000, 0x000000070b100000|  0%| F|  |TAMS 0x000000070b000000, 0x000000070b000000| Untracked 
| 107|0x000000070b100000, 0x000000070b100000, 0x000000070b200000|  0%| F|  |TAMS 0x000000070b100000, 0x000000070b100000| Untracked 
| 108|0x000000070b200000, 0x000000070b200000, 0x000000070b300000|  0%| F|  |TAMS 0x000000070b200000, 0x000000070b200000| Untracked 
| 109|0x000000070b300000, 0x000000070b300000, 0x000000070b400000|  0%| F|  |TAMS 0x000000070b300000, 0x000000070b300000| Untracked 
| 110|0x000000070b400000, 0x000000070b400000, 0x000000070b500000|  0%| F|  |TAMS 0x000000070b400000, 0x000000070b400000| Untracked 
| 111|0x000000070b500000, 0x000000070b500000, 0x000000070b600000|  0%| F|  |TAMS 0x000000070b500000, 0x000000070b500000| Untracked 
| 112|0x000000070b600000, 0x000000070b600000, 0x000000070b700000|  0%| F|  |TAMS 0x000000070b600000, 0x000000070b600000| Untracked 
| 113|0x000000070b700000, 0x000000070b700000, 0x000000070b800000|  0%| F|  |TAMS 0x000000070b700000, 0x000000070b700000| Untracked 
| 114|0x000000070b800000, 0x000000070b800000, 0x000000070b900000|  0%| F|  |TAMS 0x000000070b800000, 0x000000070b800000| Untracked 
| 115|0x000000070b900000, 0x000000070b900000, 0x000000070ba00000|  0%| F|  |TAMS 0x000000070b900000, 0x000000070b900000| Untracked 
| 116|0x000000070ba00000, 0x000000070ba00000, 0x000000070bb00000|  0%| F|  |TAMS 0x000000070ba00000, 0x000000070ba00000| Untracked 
| 117|0x000000070bb00000, 0x000000070bb00000, 0x000000070bc00000|  0%| F|  |TAMS 0x000000070bb00000, 0x000000070bb00000| Untracked 
| 118|0x000000070bc00000, 0x000000070bc00000, 0x000000070bd00000|  0%| F|  |TAMS 0x000000070bc00000, 0x000000070bc00000| Untracked 
| 119|0x000000070bd00000, 0x000000070bd00000, 0x000000070be00000|  0%| F|  |TAMS 0x000000070bd00000, 0x000000070bd00000| Untracked 
| 120|0x000000070be00000, 0x000000070be00000, 0x000000070bf00000|  0%| F|  |TAMS 0x000000070be00000, 0x000000070be00000| Untracked 
| 121|0x000000070bf00000, 0x000000070bf00000, 0x000000070c000000|  0%| F|  |TAMS 0x000000070bf00000, 0x000000070bf00000| Untracked 
| 122|0x000000070c000000, 0x000000070c000000, 0x000000070c100000|  0%| F|  |TAMS 0x000000070c000000, 0x000000070c000000| Untracked 
| 123|0x000000070c100000, 0x000000070c100000, 0x000000070c200000|  0%| F|  |TAMS 0x000000070c100000, 0x000000070c100000| Untracked 
| 124|0x000000070c200000, 0x000000070c200000, 0x000000070c300000|  0%| F|  |TAMS 0x000000070c200000, 0x000000070c200000| Untracked 
| 125|0x000000070c300000, 0x000000070c300000, 0x000000070c400000|  0%| F|  |TAMS 0x000000070c300000, 0x000000070c300000| Untracked 
| 126|0x000000070c400000, 0x000000070c400000, 0x000000070c500000|  0%| F|  |TAMS 0x000000070c400000, 0x000000070c400000| Untracked 
| 127|0x000000070c500000, 0x000000070c500000, 0x000000070c600000|  0%| F|  |TAMS 0x000000070c500000, 0x000000070c500000| Untracked 
| 128|0x000000070c600000, 0x000000070c600000, 0x000000070c700000|  0%| F|  |TAMS 0x000000070c600000, 0x000000070c600000| Untracked 
| 129|0x000000070c700000, 0x000000070c700000, 0x000000070c800000|  0%| F|  |TAMS 0x000000070c700000, 0x000000070c700000| Untracked 
| 130|0x000000070c800000, 0x000000070c800000, 0x000000070c900000|  0%| F|  |TAMS 0x000000070c800000, 0x000000070c800000| Untracked 
| 131|0x000000070c900000, 0x000000070c900000, 0x000000070ca00000|  0%| F|  |TAMS 0x000000070c900000, 0x000000070c900000| Untracked 
| 132|0x000000070ca00000, 0x000000070ca00000, 0x000000070cb00000|  0%| F|  |TAMS 0x000000070ca00000, 0x000000070ca00000| Untracked 
| 133|0x000000070cb00000, 0x000000070cb00000, 0x000000070cc00000|  0%| F|  |TAMS 0x000000070cb00000, 0x000000070cb00000| Untracked 
| 134|0x000000070cc00000, 0x000000070cc00000, 0x000000070cd00000|  0%| F|  |TAMS 0x000000070cc00000, 0x000000070cc00000| Untracked 
| 135|0x000000070cd00000, 0x000000070cd00000, 0x000000070ce00000|  0%| F|  |TAMS 0x000000070cd00000, 0x000000070cd00000| Untracked 
| 136|0x000000070ce00000, 0x000000070ce00000, 0x000000070cf00000|  0%| F|  |TAMS 0x000000070ce00000, 0x000000070ce00000| Untracked 
| 137|0x000000070cf00000, 0x000000070cf00000, 0x000000070d000000|  0%| F|  |TAMS 0x000000070cf00000, 0x000000070cf00000| Untracked 
| 138|0x000000070d000000, 0x000000070d000000, 0x000000070d100000|  0%| F|  |TAMS 0x000000070d000000, 0x000000070d000000| Untracked 
| 139|0x000000070d100000, 0x000000070d100000, 0x000000070d200000|  0%| F|  |TAMS 0x000000070d100000, 0x000000070d100000| Untracked 
| 140|0x000000070d200000, 0x000000070d200000, 0x000000070d300000|  0%| F|  |TAMS 0x000000070d200000, 0x000000070d200000| Untracked 
| 141|0x000000070d300000, 0x000000070d300000, 0x000000070d400000|  0%| F|  |TAMS 0x000000070d300000, 0x000000070d300000| Untracked 
| 142|0x000000070d400000, 0x000000070d400000, 0x000000070d500000|  0%| F|  |TAMS 0x000000070d400000, 0x000000070d400000| Untracked 
| 143|0x000000070d500000, 0x000000070d500000, 0x000000070d600000|  0%| F|  |TAMS 0x000000070d500000, 0x000000070d500000| Untracked 
| 144|0x000000070d600000, 0x000000070d600000, 0x000000070d700000|  0%| F|  |TAMS 0x000000070d600000, 0x000000070d600000| Untracked 
| 145|0x000000070d700000, 0x000000070d700000, 0x000000070d800000|  0%| F|  |TAMS 0x000000070d700000, 0x000000070d700000| Untracked 
| 146|0x000000070d800000, 0x000000070d800000, 0x000000070d900000|  0%| F|  |TAMS 0x000000070d800000, 0x000000070d800000| Untracked 
| 147|0x000000070d900000, 0x000000070d900000, 0x000000070da00000|  0%| F|  |TAMS 0x000000070d900000, 0x000000070d900000| Untracked 
| 148|0x000000070da00000, 0x000000070da00000, 0x000000070db00000|  0%| F|  |TAMS 0x000000070da00000, 0x000000070da00000| Untracked 
| 149|0x000000070db00000, 0x000000070db00000, 0x000000070dc00000|  0%| F|  |TAMS 0x000000070db00000, 0x000000070db00000| Untracked 
| 150|0x000000070dc00000, 0x000000070dc00000, 0x000000070dd00000|  0%| F|  |TAMS 0x000000070dc00000, 0x000000070dc00000| Untracked 
| 151|0x000000070dd00000, 0x000000070dd00000, 0x000000070de00000|  0%| F|  |TAMS 0x000000070dd00000, 0x000000070dd00000| Untracked 
| 152|0x000000070de00000, 0x000000070de00000, 0x000000070df00000|  0%| F|  |TAMS 0x000000070de00000, 0x000000070de00000| Untracked 
| 153|0x000000070df00000, 0x000000070df00000, 0x000000070e000000|  0%| F|  |TAMS 0x000000070df00000, 0x000000070df00000| Untracked 
| 154|0x000000070e000000, 0x000000070e000000, 0x000000070e100000|  0%| F|  |TAMS 0x000000070e000000, 0x000000070e000000| Untracked 
| 155|0x000000070e100000, 0x000000070e100000, 0x000000070e200000|  0%| F|  |TAMS 0x000000070e100000, 0x000000070e100000| Untracked 
| 156|0x000000070e200000, 0x000000070e200000, 0x000000070e300000|  0%| F|  |TAMS 0x000000070e200000, 0x000000070e200000| Untracked 
| 157|0x000000070e300000, 0x000000070e300000, 0x000000070e400000|  0%| F|  |TAMS 0x000000070e300000, 0x000000070e300000| Untracked 
| 158|0x000000070e400000, 0x000000070e400000, 0x000000070e500000|  0%| F|  |TAMS 0x000000070e400000, 0x000000070e400000| Untracked 
| 159|0x000000070e500000, 0x000000070e500000, 0x000000070e600000|  0%| F|  |TAMS 0x000000070e500000, 0x000000070e500000| Untracked 
| 160|0x000000070e600000, 0x000000070e600000, 0x000000070e700000|  0%| F|  |TAMS 0x000000070e600000, 0x000000070e600000| Untracked 
| 161|0x000000070e700000, 0x000000070e700000, 0x000000070e800000|  0%| F|  |TAMS 0x000000070e700000, 0x000000070e700000| Untracked 
| 162|0x000000070e800000, 0x000000070e800000, 0x000000070e900000|  0%| F|  |TAMS 0x000000070e800000, 0x000000070e800000| Untracked 
| 163|0x000000070e900000, 0x000000070e900000, 0x000000070ea00000|  0%| F|  |TAMS 0x000000070e900000, 0x000000070e900000| Untracked 
| 164|0x000000070ea00000, 0x000000070ea00000, 0x000000070eb00000|  0%| F|  |TAMS 0x000000070ea00000, 0x000000070ea00000| Untracked 
| 165|0x000000070eb00000, 0x000000070eb00000, 0x000000070ec00000|  0%| F|  |TAMS 0x000000070eb00000, 0x000000070eb00000| Untracked 
| 166|0x000000070ec00000, 0x000000070ec00000, 0x000000070ed00000|  0%| F|  |TAMS 0x000000070ec00000, 0x000000070ec00000| Untracked 
| 167|0x000000070ed00000, 0x000000070ed00000, 0x000000070ee00000|  0%| F|  |TAMS 0x000000070ed00000, 0x000000070ed00000| Untracked 
| 168|0x000000070ee00000, 0x000000070ee00000, 0x000000070ef00000|  0%| F|  |TAMS 0x000000070ee00000, 0x000000070ee00000| Untracked 
| 169|0x000000070ef00000, 0x000000070ef00000, 0x000000070f000000|  0%| F|  |TAMS 0x000000070ef00000, 0x000000070ef00000| Untracked 
| 170|0x000000070f000000, 0x000000070f000000, 0x000000070f100000|  0%| F|  |TAMS 0x000000070f000000, 0x000000070f000000| Untracked 
| 171|0x000000070f100000, 0x000000070f100000, 0x000000070f200000|  0%| F|  |TAMS 0x000000070f100000, 0x000000070f100000| Untracked 
| 172|0x000000070f200000, 0x000000070f200000, 0x000000070f300000|  0%| F|  |TAMS 0x000000070f200000, 0x000000070f200000| Untracked 
| 173|0x000000070f300000, 0x000000070f300000, 0x000000070f400000|  0%| F|  |TAMS 0x000000070f300000, 0x000000070f300000| Untracked 
| 174|0x000000070f400000, 0x000000070f400000, 0x000000070f500000|  0%| F|  |TAMS 0x000000070f400000, 0x000000070f400000| Untracked 
| 175|0x000000070f500000, 0x000000070f500000, 0x000000070f600000|  0%| F|  |TAMS 0x000000070f500000, 0x000000070f500000| Untracked 
| 176|0x000000070f600000, 0x000000070f600000, 0x000000070f700000|  0%| F|  |TAMS 0x000000070f600000, 0x000000070f600000| Untracked 
| 177|0x000000070f700000, 0x000000070f700000, 0x000000070f800000|  0%| F|  |TAMS 0x000000070f700000, 0x000000070f700000| Untracked 
| 178|0x000000070f800000, 0x000000070f800000, 0x000000070f900000|  0%| F|  |TAMS 0x000000070f800000, 0x000000070f800000| Untracked 
| 179|0x000000070f900000, 0x000000070f900000, 0x000000070fa00000|  0%| F|  |TAMS 0x000000070f900000, 0x000000070f900000| Untracked 
| 180|0x000000070fa00000, 0x000000070fa00000, 0x000000070fb00000|  0%| F|  |TAMS 0x000000070fa00000, 0x000000070fa00000| Untracked 
| 181|0x000000070fb00000, 0x000000070fb00000, 0x000000070fc00000|  0%| F|  |TAMS 0x000000070fb00000, 0x000000070fb00000| Untracked 
| 182|0x000000070fc00000, 0x000000070fc00000, 0x000000070fd00000|  0%| F|  |TAMS 0x000000070fc00000, 0x000000070fc00000| Untracked 
| 183|0x000000070fd00000, 0x000000070fd00000, 0x000000070fe00000|  0%| F|  |TAMS 0x000000070fd00000, 0x000000070fd00000| Untracked 
| 184|0x000000070fe00000, 0x000000070fe00000, 0x000000070ff00000|  0%| F|  |TAMS 0x000000070fe00000, 0x000000070fe00000| Untracked 
| 185|0x000000070ff00000, 0x000000070ff00000, 0x0000000710000000|  0%| F|  |TAMS 0x000000070ff00000, 0x000000070ff00000| Untracked 
| 186|0x0000000710000000, 0x0000000710000000, 0x0000000710100000|  0%| F|  |TAMS 0x0000000710000000, 0x0000000710000000| Untracked 
| 187|0x0000000710100000, 0x0000000710100000, 0x0000000710200000|  0%| F|  |TAMS 0x0000000710100000, 0x0000000710100000| Untracked 
| 188|0x0000000710200000, 0x0000000710200000, 0x0000000710300000|  0%| F|  |TAMS 0x0000000710200000, 0x0000000710200000| Untracked 
| 189|0x0000000710300000, 0x0000000710300000, 0x0000000710400000|  0%| F|  |TAMS 0x0000000710300000, 0x0000000710300000| Untracked 
| 190|0x0000000710400000, 0x0000000710400000, 0x0000000710500000|  0%| F|  |TAMS 0x0000000710400000, 0x0000000710400000| Untracked 
| 191|0x0000000710500000, 0x0000000710500000, 0x0000000710600000|  0%| F|  |TAMS 0x0000000710500000, 0x0000000710500000| Untracked 
| 192|0x0000000710600000, 0x0000000710600000, 0x0000000710700000|  0%| F|  |TAMS 0x0000000710600000, 0x0000000710600000| Untracked 
| 193|0x0000000710700000, 0x0000000710700000, 0x0000000710800000|  0%| F|  |TAMS 0x0000000710700000, 0x0000000710700000| Untracked 
| 194|0x0000000710800000, 0x0000000710800000, 0x0000000710900000|  0%| F|  |TAMS 0x0000000710800000, 0x0000000710800000| Untracked 
| 195|0x0000000710900000, 0x0000000710900000, 0x0000000710a00000|  0%| F|  |TAMS 0x0000000710900000, 0x0000000710900000| Untracked 
| 196|0x0000000710a00000, 0x0000000710a00000, 0x0000000710b00000|  0%| F|  |TAMS 0x0000000710a00000, 0x0000000710a00000| Untracked 
| 197|0x0000000710b00000, 0x0000000710b00000, 0x0000000710c00000|  0%| F|  |TAMS 0x0000000710b00000, 0x0000000710b00000| Untracked 
| 198|0x0000000710c00000, 0x0000000710c00000, 0x0000000710d00000|  0%| F|  |TAMS 0x0000000710c00000, 0x0000000710c00000| Untracked 
| 199|0x0000000710d00000, 0x0000000710d00000, 0x0000000710e00000|  0%| F|  |TAMS 0x0000000710d00000, 0x0000000710d00000| Untracked 
| 200|0x0000000710e00000, 0x0000000710e00000, 0x0000000710f00000|  0%| F|  |TAMS 0x0000000710e00000, 0x0000000710e00000| Untracked 
| 201|0x0000000710f00000, 0x0000000710f00000, 0x0000000711000000|  0%| F|  |TAMS 0x0000000710f00000, 0x0000000710f00000| Untracked 
| 202|0x0000000711000000, 0x0000000711000000, 0x0000000711100000|  0%| F|  |TAMS 0x0000000711000000, 0x0000000711000000| Untracked 
| 203|0x0000000711100000, 0x0000000711100000, 0x0000000711200000|  0%| F|  |TAMS 0x0000000711100000, 0x0000000711100000| Untracked 
| 204|0x0000000711200000, 0x0000000711200000, 0x0000000711300000|  0%| F|  |TAMS 0x0000000711200000, 0x0000000711200000| Untracked 
| 205|0x0000000711300000, 0x0000000711300000, 0x0000000711400000|  0%| F|  |TAMS 0x0000000711300000, 0x0000000711300000| Untracked 
| 206|0x0000000711400000, 0x0000000711400000, 0x0000000711500000|  0%| F|  |TAMS 0x0000000711400000, 0x0000000711400000| Untracked 
| 207|0x0000000711500000, 0x0000000711500000, 0x0000000711600000|  0%| F|  |TAMS 0x0000000711500000, 0x0000000711500000| Untracked 
| 208|0x0000000711600000, 0x0000000711600000, 0x0000000711700000|  0%| F|  |TAMS 0x0000000711600000, 0x0000000711600000| Untracked 
| 209|0x0000000711700000, 0x0000000711700000, 0x0000000711800000|  0%| F|  |TAMS 0x0000000711700000, 0x0000000711700000| Untracked 
| 210|0x0000000711800000, 0x0000000711800000, 0x0000000711900000|  0%| F|  |TAMS 0x0000000711800000, 0x0000000711800000| Untracked 
| 211|0x0000000711900000, 0x0000000711900000, 0x0000000711a00000|  0%| F|  |TAMS 0x0000000711900000, 0x0000000711900000| Untracked 
| 212|0x0000000711a00000, 0x0000000711a00000, 0x0000000711b00000|  0%| F|  |TAMS 0x0000000711a00000, 0x0000000711a00000| Untracked 
| 213|0x0000000711b00000, 0x0000000711b00000, 0x0000000711c00000|  0%| F|  |TAMS 0x0000000711b00000, 0x0000000711b00000| Untracked 
| 214|0x0000000711c00000, 0x0000000711c00000, 0x0000000711d00000|  0%| F|  |TAMS 0x0000000711c00000, 0x0000000711c00000| Untracked 
| 215|0x0000000711d00000, 0x0000000711d00000, 0x0000000711e00000|  0%| F|  |TAMS 0x0000000711d00000, 0x0000000711d00000| Untracked 
| 216|0x0000000711e00000, 0x0000000711e00000, 0x0000000711f00000|  0%| F|  |TAMS 0x0000000711e00000, 0x0000000711e00000| Untracked 
| 217|0x0000000711f00000, 0x0000000711f00000, 0x0000000712000000|  0%| F|  |TAMS 0x0000000711f00000, 0x0000000711f00000| Untracked 
| 218|0x0000000712000000, 0x0000000712000000, 0x0000000712100000|  0%| F|  |TAMS 0x0000000712000000, 0x0000000712000000| Untracked 
| 219|0x0000000712100000, 0x0000000712100000, 0x0000000712200000|  0%| F|  |TAMS 0x0000000712100000, 0x0000000712100000| Untracked 
| 220|0x0000000712200000, 0x0000000712200000, 0x0000000712300000|  0%| F|  |TAMS 0x0000000712200000, 0x0000000712200000| Untracked 
| 221|0x0000000712300000, 0x0000000712300000, 0x0000000712400000|  0%| F|  |TAMS 0x0000000712300000, 0x0000000712300000| Untracked 
| 222|0x0000000712400000, 0x0000000712400000, 0x0000000712500000|  0%| F|  |TAMS 0x0000000712400000, 0x0000000712400000| Untracked 
| 223|0x0000000712500000, 0x0000000712500000, 0x0000000712600000|  0%| F|  |TAMS 0x0000000712500000, 0x0000000712500000| Untracked 
| 224|0x0000000712600000, 0x0000000712600000, 0x0000000712700000|  0%| F|  |TAMS 0x0000000712600000, 0x0000000712600000| Untracked 
| 225|0x0000000712700000, 0x0000000712700000, 0x0000000712800000|  0%| F|  |TAMS 0x0000000712700000, 0x0000000712700000| Untracked 
| 226|0x0000000712800000, 0x0000000712800000, 0x0000000712900000|  0%| F|  |TAMS 0x0000000712800000, 0x0000000712800000| Untracked 
| 227|0x0000000712900000, 0x0000000712900000, 0x0000000712a00000|  0%| F|  |TAMS 0x0000000712900000, 0x0000000712900000| Untracked 
| 228|0x0000000712a00000, 0x0000000712a00000, 0x0000000712b00000|  0%| F|  |TAMS 0x0000000712a00000, 0x0000000712a00000| Untracked 
| 229|0x0000000712b00000, 0x0000000712b00000, 0x0000000712c00000|  0%| F|  |TAMS 0x0000000712b00000, 0x0000000712b00000| Untracked 
| 230|0x0000000712c00000, 0x0000000712c7b640, 0x0000000712d00000| 48%| E|  |TAMS 0x0000000712c00000, 0x0000000712c00000| Complete 
| 231|0x0000000712d00000, 0x0000000712e00000, 0x0000000712e00000|100%| E|CS|TAMS 0x0000000712d00000, 0x0000000712d00000| Complete 
| 232|0x0000000712e00000, 0x0000000712f00000, 0x0000000712f00000|100%| E|CS|TAMS 0x0000000712e00000, 0x0000000712e00000| Complete 
| 233|0x0000000712f00000, 0x0000000713000000, 0x0000000713000000|100%| E|CS|TAMS 0x0000000712f00000, 0x0000000712f00000| Complete 
| 234|0x0000000713000000, 0x0000000713100000, 0x0000000713100000|100%| E|CS|TAMS 0x0000000713000000, 0x0000000713000000| Complete 
| 235|0x0000000713100000, 0x0000000713200000, 0x0000000713200000|100%| E|CS|TAMS 0x0000000713100000, 0x0000000713100000| Complete 
| 236|0x0000000713200000, 0x0000000713300000, 0x0000000713300000|100%| E|CS|TAMS 0x0000000713200000, 0x0000000713200000| Complete 
| 237|0x0000000713300000, 0x0000000713400000, 0x0000000713400000|100%| E|CS|TAMS 0x0000000713300000, 0x0000000713300000| Complete 
| 238|0x0000000713400000, 0x0000000713500000, 0x0000000713500000|100%| E|CS|TAMS 0x0000000713400000, 0x0000000713400000| Complete 
| 239|0x0000000713500000, 0x0000000713600000, 0x0000000713600000|100%| E|CS|TAMS 0x0000000713500000, 0x0000000713500000| Complete 
| 240|0x0000000713600000, 0x0000000713700000, 0x0000000713700000|100%| E|CS|TAMS 0x0000000713600000, 0x0000000713600000| Complete 
| 241|0x0000000713700000, 0x0000000713800000, 0x0000000713800000|100%| E|CS|TAMS 0x0000000713700000, 0x0000000713700000| Complete 
| 242|0x0000000713800000, 0x0000000713900000, 0x0000000713900000|100%| E|CS|TAMS 0x0000000713800000, 0x0000000713800000| Complete 
| 243|0x0000000713900000, 0x0000000713a00000, 0x0000000713a00000|100%| E|CS|TAMS 0x0000000713900000, 0x0000000713900000| Complete 
| 244|0x0000000713a00000, 0x0000000713b00000, 0x0000000713b00000|100%| E|CS|TAMS 0x0000000713a00000, 0x0000000713a00000| Complete 
| 245|0x0000000713b00000, 0x0000000713c00000, 0x0000000713c00000|100%| E|CS|TAMS 0x0000000713b00000, 0x0000000713b00000| Complete 
| 246|0x0000000713c00000, 0x0000000713d00000, 0x0000000713d00000|100%| E|  |TAMS 0x0000000713c00000, 0x0000000713c00000| Complete 
| 247|0x0000000713d00000, 0x0000000713e00000, 0x0000000713e00000|100%| E|CS|TAMS 0x0000000713d00000, 0x0000000713d00000| Complete 
| 248|0x0000000713e00000, 0x0000000713f00000, 0x0000000713f00000|100%| E|CS|TAMS 0x0000000713e00000, 0x0000000713e00000| Complete 
| 249|0x0000000713f00000, 0x0000000714000000, 0x0000000714000000|100%| E|CS|TAMS 0x0000000713f00000, 0x0000000713f00000| Complete 
| 250|0x0000000714000000, 0x0000000714100000, 0x0000000714100000|100%| E|CS|TAMS 0x0000000714000000, 0x0000000714000000| Complete 
| 251|0x0000000714100000, 0x0000000714200000, 0x0000000714200000|100%| E|CS|TAMS 0x0000000714100000, 0x0000000714100000| Complete 

Card table byte_map: [0x000002387a620000,0x000002387ae00000] _byte_map_base: 0x0000023876dfd000

Marking Bits (Prev, Next): (CMBitMap*) 0x000002386fd51bb8, (CMBitMap*) 0x000002386fd51bf0
 Prev Bits: [0x000002387b5e0000, 0x000002387f4c8000)
 Next Bits: [0x000002380f000000, 0x0000023812ee8000)

Polling page: 0x000002386dc60000

Metaspace:

Usage:
  Non-class:      9.14 MB capacity,     8.96 MB ( 98%) used,   171.67 KB (  2%) free+waste,    13.00 KB ( <1%) overhead. 
      Class:    796.00 KB capacity,   746.18 KB ( 94%) used,    43.95 KB (  6%) free+waste,     5.88 KB ( <1%) overhead. 
       Both:      9.92 MB capacity,     9.69 MB ( 98%) used,   215.62 KB (  2%) free+waste,    18.88 KB ( <1%) overhead. 

Virtual space:
  Non-class space:       10.00 MB reserved,       9.25 MB ( 93%) committed 
      Class space:        1.00 GB reserved,     896.00 KB ( <1%) committed 
             Both:        1.01 GB reserved,      10.13 MB ( <1%) committed 

Chunk freelists:
   Non-Class:  108.00 KB
       Class:  4.00 KB
        Both:  112.00 KB

MaxMetaspaceSize: 17179869184.00 GB
CompressedClassSpaceSize: 1.00 GB
Initial GC threshold: 20.80 MB
Current GC threshold: 20.80 MB
CDS: off

CodeHeap 'non-profiled nmethods': size=120000Kb used=319Kb max_used=319Kb free=119680Kb
 bounds [0x0000023807ad0000, 0x0000023807d40000, 0x000002380f000000]
CodeHeap 'profiled nmethods': size=120000Kb used=1529Kb max_used=1529Kb free=118470Kb
 bounds [0x00000238005a0000, 0x0000023800810000, 0x0000023807ad0000]
CodeHeap 'non-nmethods': size=5760Kb used=1535Kb max_used=1547Kb free=4224Kb
 bounds [0x0000023800000000, 0x0000023800270000, 0x00000238005a0000]
 total_blobs=1768 nmethods=851 adapters=830
 compilation: enabled
              stopped_count=0, restarted_count=0
 full_count=0

Compilation events (20 events):
Event: 1.108 Thread 0x00000238159e6800 nmethod 840 0x0000023807b1f510 code [0x0000023807b1f6c0, 0x0000023807b1f778]
Event: 1.108 Thread 0x00000238159e6800  843       3       java.lang.ClassLoader::getClassLoadingLock (35 bytes)
Event: 1.109 Thread 0x00000238159e6800 nmethod 843 0x0000023800718610 code [0x00000238007187e0, 0x0000023800718ae8]
Event: 1.109 Thread 0x00000238159e6800  844       3       java.lang.ClassLoader::findLoadedClass (16 bytes)
Event: 1.109 Thread 0x00000238159e6800 nmethod 844 0x0000023800718c90 code [0x0000023800718e60, 0x0000023800719038]
Event: 1.109 Thread 0x00000238159e2800 nmethod 841 0x0000023807b1f810 code [0x0000023807b1f9a0, 0x0000023807b1fa58]
Event: 1.112 Thread 0x00000238159e6800  845   !   3       jdk.internal.loader.BuiltinClassLoader::loadClassOrNull (143 bytes)
Event: 1.113 Thread 0x00000238159e6800 nmethod 845 0x0000023800719110 code [0x0000023800719480, 0x000002380071acc8]
Event: 1.113 Thread 0x00000238159e6800  846       3       java.util.WeakHashMap::put (162 bytes)
Event: 1.114 Thread 0x00000238159e6800 nmethod 846 0x000002380071b690 code [0x000002380071b920, 0x000002380071c918]
Event: 1.118 Thread 0x00000238159f5800  847   !   4       jdk.internal.loader.URLClassPath$JarLoader::ensureOpen (36 bytes)
Event: 1.118 Thread 0x00000238159e6800  848       3       java.lang.String::getChars (54 bytes)
Event: 1.119 Thread 0x00000238159e6800 nmethod 848 0x000002380071ce10 code [0x000002380071d020, 0x000002380071d4d8]
Event: 1.119 Thread 0x00000238159e6800  849       3       java.lang.StringLatin1::getChars (12 bytes)
Event: 1.119 Thread 0x00000238159e6800 nmethod 849 0x000002380071d710 code [0x000002380071d8e0, 0x000002380071db38]
Event: 1.119 Thread 0x00000238159e6800  850       3       java.util.zip.ZipFile$Source::getEntryPos (9 bytes)
Event: 1.119 Thread 0x00000238159e6800 nmethod 850 0x000002380071dd10 code [0x000002380071dec0, 0x000002380071dff8]
Event: 1.119 Thread 0x00000238159f5800 nmethod 847 0x0000023807b1fb10 code [0x0000023807b1fcc0, 0x0000023807b1fe08]
Event: 1.119 Thread 0x00000238159e6800  851       3       java.util.Collections$SetFromMap::add (22 bytes)
Event: 1.119 Thread 0x00000238159e6800 nmethod 851 0x000002380071e110 code [0x000002380071e2e0, 0x000002380071e528]

GC Heap History (0 events):
No events

Deoptimization events (20 events):
Event: 0.853 Thread 0x000002386fcec000 DEOPT PACKING pc=0x000002380060f24b sp=0x000000bbad8f95a0
Event: 0.853 Thread 0x000002386fcec000 DEOPT UNPACKING pc=0x000002380004a95e sp=0x000000bbad8f8ae0 mode 0
Event: 0.860 Thread 0x000002386fcec000 DEOPT PACKING pc=0x000002380069e6ff sp=0x000000bbad8fba10
Event: 0.860 Thread 0x000002386fcec000 DEOPT UNPACKING pc=0x000002380004a95e sp=0x000000bbad8fae60 mode 0
Event: 0.868 Thread 0x000002386fcec000 Uncommon trap: trap_request=0xffffffde fr.pc=0x0000023807b006ec relative=0x000000000000048c
Event: 0.868 Thread 0x000002386fcec000 Uncommon trap: reason=class_check action=maybe_recompile pc=0x0000023807b006ec method=java.util.HashMap.getNode(ILjava/lang/Object;)Ljava/util/HashMap$Node; @ 59 c2
Event: 0.868 Thread 0x000002386fcec000 DEOPT PACKING pc=0x0000023807b006ec sp=0x000000bbad8fba10
Event: 0.868 Thread 0x000002386fcec000 DEOPT UNPACKING pc=0x000002380004a1af sp=0x000000bbad8fb928 mode 2
Event: 0.895 Thread 0x000002386fcec000 Uncommon trap: trap_request=0xffffffde fr.pc=0x0000023807b006ec relative=0x000000000000048c
Event: 0.895 Thread 0x000002386fcec000 Uncommon trap: reason=class_check action=maybe_recompile pc=0x0000023807b006ec method=java.util.HashMap.getNode(ILjava/lang/Object;)Ljava/util/HashMap$Node; @ 59 c2
Event: 0.895 Thread 0x000002386fcec000 DEOPT PACKING pc=0x0000023807b006ec sp=0x000000bbad8fdaa0
Event: 0.895 Thread 0x000002386fcec000 DEOPT UNPACKING pc=0x000002380004a1af sp=0x000000bbad8fd9b8 mode 2
Event: 1.028 Thread 0x000002386fcec000 Uncommon trap: trap_request=0xffffffde fr.pc=0x0000023807b006ec relative=0x000000000000048c
Event: 1.028 Thread 0x000002386fcec000 Uncommon trap: reason=class_check action=maybe_recompile pc=0x0000023807b006ec method=java.util.HashMap.getNode(ILjava/lang/Object;)Ljava/util/HashMap$Node; @ 59 c2
Event: 1.028 Thread 0x000002386fcec000 DEOPT PACKING pc=0x0000023807b006ec sp=0x000000bbad8fdc90
Event: 1.028 Thread 0x000002386fcec000 DEOPT UNPACKING pc=0x000002380004a1af sp=0x000000bbad8fdba8 mode 2
Event: 1.080 Thread 0x000002386fcec000 Uncommon trap: trap_request=0xffffff5c fr.pc=0x0000023807b1c580 relative=0x0000000000000060
Event: 1.080 Thread 0x000002386fcec000 Uncommon trap: reason=speculate_null_assert action=make_not_entrant pc=0x0000023807b1c580 method=sun.misc.Unsafe.putLong(Ljava/lang/Object;JJ)V @ 7 c2
Event: 1.080 Thread 0x000002386fcec000 DEOPT PACKING pc=0x0000023807b1c580 sp=0x000000bbad8feb30
Event: 1.080 Thread 0x000002386fcec000 DEOPT UNPACKING pc=0x000002380004a1af sp=0x000000bbad8feaa8 mode 2

Classes redefined (0 events):
No events

Internal exceptions (20 events):
Event: 0.893 Thread 0x000002386fcec000 Exception <a 'java/security/PrivilegedActionException'{0x000000071306ba18}> (0x000000071306ba18) thrown at [./src/hotspot/share/prims/jvm.cpp, line 1306]
Event: 0.893 Thread 0x000002386fcec000 Exception <a 'java/security/PrivilegedActionException'{0x000000071306bce8}> (0x000000071306bce8) thrown at [./src/hotspot/share/prims/jvm.cpp, line 1306]
Event: 0.898 Thread 0x000002386fcec000 Exception <a 'sun/nio/fs/WindowsException'{0x000000071309ff40}> (0x000000071309ff40) thrown at [./src/hotspot/share/prims/jni.cpp, line 617]
Event: 0.898 Thread 0x000002386fcec000 Exception <a 'sun/nio/fs/WindowsException'{0x00000007130a02a0}> (0x00000007130a02a0) thrown at [./src/hotspot/share/prims/jni.cpp, line 617]
Event: 1.031 Thread 0x000002386fcec000 Exception <a 'sun/nio/fs/WindowsException'{0x0000000712f59228}> (0x0000000712f59228) thrown at [./src/hotspot/share/prims/jni.cpp, line 617]
Event: 1.031 Thread 0x000002386fcec000 Exception <a 'sun/nio/fs/WindowsException'{0x0000000712f595b8}> (0x0000000712f595b8) thrown at [./src/hotspot/share/prims/jni.cpp, line 617]
Event: 1.034 Thread 0x000002386fcec000 Exception <a 'sun/nio/fs/WindowsException'{0x0000000712fa23f0}> (0x0000000712fa23f0) thrown at [./src/hotspot/share/prims/jni.cpp, line 617]
Event: 1.034 Thread 0x000002386fcec000 Exception <a 'sun/nio/fs/WindowsException'{0x0000000712fa26c0}> (0x0000000712fa26c0) thrown at [./src/hotspot/share/prims/jni.cpp, line 617]
Event: 1.035 Thread 0x000002386fcec000 Exception <a 'java/security/PrivilegedActionException'{0x0000000712fbceb8}> (0x0000000712fbceb8) thrown at [./src/hotspot/share/prims/jvm.cpp, line 1306]
Event: 1.035 Thread 0x000002386fcec000 Exception <a 'java/security/PrivilegedActionException'{0x0000000712fbd188}> (0x0000000712fbd188) thrown at [./src/hotspot/share/prims/jvm.cpp, line 1306]
Event: 1.035 Thread 0x000002386fcec000 Exception <a 'java/security/PrivilegedActionException'{0x0000000712fbeae8}> (0x0000000712fbeae8) thrown at [./src/hotspot/share/prims/jvm.cpp, line 1306]
Event: 1.035 Thread 0x000002386fcec000 Exception <a 'java/security/PrivilegedActionException'{0x0000000712fbedb8}> (0x0000000712fbedb8) thrown at [./src/hotspot/share/prims/jvm.cpp, line 1306]
Event: 1.036 Thread 0x000002386fcec000 Exception <a 'java/security/PrivilegedActionException'{0x0000000712fd15a8}> (0x0000000712fd15a8) thrown at [./src/hotspot/share/prims/jvm.cpp, line 1306]
Event: 1.036 Thread 0x000002386fcec000 Exception <a 'java/security/PrivilegedActionException'{0x0000000712fd1878}> (0x0000000712fd1878) thrown at [./src/hotspot/share/prims/jvm.cpp, line 1306]
Event: 1.040 Thread 0x000002386fcec000 Exception <a 'java/security/PrivilegedActionException'{0x0000000712ffaf20}> (0x0000000712ffaf20) thrown at [./src/hotspot/share/prims/jvm.cpp, line 1306]
Event: 1.040 Thread 0x000002386fcec000 Exception <a 'java/security/PrivilegedActionException'{0x0000000712ffb1f0}> (0x0000000712ffb1f0) thrown at [./src/hotspot/share/prims/jvm.cpp, line 1306]
Event: 1.040 Thread 0x000002386fcec000 Exception <a 'java/security/PrivilegedActionException'{0x0000000712ffcaa0}> (0x0000000712ffcaa0) thrown at [./src/hotspot/share/prims/jvm.cpp, line 1306]
Event: 1.040 Thread 0x000002386fcec000 Exception <a 'java/security/PrivilegedActionException'{0x0000000712ffcd70}> (0x0000000712ffcd70) thrown at [./src/hotspot/share/prims/jvm.cpp, line 1306]
Event: 1.040 Thread 0x000002386fcec000 Exception <a 'java/security/PrivilegedActionException'{0x0000000712e0dec0}> (0x0000000712e0dec0) thrown at [./src/hotspot/share/prims/jvm.cpp, line 1306]
Event: 1.040 Thread 0x000002386fcec000 Exception <a 'java/security/PrivilegedActionException'{0x0000000712e0e190}> (0x0000000712e0e190) thrown at [./src/hotspot/share/prims/jvm.cpp, line 1306]

Events (20 events):
Event: 1.111 loading class org/lwjgl/opengl/GL15
Event: 1.111 loading class org/lwjgl/opengl/GL15 done
Event: 1.112 loading class org/lwjgl/opengl/GL14
Event: 1.112 loading class org/lwjgl/opengl/GL14 done
Event: 1.112 loading class org/lwjgl/opengl/GL13
Event: 1.112 loading class org/lwjgl/opengl/GL13 done
Event: 1.113 loading class org/lwjgl/opengl/GL12
Event: 1.113 loading class org/lwjgl/opengl/GL12 done
Event: 1.114 loading class org/lwjgl/opengl/GL11
Event: 1.114 loading class org/lwjgl/opengl/GL11 done
Event: 1.118 loading class org/lwjgl/opengl/GL15C
Event: 1.118 loading class org/lwjgl/opengl/GL15C done
Event: 1.118 loading class org/lwjgl/opengl/GL14C
Event: 1.118 loading class org/lwjgl/opengl/GL14C done
Event: 1.119 loading class org/lwjgl/opengl/GL13C
Event: 1.119 loading class org/lwjgl/opengl/GL13C done
Event: 1.119 loading class org/lwjgl/opengl/GL12C
Event: 1.119 loading class org/lwjgl/opengl/GL12C done
Event: 1.120 loading class org/lwjgl/system/libc/LibCString
Event: 1.120 loading class org/lwjgl/system/libc/LibCString done


Dynamic libraries:
0x00007ff6170f0000 - 0x00007ff6170fd000 	C:\Program Files\Java\jdk-11.0.15-full\bin\java.exe
0x00007fff6a1c0000 - 0x00007fff6a3c9000 	C:\WINDOWS\SYSTEM32\ntdll.dll
0x00007fff699b0000 - 0x00007fff69a6e000 	C:\WINDOWS\System32\KERNEL32.DLL
0x00007fff674c0000 - 0x00007fff6783b000 	C:\WINDOWS\System32\KERNELBASE.dll
0x00007fff67ce0000 - 0x00007fff67df1000 	C:\WINDOWS\System32\ucrtbase.dll
0x00007fff5ed70000 - 0x00007fff5ed85000 	C:\Program Files\Java\jdk-11.0.15-full\bin\VCRUNTIME140.dll
0x00007fff607f0000 - 0x00007fff60807000 	C:\Program Files\Java\jdk-11.0.15-full\bin\jli.dll
0x00007fff69180000 - 0x00007fff6932d000 	C:\WINDOWS\System32\USER32.dll
0x00007fff4e480000 - 0x00007fff4e725000 	C:\WINDOWS\WinSxS\amd64_microsoft.windows.common-controls_6595b64144ccf1df_6.0.22000.120_none_9d947278b86cc467\COMCTL32.dll
0x00007fff67a00000 - 0x00007fff67a26000 	C:\WINDOWS\System32\win32u.dll
0x00007fff69900000 - 0x00007fff699a3000 	C:\WINDOWS\System32\msvcrt.dll
0x00007fff6a120000 - 0x00007fff6a149000 	C:\WINDOWS\System32\GDI32.dll
0x00007fff678e0000 - 0x00007fff679f8000 	C:\WINDOWS\System32\gdi32full.dll
0x00007fff67840000 - 0x00007fff678dd000 	C:\WINDOWS\System32\msvcp_win.dll
0x00007fff69c40000 - 0x00007fff69c72000 	C:\WINDOWS\System32\IMM32.DLL
0x00007fff4b510000 - 0x00007fff4b5ab000 	C:\Program Files\Java\jdk-11.0.15-full\bin\msvcp140.dll
0x00007fff25150000 - 0x00007fff25cd0000 	C:\Program Files\Java\jdk-11.0.15-full\bin\server\jvm.dll
0x00007fff68d40000 - 0x00007fff68dee000 	C:\WINDOWS\System32\ADVAPI32.dll
0x00007fff69ae0000 - 0x00007fff69b7e000 	C:\WINDOWS\System32\sechost.dll
0x00007fff68bc0000 - 0x00007fff68ce0000 	C:\WINDOWS\System32\RPCRT4.dll
0x00007fff68bb0000 - 0x00007fff68bb8000 	C:\WINDOWS\System32\PSAPI.DLL
0x00007fff5ee70000 - 0x00007fff5ee79000 	C:\WINDOWS\SYSTEM32\WSOCK32.dll
0x00007fff5e7f0000 - 0x00007fff5e823000 	C:\WINDOWS\SYSTEM32\WINMM.dll
0x00007fff5acc0000 - 0x00007fff5acca000 	C:\WINDOWS\SYSTEM32\VERSION.dll
0x00007fff69a70000 - 0x00007fff69adf000 	C:\WINDOWS\System32\WS2_32.dll
0x00007fff66490000 - 0x00007fff664a8000 	C:\WINDOWS\SYSTEM32\kernel.appcore.dll
0x00007fff607e0000 - 0x00007fff607f0000 	C:\Program Files\Java\jdk-11.0.15-full\bin\verify.dll
0x00007fff61b40000 - 0x00007fff61d61000 	C:\WINDOWS\SYSTEM32\DBGHELP.DLL
0x00007fff50370000 - 0x00007fff503a1000 	C:\WINDOWS\SYSTEM32\dbgcore.DLL
0x00007fff67a30000 - 0x00007fff67aaf000 	C:\WINDOWS\System32\bcryptPrimitives.dll
0x00007fff5ed40000 - 0x00007fff5ed68000 	C:\Program Files\Java\jdk-11.0.15-full\bin\java.dll
0x00007fff60710000 - 0x00007fff6071a000 	C:\Program Files\Java\jdk-11.0.15-full\bin\jimage.dll
0x00007fff4d780000 - 0x00007fff4d798000 	C:\Program Files\Java\jdk-11.0.15-full\bin\zip.dll
0x00007fff68300000 - 0x00007fff68ab8000 	C:\WINDOWS\System32\SHELL32.dll
0x00007fff65500000 - 0x00007fff65d65000 	C:\WINDOWS\SYSTEM32\windows.storage.dll
0x00007fff69d80000 - 0x00007fff6a0f8000 	C:\WINDOWS\System32\combase.dll
0x00007fff65390000 - 0x00007fff654f6000 	C:\WINDOWS\SYSTEM32\wintypes.dll
0x00007fff68ac0000 - 0x00007fff68baa000 	C:\WINDOWS\System32\SHCORE.dll
0x00007fff68ce0000 - 0x00007fff68d3d000 	C:\WINDOWS\System32\shlwapi.dll
0x00007fff67380000 - 0x00007fff673a1000 	C:\WINDOWS\SYSTEM32\profapi.dll
0x00007fff4d760000 - 0x00007fff4d779000 	C:\Program Files\Java\jdk-11.0.15-full\bin\net.dll
0x00007fff5eee0000 - 0x00007fff5eff4000 	C:\WINDOWS\SYSTEM32\WINHTTP.dll
0x00007fff66920000 - 0x00007fff66987000 	C:\WINDOWS\system32\mswsock.dll
0x00007fff4d740000 - 0x00007fff4d753000 	C:\Program Files\Java\jdk-11.0.15-full\bin\nio.dll
0x00007fff30b00000 - 0x00007fff30b75000 	C:\Users\User\AppData\Local\Temp\lwjglUser\3.3.1-build-7\lwjgl.dll
0x00007fff24c10000 - 0x00007fff24e69000 	C:\Users\User\AppData\Local\Temp\lwjglUser\3.3.1-build-7\jemalloc.dll
0x00007fff31e90000 - 0x00007fff31ef1000 	C:\Users\User\AppData\Local\Temp\lwjglUser\3.3.1-build-7\glfw.dll
0x00007fff4e080000 - 0x00007fff4e0c5000 	C:\WINDOWS\SYSTEM32\dinput8.dll
0x00007fff4b990000 - 0x00007fff4b9a1000 	C:\WINDOWS\SYSTEM32\xinput1_4.dll
0x00007fff670d0000 - 0x00007fff6711c000 	C:\WINDOWS\SYSTEM32\cfgmgr32.dll
0x00007fff670a0000 - 0x00007fff670cc000 	C:\WINDOWS\SYSTEM32\DEVOBJ.dll
0x00007fff61b10000 - 0x00007fff61b3f000 	C:\WINDOWS\SYSTEM32\dwmapi.dll
0x00007fff480e0000 - 0x00007fff482a9000 	C:\WINDOWS\SYSTEM32\inputhost.dll
0x00007fff61250000 - 0x00007fff61381000 	C:\WINDOWS\SYSTEM32\CoreMessaging.dll
0x00007fff616c0000 - 0x00007fff6176c000 	C:\WINDOWS\system32\uxtheme.dll
0x00007fff681e0000 - 0x00007fff682fd000 	C:\WINDOWS\System32\MSCTF.dll
0x00007fff66b10000 - 0x00007fff66b1c000 	C:\WINDOWS\SYSTEM32\CRYPTBASE.DLL
0x00007fff4a5c0000 - 0x00007fff4a6c1000 	C:\WINDOWS\SYSTEM32\opengl32.dll
0x00007fff53c50000 - 0x00007fff53c7d000 	C:\WINDOWS\SYSTEM32\GLU32.dll
0x00007fff617e0000 - 0x00007fff61818000 	C:\WINDOWS\SYSTEM32\dxcore.dll
0x00007fff5eaa0000 - 0x00007fff5eae4000 	C:\WINDOWS\SYSTEM32\directxdatabasehelper.dll
0x00007fff664b0000 - 0x00007fff664e4000 	C:\WINDOWS\SYSTEM32\ntmarta.dll
0x00007fff69b80000 - 0x00007fff69c35000 	C:\WINDOWS\System32\clbcatq.dll
0x00007fff23bf0000 - 0x00007fff24c0b000 	C:\Windows\System32\DriverStore\FileRepository\iigd_dch.inf_amd64_c6eaed8f39b14916\ig9icd64.dll
0x00007fff68fe0000 - 0x00007fff6917a000 	C:\WINDOWS\System32\ole32.dll
0x00007fff61840000 - 0x00007fff61933000 	C:\WINDOWS\system32\dxgi.dll
0x00007fff237e0000 - 0x00007fff23bed000 	C:\Windows\System32\DriverStore\FileRepository\iigd_dch.inf_amd64_c6eaed8f39b14916\igdml64.dll
0x00007fff5a6f0000 - 0x00007fff5aab4000 	C:\Windows\System32\DriverStore\FileRepository\iigd_dch.inf_amd64_c6eaed8f39b14916\igdgmm64.dll
0x00007fff543d0000 - 0x00007fff57840000 	C:\Windows\System32\DriverStore\FileRepository\iigd_dch.inf_amd64_c6eaed8f39b14916\igc64.dll
0x00007fff67180000 - 0x00007fff671cd000 	C:\WINDOWS\SYSTEM32\powrprof.dll
0x00007fff67160000 - 0x00007fff67173000 	C:\WINDOWS\SYSTEM32\UMPDC.dll
0x00007fff479f0000 - 0x00007fff47b1d000 	C:\WINDOWS\SYSTEM32\textinputframework.dll
0x00007fff68ef0000 - 0x00007fff68fc6000 	C:\WINDOWS\System32\OLEAUT32.dll
0x00007fff5e0c0000 - 0x00007fff5e42d000 	C:\WINDOWS\SYSTEM32\CoreUIComponents.dll
0x00007fff2f0f0000 - 0x00007fff2f14d000 	C:\Users\User\AppData\Local\Temp\lwjglUser\3.3.1-build-7\lwjgl_opengl.dll

dbghelp: loaded successfully - version: 4.0.5 - missing functions: none
symbol engine: initialized successfully - sym options: 0x614 - pdb path: .;C:\Program Files\Java\jdk-11.0.15-full\bin;C:\WINDOWS\SYSTEM32;C:\WINDOWS\WinSxS\amd64_microsoft.windows.common-controls_6595b64144ccf1df_6.0.22000.120_none_9d947278b86cc467;C:\Program Files\Java\jdk-11.0.15-full\bin\server;C:\Users\User\AppData\Local\Temp\lwjglUser\3.3.1-build-7;C:\Windows\System32\DriverStore\FileRepository\iigd_dch.inf_amd64_c6eaed8f39b14916

VM Arguments:
jvm_args: -Dfile.encoding=windows-1251 -Duser.country=RU -Duser.language=ru -Duser.variant 
java_command: opengl.tutor.Main3
java_class_path (initial): C:\Users\User\OpenGL\OpenGL\build\classes\java\main;C:\Users\User\OpenGL\OpenGL\build\resources\main;C:\Users\User\.gradle\caches\modules-2\files-2.1\org.lwjgl\lwjgl-assimp\3.3.1\312072f451794f25670aebb0160ce6ec88aff842\lwjgl-assimp-3.3.1.jar;C:\Users\User\.gradle\caches\modules-2\files-2.1\org.lwjgl\lwjgl-assimp\3.3.1\bfa2a0d57acbf952b716d0ad8a3acbd7ad9f5639\lwjgl-assimp-3.3.1-natives-windows.jar;C:\Users\User\.gradle\caches\modules-2\files-2.1\org.lwjgl\lwjgl-bgfx\3.3.1\4243b7d255d885980f10c36edfb678729493685e\lwjgl-bgfx-3.3.1.jar;C:\Users\User\.gradle\caches\modules-2\files-2.1\org.lwjgl\lwjgl-bgfx\3.3.1\12f22e13c99db9153124dbc17b84fe0233c6f3d5\lwjgl-bgfx-3.3.1-natives-windows.jar;C:\Users\User\.gradle\caches\modules-2\files-2.1\org.lwjgl\lwjgl-cuda\3.3.1\8b67bd7760450f890eade8f74bfaf0dca10821fe\lwjgl-cuda-3.3.1.jar;C:\Users\User\.gradle\caches\modules-2\files-2.1\org.lwjgl\lwjgl-egl\3.3.1\8399e6734ad7d97d2e1f865b2c6c5232d5126dca\lwjgl-egl-3.3.1.jar;C:\Users\User\.gradle\caches\modules-2\files-2.1\org.lwjgl\lwjgl-glfw\3.3.1\cbac1b8d30cb4795149c1ef540f912671a8616d0\lwjgl-glfw-3.3.1.jar;C:\Users\User\.gradle\caches\modules-2\files-2.1\org.lwjgl\lwjgl-glfw\3.3.1\ed892f945cf7e79c8756796f32d00fa4ceaf573b\lwjgl-glfw-3.3.1-natives-windows.jar;C:\Users\User\.gradle\caches\modules-2\files-2.1\org.lwjgl\lwjgl-jawt\3.3.1\30330b16b809655d42f4951ece57f425cce43ce2\lwjgl-jawt-3.3.1.jar;C:\Users\User\.gradle\caches\modules-2\files-2.1\org.lwjgl\lwjgl-jemalloc\3.3.1\a817bcf213db49f710603677457567c37d53e103\lwjgl-jemalloc-3.3.1.jar;C:\Users\User\.gradle\caches\modules-2\files-2.1\org.lwjgl\lwjgl-jemalloc\3.3.1\948a89b76a16aa324b046ae9308891216ffce5f9\lwjgl-jemalloc-3.3.1-natives-windows.jar;C:\Users\User\.gradle\caches\modules-2\files-2.1\org.lwjgl\lwjgl-libdivide\3.3.1\ed21d21e4f3d508908ef1a23d885e73983f244ea\lwjgl-libdivide-3.3.1.jar;C:\Users\User\.gradle\caches\modules-2\files-2.1\org.lwjgl\lwjgl-libdivide\3.3.1\7c53f5a3d69c89ef57799170f2712de39d729
Launcher Type: SUN_STANDARD

[Global flags]
     intx CICompilerCount                          = 4                                         {product} {ergonomic}
     uint ConcGCThreads                            = 2                                         {product} {ergonomic}
     uint G1ConcRefinementThreads                  = 8                                         {product} {ergonomic}
   size_t G1HeapRegionSize                         = 1048576                                   {product} {ergonomic}
    uintx GCDrainStackTargetSize                   = 64                                        {product} {ergonomic}
   size_t InitialHeapSize                          = 264241152                                 {product} {ergonomic}
   size_t MarkStackSize                            = 4194304                                   {product} {ergonomic}
   size_t MaxHeapSize                              = 4221566976                                {product} {ergonomic}
   size_t MaxNewSize                               = 2532311040                                {product} {ergonomic}
   size_t MinHeapDeltaBytes                        = 1048576                                   {product} {ergonomic}
    uintx NonNMethodCodeHeapSize                   = 5836300                                {pd product} {ergonomic}
    uintx NonProfiledCodeHeapSize                  = 122910970                              {pd product} {ergonomic}
    uintx ProfiledCodeHeapSize                     = 122910970                              {pd product} {ergonomic}
    uintx ReservedCodeCacheSize                    = 251658240                              {pd product} {ergonomic}
     bool SegmentedCodeCache                       = true                                      {product} {ergonomic}
     bool UseCompressedClassPointers               = true                                 {lp64_product} {ergonomic}
     bool UseCompressedOops                        = true                                 {lp64_product} {ergonomic}
     bool UseG1GC                                  = true                                      {product} {ergonomic}
     bool UseLargePagesIndividualAllocation        = false                                  {pd product} {ergonomic}

Logging:
Log output configuration:
 #0: stdout all=warning uptime,level,tags
 #1: stderr all=off uptime,level,tags

Environment Variables:
JAVA_HOME=C:\Program Files\Java\jdk-11.0.15-full
PATH=C:\WINDOWS\system32;C:\WINDOWS;C:\WINDOWS\System32\Wbem;C:\WINDOWS\System32\WindowsPowerShell\v1.0\;C:\WINDOWS\System32\OpenSSH\;C:\Program Files\Java\jdk-11.0.15-full\bin;C:\Program Files\Git\cmd;C:\Program Files\Docker\Docker\resources\bin;C:\ProgramData\DockerDesktop\version-bin;C:\Users\User\AppData\Local\Microsoft\WindowsApps;;C:\Program Files\JetBrains\IntelliJ IDEA 2022.1\bin;
USERNAME=User
OS=Windows_NT
PROCESSOR_IDENTIFIER=Intel64 Family 6 Model 142 Stepping 12, GenuineIntel



---------------  S Y S T E M  ---------------

OS: Windows 11 , 64 bit Build 22000 (10.0.22000.1219)
OS uptime: 3 days 19:08 hours
Hyper-V role detected

CPU:total 8 (initial active 8) (4 cores per cpu, 2 threads per core) family 6 model 142 stepping 12 microcode 0xea, cmov, cx8, fxsr, mmx, sse, sse2, sse3, ssse3, sse4.1, sse4.2, popcnt, avx, avx2, aes, clmul, erms, 3dnowpref, lzcnt, ht, tsc, tscinvbit, bmi1, bmi2, adx, fma

Memory: 4k page, system-wide physical 16102M (4429M free)
TotalPageFile size 21216M (AvailPageFile size 5606M)
current process WorkingSet (physical memory assigned to process): 123M, peak: 123M
current process commit charge ("private bytes"): 369M, peak: 369M

vm_info: OpenJDK 64-Bit Server VM (11.0.15+10-LTS) for windows-amd64 JRE (11.0.15+10-LTS), built on Apr 20 2022 04:04:27 by "" with unknown MS VC++:1916

END.
