#
# A fatal error has been detected by the Java Runtime Environment:
#
#  EXCEPTION_ACCESS_VIOLATION (0xc0000005) at pc=0x00007ffeaa7c853b, pid=1340, tid=5880
#
# JRE version: OpenJDK Runtime Environment (11.0.15+10) (build 11.0.15+10-LTS)
# Java VM: OpenJDK 64-Bit Server VM (11.0.15+10-LTS, mixed mode, tiered, compressed oops, g1 gc, windows-amd64)
# Problematic frame:
# C  [ig9icd64.dll+0x8c853b]
#
# No core dump will be written. Minidumps are not enabled by default on client versions of Windows
#
# If you would like to submit a bug report, please visit:
#   https://bell-sw.com/support
# The crash happened outside the Java Virtual Machine in native code.
# See problematic frame for where to report the bug.
#

---------------  S U M M A R Y ------------

Command Line: -Dfile.encoding=windows-1251 -Duser.country=RU -Duser.language=ru -Duser.variant opengl.tutor.Main

Host: Intel(R) Core(TM) i5-10310U CPU @ 1.70GHz, 8 cores, 15G,  Windows 11 , 64 bit Build 22000 (10.0.22000.1219)
Time: Wed Nov 16 21:22:17 2022 RTZ 2 (s 11 , 64 bit Build 22000 (10.0.22000.1219) elapsed time: 0.748057 seconds (0d 0h 0m 0s)

---------------  T H R E A D  ---------------

Current thread (0x000001c10d0fc800):  JavaThread "main" [_thread_in_native, id=5880, stack(0x00000041f1100000,0x00000041f1200000)]

Stack: [0x00000041f1100000,0x00000041f1200000],  sp=0x00000041f11fc860,  free space=1010k
Native frames: (J=compiled Java code, j=interpreted, Vv=VM code, C=native code)
C  [ig9icd64.dll+0x8c853b]

Java frames: (J=compiled Java code, j=interpreted, Vv=VM code)
j  org.lwjgl.opengl.GL11C.glDrawArrays(III)V+0
j  org.lwjgl.opengl.GL11.glDrawArrays(III)V+3
j  opengl.tutor.Main.loop()V+225
j  opengl.tutor.Main.run()V+19
j  opengl.tutor.Main.main([Ljava/lang/String;)V+7
v  ~StubRoutines::call_stub

siginfo: EXCEPTION_ACCESS_VIOLATION (0xc0000005), reading address 0x0000000000000028


Register to memory mapping:

RIP=0x00007ffeaa7c853b ig9icd64.dll
RAX=0x000001c133d5b390 points into unknown readable memory: 0x0000000000000000 | 00 00 00 00 00 00 00 00
RBX=0x0 is NULL
RCX=0x0 is NULL
RDX=0x000001c133bc0cb0 points into unknown readable memory: 0x0000000000000000 | 00 00 00 00 00 00 00 00
RSP=0x00000041f11fc860 is pointing into the stack for thread: 0x000001c10d0fc800
RBP=0x00000041f11fc960 is pointing into the stack for thread: 0x000001c10d0fc800
RSI=0x000001c133d5b1b0 points into unknown readable memory: 0x0000000000000000 | 00 00 00 00 00 00 00 00
RDI=0x000001c133924a00 points into unknown readable memory: 0x000001c133a3ae80 | 80 ae a3 33 c1 01 00 00
R8 =0x0000000000000003 is an unknown value
R9 =0x0 is NULL
R10=0x0 is NULL
R11=0x000001c13394faae points into unknown readable memory: 00 00
R12=0x0000000000000010 is an unknown value
R13=0x000001c133bc1130 points into unknown readable memory: 0x0000000000000000 | 00 00 00 00 00 00 00 00
R14=0x000001c133bc1810 points into unknown readable memory: 0x0000000000000000 | 00 00 00 00 00 00 00 00
R15=0x0000000000000010 is an unknown value


Registers:
RAX=0x000001c133d5b390, RBX=0x0000000000000000, RCX=0x0000000000000000, RDX=0x000001c133bc0cb0
RSP=0x00000041f11fc860, RBP=0x00000041f11fc960, RSI=0x000001c133d5b1b0, RDI=0x000001c133924a00
R8 =0x0000000000000003, R9 =0x0000000000000000, R10=0x0000000000000000, R11=0x000001c13394faae
R12=0x0000000000000010, R13=0x000001c133bc1130, R14=0x000001c133bc1810, R15=0x0000000000000010
RIP=0x00007ffeaa7c853b, EFLAGS=0x0000000000010202

Top of Stack: (sp=0x00000041f11fc860)
0x00000041f11fc860:   0000001000000000 0000000000000000
0x00000041f11fc870:   0000000000000000 000001c13395d340
0x00000041f11fc880:   000001c10aed0000 000001c133d96ff0
0x00000041f11fc890:   0000000000000000 000001c10aed0000
0x00000041f11fc8a0:   000001c133e8b200 000001c100000001
0x00000041f11fc8b0:   0000000000000000 0000000000000000
0x00000041f11fc8c0:   0000000000000000 0000000000010000
0x00000041f11fc8d0:   0000000000000002 00007fff00000003
0x00000041f11fc8e0:   0000000033e80100 0000010032dd0440
0x00000041f11fc8f0:   000001c133d8e3c8 0000000000000001
0x00000041f11fc900:   000001c133e87bc0 00007fff2b8276e1
0x00000041f11fc910:   0000000000000000 000001c13394faae
0x00000041f11fc920:   000001c100000000 000001c13397de80
0x00000041f11fc930:   000001c133d97000 000001c133ec5fe0
0x00000041f11fc940:   000001c133d5b390 0000000000000001
0x00000041f11fc950:   0000000000000000 000001c137de0520 

Instructions: (pc=0x00007ffeaa7c853b)
0x00007ffeaa7c843b:   41 8b c6 d3 e0 89 44 24 68 33 c9 89 4d 84 c6 45
0x00007ffeaa7c844b:   81 01 45 84 c9 0f 85 a4 07 00 00 85 87 e0 af 02
0x00007ffeaa7c845b:   00 0f 84 38 07 00 00 48 8b 97 d0 90 01 00 45 8b
0x00007ffeaa7c846b:   fc 4b 8d 04 ff 4c 8d 2c c2 41 8b 45 48 89 45 84
0x00007ffeaa7c847b:   41 8b 45 40 4c 8d 70 47 4e 8d 34 b0 4e 8d 34 f2
0x00007ffeaa7c848b:   49 8b 76 10 80 bf 40 bd 02 00 01 0f 85 8c 00 00
0x00007ffeaa7c849b:   00 48 8b 87 30 bd 02 00 4a 8b b4 f8 a0 00 00 00
0x00007ffeaa7c84ab:   48 8d 46 30 48 89 45 e0 48 8b 18 48 8b 43 28 4c
0x00007ffeaa7c84bb:   8d a5 88 06 00 00 4d 03 e2 4c 89 65 90 48 8b 48
0x00007ffeaa7c84cb:   20 ba 02 00 00 00 48 8b 49 08 e8 d6 f7 75 ff 41
0x00007ffeaa7c84db:   89 04 24 48 8b 55 b0 4c 8d 85 8c 06 00 00 4c 03
0x00007ffeaa7c84eb:   c2 4c 89 44 24 50 48 8b 87 30 bd 02 00 42 8b 4c
0x00007ffeaa7c84fb:   b8 20 41 89 08 48 8b 43 28 48 8b 48 20 48 89 8c
0x00007ffeaa7c850b:   15 80 06 00 00 44 8b 4e 14 41 8b 4e 08 89 4c 24
0x00007ffeaa7c851b:   44 41 8b 46 0c 89 45 98 e9 9f 05 00 00 39 4e 08
0x00007ffeaa7c852b:   74 7c 48 8d 86 e0 01 00 00 48 89 45 e0 48 8b 18
0x00007ffeaa7c853b:   48 8b 43 28 4c 8d bd 88 06 00 00 4d 03 fa 4c 89
0x00007ffeaa7c854b:   7d 90 48 8b 48 20 ba 02 00 00 00 48 8b 49 08 e8
0x00007ffeaa7c855b:   51 f7 75 ff 41 89 07 8b 4b 08 4c 8b 7d b0 4c 8d
0x00007ffeaa7c856b:   85 8c 06 00 00 4d 03 c7 4c 89 44 24 50 41 03 0e
0x00007ffeaa7c857b:   41 89 08 48 8b 43 28 48 8b 48 20 4a 89 8c 3d 80
0x00007ffeaa7c858b:   06 00 00 44 8b 8e c4 01 00 00 41 8b 4e 08 89 4c
0x00007ffeaa7c859b:   24 44 41 8b 46 0c 89 45 98 e9 1e 05 00 00 49 8b
0x00007ffeaa7c85ab:   76 18 48 85 f6 0f 84 81 00 00 00 48 8b 05 d3 a2
0x00007ffeaa7c85bb:   58 00 39 88 20 08 00 00 74 72 48 8d 46 30 48 89
0x00007ffeaa7c85cb:   45 e0 48 8b 18 48 8b 43 28 4c 8d bd 88 06 00 00
0x00007ffeaa7c85db:   4d 03 fa 4c 89 7d 90 48 8b 48 20 ba 02 00 00 00
0x00007ffeaa7c85eb:   48 8b 49 08 e8 bc f6 75 ff 41 89 07 48 8b 55 b0
0x00007ffeaa7c85fb:   48 8d 8d 8c 06 00 00 48 03 ca 48 89 4c 24 50 41
0x00007ffeaa7c860b:   8b 06 89 01 48 8b 43 28 48 8b 48 20 48 89 8c 15
0x00007ffeaa7c861b:   80 06 00 00 44 8b 4e 14 41 8b 4e 08 89 4c 24 44
0x00007ffeaa7c862b:   41 8b 46 0c 89 45 98 e9 90 04 00 00 41 8b 46 08 


Stack slot to memory mapping:
stack at sp + 0 slots: 0x0000001000000000 is an unknown value
stack at sp + 1 slots: 0x0 is NULL
stack at sp + 2 slots: 0x0 is NULL
stack at sp + 3 slots: 0x000001c13395d340 points into unknown readable memory: 0x0000000000000001 | 01 00 00 00 00 00 00 00
stack at sp + 4 slots: 0x000001c10aed0000 points into unknown readable memory: 0x0000000000000000 | 00 00 00 00 00 00 00 00
stack at sp + 5 slots: 0x000001c133d96ff0 points into unknown readable memory: 0x0000000000000000 | 00 00 00 00 00 00 00 00
stack at sp + 6 slots: 0x0 is NULL
stack at sp + 7 slots: 0x000001c10aed0000 points into unknown readable memory: 0x0000000000000000 | 00 00 00 00 00 00 00 00


---------------  P R O C E S S  ---------------

Threads class SMR info:
_java_thread_list=0x000001c133a27090, length=11, elements={
0x000001c10d0fc800, 0x000001c13234f800, 0x000001c132348800, 0x000001c132c4d000,
0x000001c132c4e000, 0x000001c132c51000, 0x000001c132c54800, 0x000001c132c56800,
0x000001c132c5d800, 0x000001c132de1800, 0x000001c133d51000
}

Java Threads: ( => current thread )
=>0x000001c10d0fc800 JavaThread "main" [_thread_in_native, id=5880, stack(0x00000041f1100000,0x00000041f1200000)]
  0x000001c13234f800 JavaThread "Reference Handler" daemon [_thread_blocked, id=8884, stack(0x00000041f1800000,0x00000041f1900000)]
  0x000001c132348800 JavaThread "Finalizer" daemon [_thread_blocked, id=8692, stack(0x00000041f1900000,0x00000041f1a00000)]
  0x000001c132c4d000 JavaThread "Signal Dispatcher" daemon [_thread_blocked, id=14936, stack(0x00000041f1a00000,0x00000041f1b00000)]
  0x000001c132c4e000 JavaThread "Attach Listener" daemon [_thread_blocked, id=16760, stack(0x00000041f1b00000,0x00000041f1c00000)]
  0x000001c132c51000 JavaThread "Service Thread" daemon [_thread_blocked, id=5676, stack(0x00000041f1c00000,0x00000041f1d00000)]
  0x000001c132c54800 JavaThread "C2 CompilerThread0" daemon [_thread_blocked, id=20316, stack(0x00000041f1d00000,0x00000041f1e00000)]
  0x000001c132c56800 JavaThread "C1 CompilerThread0" daemon [_thread_blocked, id=16240, stack(0x00000041f1e00000,0x00000041f1f00000)]
  0x000001c132c5d800 JavaThread "Sweeper thread" daemon [_thread_blocked, id=15320, stack(0x00000041f1f00000,0x00000041f2000000)]
  0x000001c132de1800 JavaThread "Common-Cleaner" daemon [_thread_blocked, id=5960, stack(0x00000041f2100000,0x00000041f2200000)]
  0x000001c133d51000 JavaThread "C2 CompilerThread1" daemon [_thread_blocked, id=308, stack(0x00000041f2200000,0x00000041f2300000)]

Other Threads:
  0x000001c13233d000 VMThread "VM Thread" [stack: 0x00000041f1700000,0x00000041f1800000] [id=7464]
  0x000001c132dd7000 WatcherThread [stack: 0x00000041f2000000,0x00000041f2100000] [id=10408]
  0x000001c10d116000 GCTaskThread "GC Thread#0" [stack: 0x00000041f1200000,0x00000041f1300000] [id=3692]
  0x000001c10d170800 ConcurrentGCThread "G1 Main Marker" [stack: 0x00000041f1300000,0x00000041f1400000] [id=14640]
  0x000001c10d172800 ConcurrentGCThread "G1 Conc#0" [stack: 0x00000041f1400000,0x00000041f1500000] [id=9244]
  0x000001c132226800 ConcurrentGCThread "G1 Refine#0" [stack: 0x00000041f1500000,0x00000041f1600000] [id=13508]
  0x000001c132229800 ConcurrentGCThread "G1 Young RemSet Sampling" [stack: 0x00000041f1600000,0x00000041f1700000] [id=16980]

Threads with active compile tasks:

VM state:not at safepoint (normal execution)

VM Mutex/Monitor currently owned by a thread: None

Heap address: 0x0000000704600000, size: 4026 MB, Compressed Oops mode: Zero based, Oop shift amount: 3
Narrow klass base: 0x0000000800000000, Narrow klass shift: 0
Compressed class space size: 1073741824 Address: 0x0000000800000000

Heap:
 garbage-first heap   total 258048K, used 20480K [0x0000000704600000, 0x0000000800000000)
  region size 1024K, 22 young (22528K), 0 survivors (0K)
 Metaspace       used 9920K, capacity 10160K, committed 10368K, reserved 1058816K
  class space    used 746K, capacity 796K, committed 896K, reserved 1048576K
Heap Regions: E=young(eden), S=young(survivor), O=old, HS=humongous(starts), HC=humongous(continues), CS=collection set, F=free, A=archive, TAMS=top-at-mark-start (previous, next)
|   0|0x0000000704600000, 0x0000000704600000, 0x0000000704700000|  0%| F|  |TAMS 0x0000000704600000, 0x0000000704600000| Untracked 
|   1|0x0000000704700000, 0x0000000704700000, 0x0000000704800000|  0%| F|  |TAMS 0x0000000704700000, 0x0000000704700000| Untracked 
|   2|0x0000000704800000, 0x0000000704800000, 0x0000000704900000|  0%| F|  |TAMS 0x0000000704800000, 0x0000000704800000| Untracked 
|   3|0x0000000704900000, 0x0000000704900000, 0x0000000704a00000|  0%| F|  |TAMS 0x0000000704900000, 0x0000000704900000| Untracked 
|   4|0x0000000704a00000, 0x0000000704a00000, 0x0000000704b00000|  0%| F|  |TAMS 0x0000000704a00000, 0x0000000704a00000| Untracked 
|   5|0x0000000704b00000, 0x0000000704b00000, 0x0000000704c00000|  0%| F|  |TAMS 0x0000000704b00000, 0x0000000704b00000| Untracked 
|   6|0x0000000704c00000, 0x0000000704c00000, 0x0000000704d00000|  0%| F|  |TAMS 0x0000000704c00000, 0x0000000704c00000| Untracked 
|   7|0x0000000704d00000, 0x0000000704d00000, 0x0000000704e00000|  0%| F|  |TAMS 0x0000000704d00000, 0x0000000704d00000| Untracked 
|   8|0x0000000704e00000, 0x0000000704e00000, 0x0000000704f00000|  0%| F|  |TAMS 0x0000000704e00000, 0x0000000704e00000| Untracked 
|   9|0x0000000704f00000, 0x0000000704f00000, 0x0000000705000000|  0%| F|  |TAMS 0x0000000704f00000, 0x0000000704f00000| Untracked 
|  10|0x0000000705000000, 0x0000000705000000, 0x0000000705100000|  0%| F|  |TAMS 0x0000000705000000, 0x0000000705000000| Untracked 
|  11|0x0000000705100000, 0x0000000705100000, 0x0000000705200000|  0%| F|  |TAMS 0x0000000705100000, 0x0000000705100000| Untracked 
|  12|0x0000000705200000, 0x0000000705200000, 0x0000000705300000|  0%| F|  |TAMS 0x0000000705200000, 0x0000000705200000| Untracked 
|  13|0x0000000705300000, 0x0000000705300000, 0x0000000705400000|  0%| F|  |TAMS 0x0000000705300000, 0x0000000705300000| Untracked 
|  14|0x0000000705400000, 0x0000000705400000, 0x0000000705500000|  0%| F|  |TAMS 0x0000000705400000, 0x0000000705400000| Untracked 
|  15|0x0000000705500000, 0x0000000705500000, 0x0000000705600000|  0%| F|  |TAMS 0x0000000705500000, 0x0000000705500000| Untracked 
|  16|0x0000000705600000, 0x0000000705600000, 0x0000000705700000|  0%| F|  |TAMS 0x0000000705600000, 0x0000000705600000| Untracked 
|  17|0x0000000705700000, 0x0000000705700000, 0x0000000705800000|  0%| F|  |TAMS 0x0000000705700000, 0x0000000705700000| Untracked 
|  18|0x0000000705800000, 0x0000000705800000, 0x0000000705900000|  0%| F|  |TAMS 0x0000000705800000, 0x0000000705800000| Untracked 
|  19|0x0000000705900000, 0x0000000705900000, 0x0000000705a00000|  0%| F|  |TAMS 0x0000000705900000, 0x0000000705900000| Untracked 
|  20|0x0000000705a00000, 0x0000000705a00000, 0x0000000705b00000|  0%| F|  |TAMS 0x0000000705a00000, 0x0000000705a00000| Untracked 
|  21|0x0000000705b00000, 0x0000000705b00000, 0x0000000705c00000|  0%| F|  |TAMS 0x0000000705b00000, 0x0000000705b00000| Untracked 
|  22|0x0000000705c00000, 0x0000000705c00000, 0x0000000705d00000|  0%| F|  |TAMS 0x0000000705c00000, 0x0000000705c00000| Untracked 
|  23|0x0000000705d00000, 0x0000000705d00000, 0x0000000705e00000|  0%| F|  |TAMS 0x0000000705d00000, 0x0000000705d00000| Untracked 
|  24|0x0000000705e00000, 0x0000000705e00000, 0x0000000705f00000|  0%| F|  |TAMS 0x0000000705e00000, 0x0000000705e00000| Untracked 
|  25|0x0000000705f00000, 0x0000000705f00000, 0x0000000706000000|  0%| F|  |TAMS 0x0000000705f00000, 0x0000000705f00000| Untracked 
|  26|0x0000000706000000, 0x0000000706000000, 0x0000000706100000|  0%| F|  |TAMS 0x0000000706000000, 0x0000000706000000| Untracked 
|  27|0x0000000706100000, 0x0000000706100000, 0x0000000706200000|  0%| F|  |TAMS 0x0000000706100000, 0x0000000706100000| Untracked 
|  28|0x0000000706200000, 0x0000000706200000, 0x0000000706300000|  0%| F|  |TAMS 0x0000000706200000, 0x0000000706200000| Untracked 
|  29|0x0000000706300000, 0x0000000706300000, 0x0000000706400000|  0%| F|  |TAMS 0x0000000706300000, 0x0000000706300000| Untracked 
|  30|0x0000000706400000, 0x0000000706400000, 0x0000000706500000|  0%| F|  |TAMS 0x0000000706400000, 0x0000000706400000| Untracked 
|  31|0x0000000706500000, 0x0000000706500000, 0x0000000706600000|  0%| F|  |TAMS 0x0000000706500000, 0x0000000706500000| Untracked 
|  32|0x0000000706600000, 0x0000000706600000, 0x0000000706700000|  0%| F|  |TAMS 0x0000000706600000, 0x0000000706600000| Untracked 
|  33|0x0000000706700000, 0x0000000706700000, 0x0000000706800000|  0%| F|  |TAMS 0x0000000706700000, 0x0000000706700000| Untracked 
|  34|0x0000000706800000, 0x0000000706800000, 0x0000000706900000|  0%| F|  |TAMS 0x0000000706800000, 0x0000000706800000| Untracked 
|  35|0x0000000706900000, 0x0000000706900000, 0x0000000706a00000|  0%| F|  |TAMS 0x0000000706900000, 0x0000000706900000| Untracked 
|  36|0x0000000706a00000, 0x0000000706a00000, 0x0000000706b00000|  0%| F|  |TAMS 0x0000000706a00000, 0x0000000706a00000| Untracked 
|  37|0x0000000706b00000, 0x0000000706b00000, 0x0000000706c00000|  0%| F|  |TAMS 0x0000000706b00000, 0x0000000706b00000| Untracked 
|  38|0x0000000706c00000, 0x0000000706c00000, 0x0000000706d00000|  0%| F|  |TAMS 0x0000000706c00000, 0x0000000706c00000| Untracked 
|  39|0x0000000706d00000, 0x0000000706d00000, 0x0000000706e00000|  0%| F|  |TAMS 0x0000000706d00000, 0x0000000706d00000| Untracked 
|  40|0x0000000706e00000, 0x0000000706e00000, 0x0000000706f00000|  0%| F|  |TAMS 0x0000000706e00000, 0x0000000706e00000| Untracked 
|  41|0x0000000706f00000, 0x0000000706f00000, 0x0000000707000000|  0%| F|  |TAMS 0x0000000706f00000, 0x0000000706f00000| Untracked 
|  42|0x0000000707000000, 0x0000000707000000, 0x0000000707100000|  0%| F|  |TAMS 0x0000000707000000, 0x0000000707000000| Untracked 
|  43|0x0000000707100000, 0x0000000707100000, 0x0000000707200000|  0%| F|  |TAMS 0x0000000707100000, 0x0000000707100000| Untracked 
|  44|0x0000000707200000, 0x0000000707200000, 0x0000000707300000|  0%| F|  |TAMS 0x0000000707200000, 0x0000000707200000| Untracked 
|  45|0x0000000707300000, 0x0000000707300000, 0x0000000707400000|  0%| F|  |TAMS 0x0000000707300000, 0x0000000707300000| Untracked 
|  46|0x0000000707400000, 0x0000000707400000, 0x0000000707500000|  0%| F|  |TAMS 0x0000000707400000, 0x0000000707400000| Untracked 
|  47|0x0000000707500000, 0x0000000707500000, 0x0000000707600000|  0%| F|  |TAMS 0x0000000707500000, 0x0000000707500000| Untracked 
|  48|0x0000000707600000, 0x0000000707600000, 0x0000000707700000|  0%| F|  |TAMS 0x0000000707600000, 0x0000000707600000| Untracked 
|  49|0x0000000707700000, 0x0000000707700000, 0x0000000707800000|  0%| F|  |TAMS 0x0000000707700000, 0x0000000707700000| Untracked 
|  50|0x0000000707800000, 0x0000000707800000, 0x0000000707900000|  0%| F|  |TAMS 0x0000000707800000, 0x0000000707800000| Untracked 
|  51|0x0000000707900000, 0x0000000707900000, 0x0000000707a00000|  0%| F|  |TAMS 0x0000000707900000, 0x0000000707900000| Untracked 
|  52|0x0000000707a00000, 0x0000000707a00000, 0x0000000707b00000|  0%| F|  |TAMS 0x0000000707a00000, 0x0000000707a00000| Untracked 
|  53|0x0000000707b00000, 0x0000000707b00000, 0x0000000707c00000|  0%| F|  |TAMS 0x0000000707b00000, 0x0000000707b00000| Untracked 
|  54|0x0000000707c00000, 0x0000000707c00000, 0x0000000707d00000|  0%| F|  |TAMS 0x0000000707c00000, 0x0000000707c00000| Untracked 
|  55|0x0000000707d00000, 0x0000000707d00000, 0x0000000707e00000|  0%| F|  |TAMS 0x0000000707d00000, 0x0000000707d00000| Untracked 
|  56|0x0000000707e00000, 0x0000000707e00000, 0x0000000707f00000|  0%| F|  |TAMS 0x0000000707e00000, 0x0000000707e00000| Untracked 
|  57|0x0000000707f00000, 0x0000000707f00000, 0x0000000708000000|  0%| F|  |TAMS 0x0000000707f00000, 0x0000000707f00000| Untracked 
|  58|0x0000000708000000, 0x0000000708000000, 0x0000000708100000|  0%| F|  |TAMS 0x0000000708000000, 0x0000000708000000| Untracked 
|  59|0x0000000708100000, 0x0000000708100000, 0x0000000708200000|  0%| F|  |TAMS 0x0000000708100000, 0x0000000708100000| Untracked 
|  60|0x0000000708200000, 0x0000000708200000, 0x0000000708300000|  0%| F|  |TAMS 0x0000000708200000, 0x0000000708200000| Untracked 
|  61|0x0000000708300000, 0x0000000708300000, 0x0000000708400000|  0%| F|  |TAMS 0x0000000708300000, 0x0000000708300000| Untracked 
|  62|0x0000000708400000, 0x0000000708400000, 0x0000000708500000|  0%| F|  |TAMS 0x0000000708400000, 0x0000000708400000| Untracked 
|  63|0x0000000708500000, 0x0000000708500000, 0x0000000708600000|  0%| F|  |TAMS 0x0000000708500000, 0x0000000708500000| Untracked 
|  64|0x0000000708600000, 0x0000000708600000, 0x0000000708700000|  0%| F|  |TAMS 0x0000000708600000, 0x0000000708600000| Untracked 
|  65|0x0000000708700000, 0x0000000708700000, 0x0000000708800000|  0%| F|  |TAMS 0x0000000708700000, 0x0000000708700000| Untracked 
|  66|0x0000000708800000, 0x0000000708800000, 0x0000000708900000|  0%| F|  |TAMS 0x0000000708800000, 0x0000000708800000| Untracked 
|  67|0x0000000708900000, 0x0000000708900000, 0x0000000708a00000|  0%| F|  |TAMS 0x0000000708900000, 0x0000000708900000| Untracked 
|  68|0x0000000708a00000, 0x0000000708a00000, 0x0000000708b00000|  0%| F|  |TAMS 0x0000000708a00000, 0x0000000708a00000| Untracked 
|  69|0x0000000708b00000, 0x0000000708b00000, 0x0000000708c00000|  0%| F|  |TAMS 0x0000000708b00000, 0x0000000708b00000| Untracked 
|  70|0x0000000708c00000, 0x0000000708c00000, 0x0000000708d00000|  0%| F|  |TAMS 0x0000000708c00000, 0x0000000708c00000| Untracked 
|  71|0x0000000708d00000, 0x0000000708d00000, 0x0000000708e00000|  0%| F|  |TAMS 0x0000000708d00000, 0x0000000708d00000| Untracked 
|  72|0x0000000708e00000, 0x0000000708e00000, 0x0000000708f00000|  0%| F|  |TAMS 0x0000000708e00000, 0x0000000708e00000| Untracked 
|  73|0x0000000708f00000, 0x0000000708f00000, 0x0000000709000000|  0%| F|  |TAMS 0x0000000708f00000, 0x0000000708f00000| Untracked 
|  74|0x0000000709000000, 0x0000000709000000, 0x0000000709100000|  0%| F|  |TAMS 0x0000000709000000, 0x0000000709000000| Untracked 
|  75|0x0000000709100000, 0x0000000709100000, 0x0000000709200000|  0%| F|  |TAMS 0x0000000709100000, 0x0000000709100000| Untracked 
|  76|0x0000000709200000, 0x0000000709200000, 0x0000000709300000|  0%| F|  |TAMS 0x0000000709200000, 0x0000000709200000| Untracked 
|  77|0x0000000709300000, 0x0000000709300000, 0x0000000709400000|  0%| F|  |TAMS 0x0000000709300000, 0x0000000709300000| Untracked 
|  78|0x0000000709400000, 0x0000000709400000, 0x0000000709500000|  0%| F|  |TAMS 0x0000000709400000, 0x0000000709400000| Untracked 
|  79|0x0000000709500000, 0x0000000709500000, 0x0000000709600000|  0%| F|  |TAMS 0x0000000709500000, 0x0000000709500000| Untracked 
|  80|0x0000000709600000, 0x0000000709600000, 0x0000000709700000|  0%| F|  |TAMS 0x0000000709600000, 0x0000000709600000| Untracked 
|  81|0x0000000709700000, 0x0000000709700000, 0x0000000709800000|  0%| F|  |TAMS 0x0000000709700000, 0x0000000709700000| Untracked 
|  82|0x0000000709800000, 0x0000000709800000, 0x0000000709900000|  0%| F|  |TAMS 0x0000000709800000, 0x0000000709800000| Untracked 
|  83|0x0000000709900000, 0x0000000709900000, 0x0000000709a00000|  0%| F|  |TAMS 0x0000000709900000, 0x0000000709900000| Untracked 
|  84|0x0000000709a00000, 0x0000000709a00000, 0x0000000709b00000|  0%| F|  |TAMS 0x0000000709a00000, 0x0000000709a00000| Untracked 
|  85|0x0000000709b00000, 0x0000000709b00000, 0x0000000709c00000|  0%| F|  |TAMS 0x0000000709b00000, 0x0000000709b00000| Untracked 
|  86|0x0000000709c00000, 0x0000000709c00000, 0x0000000709d00000|  0%| F|  |TAMS 0x0000000709c00000, 0x0000000709c00000| Untracked 
|  87|0x0000000709d00000, 0x0000000709d00000, 0x0000000709e00000|  0%| F|  |TAMS 0x0000000709d00000, 0x0000000709d00000| Untracked 
|  88|0x0000000709e00000, 0x0000000709e00000, 0x0000000709f00000|  0%| F|  |TAMS 0x0000000709e00000, 0x0000000709e00000| Untracked 
|  89|0x0000000709f00000, 0x0000000709f00000, 0x000000070a000000|  0%| F|  |TAMS 0x0000000709f00000, 0x0000000709f00000| Untracked 
|  90|0x000000070a000000, 0x000000070a000000, 0x000000070a100000|  0%| F|  |TAMS 0x000000070a000000, 0x000000070a000000| Untracked 
|  91|0x000000070a100000, 0x000000070a100000, 0x000000070a200000|  0%| F|  |TAMS 0x000000070a100000, 0x000000070a100000| Untracked 
|  92|0x000000070a200000, 0x000000070a200000, 0x000000070a300000|  0%| F|  |TAMS 0x000000070a200000, 0x000000070a200000| Untracked 
|  93|0x000000070a300000, 0x000000070a300000, 0x000000070a400000|  0%| F|  |TAMS 0x000000070a300000, 0x000000070a300000| Untracked 
|  94|0x000000070a400000, 0x000000070a400000, 0x000000070a500000|  0%| F|  |TAMS 0x000000070a400000, 0x000000070a400000| Untracked 
|  95|0x000000070a500000, 0x000000070a500000, 0x000000070a600000|  0%| F|  |TAMS 0x000000070a500000, 0x000000070a500000| Untracked 
|  96|0x000000070a600000, 0x000000070a600000, 0x000000070a700000|  0%| F|  |TAMS 0x000000070a600000, 0x000000070a600000| Untracked 
|  97|0x000000070a700000, 0x000000070a700000, 0x000000070a800000|  0%| F|  |TAMS 0x000000070a700000, 0x000000070a700000| Untracked 
|  98|0x000000070a800000, 0x000000070a800000, 0x000000070a900000|  0%| F|  |TAMS 0x000000070a800000, 0x000000070a800000| Untracked 
|  99|0x000000070a900000, 0x000000070a900000, 0x000000070aa00000|  0%| F|  |TAMS 0x000000070a900000, 0x000000070a900000| Untracked 
| 100|0x000000070aa00000, 0x000000070aa00000, 0x000000070ab00000|  0%| F|  |TAMS 0x000000070aa00000, 0x000000070aa00000| Untracked 
| 101|0x000000070ab00000, 0x000000070ab00000, 0x000000070ac00000|  0%| F|  |TAMS 0x000000070ab00000, 0x000000070ab00000| Untracked 
| 102|0x000000070ac00000, 0x000000070ac00000, 0x000000070ad00000|  0%| F|  |TAMS 0x000000070ac00000, 0x000000070ac00000| Untracked 
| 103|0x000000070ad00000, 0x000000070ad00000, 0x000000070ae00000|  0%| F|  |TAMS 0x000000070ad00000, 0x000000070ad00000| Untracked 
| 104|0x000000070ae00000, 0x000000070ae00000, 0x000000070af00000|  0%| F|  |TAMS 0x000000070ae00000, 0x000000070ae00000| Untracked 
| 105|0x000000070af00000, 0x000000070af00000, 0x000000070b000000|  0%| F|  |TAMS 0x000000070af00000, 0x000000070af00000| Untracked 
| 106|0x000000070b000000, 0x000000070b000000, 0x000000070b100000|  0%| F|  |TAMS 0x000000070b000000, 0x000000070b000000| Untracked 
| 107|0x000000070b100000, 0x000000070b100000, 0x000000070b200000|  0%| F|  |TAMS 0x000000070b100000, 0x000000070b100000| Untracked 
| 108|0x000000070b200000, 0x000000070b200000, 0x000000070b300000|  0%| F|  |TAMS 0x000000070b200000, 0x000000070b200000| Untracked 
| 109|0x000000070b300000, 0x000000070b300000, 0x000000070b400000|  0%| F|  |TAMS 0x000000070b300000, 0x000000070b300000| Untracked 
| 110|0x000000070b400000, 0x000000070b400000, 0x000000070b500000|  0%| F|  |TAMS 0x000000070b400000, 0x000000070b400000| Untracked 
| 111|0x000000070b500000, 0x000000070b500000, 0x000000070b600000|  0%| F|  |TAMS 0x000000070b500000, 0x000000070b500000| Untracked 
| 112|0x000000070b600000, 0x000000070b600000, 0x000000070b700000|  0%| F|  |TAMS 0x000000070b600000, 0x000000070b600000| Untracked 
| 113|0x000000070b700000, 0x000000070b700000, 0x000000070b800000|  0%| F|  |TAMS 0x000000070b700000, 0x000000070b700000| Untracked 
| 114|0x000000070b800000, 0x000000070b800000, 0x000000070b900000|  0%| F|  |TAMS 0x000000070b800000, 0x000000070b800000| Untracked 
| 115|0x000000070b900000, 0x000000070b900000, 0x000000070ba00000|  0%| F|  |TAMS 0x000000070b900000, 0x000000070b900000| Untracked 
| 116|0x000000070ba00000, 0x000000070ba00000, 0x000000070bb00000|  0%| F|  |TAMS 0x000000070ba00000, 0x000000070ba00000| Untracked 
| 117|0x000000070bb00000, 0x000000070bb00000, 0x000000070bc00000|  0%| F|  |TAMS 0x000000070bb00000, 0x000000070bb00000| Untracked 
| 118|0x000000070bc00000, 0x000000070bc00000, 0x000000070bd00000|  0%| F|  |TAMS 0x000000070bc00000, 0x000000070bc00000| Untracked 
| 119|0x000000070bd00000, 0x000000070bd00000, 0x000000070be00000|  0%| F|  |TAMS 0x000000070bd00000, 0x000000070bd00000| Untracked 
| 120|0x000000070be00000, 0x000000070be00000, 0x000000070bf00000|  0%| F|  |TAMS 0x000000070be00000, 0x000000070be00000| Untracked 
| 121|0x000000070bf00000, 0x000000070bf00000, 0x000000070c000000|  0%| F|  |TAMS 0x000000070bf00000, 0x000000070bf00000| Untracked 
| 122|0x000000070c000000, 0x000000070c000000, 0x000000070c100000|  0%| F|  |TAMS 0x000000070c000000, 0x000000070c000000| Untracked 
| 123|0x000000070c100000, 0x000000070c100000, 0x000000070c200000|  0%| F|  |TAMS 0x000000070c100000, 0x000000070c100000| Untracked 
| 124|0x000000070c200000, 0x000000070c200000, 0x000000070c300000|  0%| F|  |TAMS 0x000000070c200000, 0x000000070c200000| Untracked 
| 125|0x000000070c300000, 0x000000070c300000, 0x000000070c400000|  0%| F|  |TAMS 0x000000070c300000, 0x000000070c300000| Untracked 
| 126|0x000000070c400000, 0x000000070c400000, 0x000000070c500000|  0%| F|  |TAMS 0x000000070c400000, 0x000000070c400000| Untracked 
| 127|0x000000070c500000, 0x000000070c500000, 0x000000070c600000|  0%| F|  |TAMS 0x000000070c500000, 0x000000070c500000| Untracked 
| 128|0x000000070c600000, 0x000000070c600000, 0x000000070c700000|  0%| F|  |TAMS 0x000000070c600000, 0x000000070c600000| Untracked 
| 129|0x000000070c700000, 0x000000070c700000, 0x000000070c800000|  0%| F|  |TAMS 0x000000070c700000, 0x000000070c700000| Untracked 
| 130|0x000000070c800000, 0x000000070c800000, 0x000000070c900000|  0%| F|  |TAMS 0x000000070c800000, 0x000000070c800000| Untracked 
| 131|0x000000070c900000, 0x000000070c900000, 0x000000070ca00000|  0%| F|  |TAMS 0x000000070c900000, 0x000000070c900000| Untracked 
| 132|0x000000070ca00000, 0x000000070ca00000, 0x000000070cb00000|  0%| F|  |TAMS 0x000000070ca00000, 0x000000070ca00000| Untracked 
| 133|0x000000070cb00000, 0x000000070cb00000, 0x000000070cc00000|  0%| F|  |TAMS 0x000000070cb00000, 0x000000070cb00000| Untracked 
| 134|0x000000070cc00000, 0x000000070cc00000, 0x000000070cd00000|  0%| F|  |TAMS 0x000000070cc00000, 0x000000070cc00000| Untracked 
| 135|0x000000070cd00000, 0x000000070cd00000, 0x000000070ce00000|  0%| F|  |TAMS 0x000000070cd00000, 0x000000070cd00000| Untracked 
| 136|0x000000070ce00000, 0x000000070ce00000, 0x000000070cf00000|  0%| F|  |TAMS 0x000000070ce00000, 0x000000070ce00000| Untracked 
| 137|0x000000070cf00000, 0x000000070cf00000, 0x000000070d000000|  0%| F|  |TAMS 0x000000070cf00000, 0x000000070cf00000| Untracked 
| 138|0x000000070d000000, 0x000000070d000000, 0x000000070d100000|  0%| F|  |TAMS 0x000000070d000000, 0x000000070d000000| Untracked 
| 139|0x000000070d100000, 0x000000070d100000, 0x000000070d200000|  0%| F|  |TAMS 0x000000070d100000, 0x000000070d100000| Untracked 
| 140|0x000000070d200000, 0x000000070d200000, 0x000000070d300000|  0%| F|  |TAMS 0x000000070d200000, 0x000000070d200000| Untracked 
| 141|0x000000070d300000, 0x000000070d300000, 0x000000070d400000|  0%| F|  |TAMS 0x000000070d300000, 0x000000070d300000| Untracked 
| 142|0x000000070d400000, 0x000000070d400000, 0x000000070d500000|  0%| F|  |TAMS 0x000000070d400000, 0x000000070d400000| Untracked 
| 143|0x000000070d500000, 0x000000070d500000, 0x000000070d600000|  0%| F|  |TAMS 0x000000070d500000, 0x000000070d500000| Untracked 
| 144|0x000000070d600000, 0x000000070d600000, 0x000000070d700000|  0%| F|  |TAMS 0x000000070d600000, 0x000000070d600000| Untracked 
| 145|0x000000070d700000, 0x000000070d700000, 0x000000070d800000|  0%| F|  |TAMS 0x000000070d700000, 0x000000070d700000| Untracked 
| 146|0x000000070d800000, 0x000000070d800000, 0x000000070d900000|  0%| F|  |TAMS 0x000000070d800000, 0x000000070d800000| Untracked 
| 147|0x000000070d900000, 0x000000070d900000, 0x000000070da00000|  0%| F|  |TAMS 0x000000070d900000, 0x000000070d900000| Untracked 
| 148|0x000000070da00000, 0x000000070da00000, 0x000000070db00000|  0%| F|  |TAMS 0x000000070da00000, 0x000000070da00000| Untracked 
| 149|0x000000070db00000, 0x000000070db00000, 0x000000070dc00000|  0%| F|  |TAMS 0x000000070db00000, 0x000000070db00000| Untracked 
| 150|0x000000070dc00000, 0x000000070dc00000, 0x000000070dd00000|  0%| F|  |TAMS 0x000000070dc00000, 0x000000070dc00000| Untracked 
| 151|0x000000070dd00000, 0x000000070dd00000, 0x000000070de00000|  0%| F|  |TAMS 0x000000070dd00000, 0x000000070dd00000| Untracked 
| 152|0x000000070de00000, 0x000000070de00000, 0x000000070df00000|  0%| F|  |TAMS 0x000000070de00000, 0x000000070de00000| Untracked 
| 153|0x000000070df00000, 0x000000070df00000, 0x000000070e000000|  0%| F|  |TAMS 0x000000070df00000, 0x000000070df00000| Untracked 
| 154|0x000000070e000000, 0x000000070e000000, 0x000000070e100000|  0%| F|  |TAMS 0x000000070e000000, 0x000000070e000000| Untracked 
| 155|0x000000070e100000, 0x000000070e100000, 0x000000070e200000|  0%| F|  |TAMS 0x000000070e100000, 0x000000070e100000| Untracked 
| 156|0x000000070e200000, 0x000000070e200000, 0x000000070e300000|  0%| F|  |TAMS 0x000000070e200000, 0x000000070e200000| Untracked 
| 157|0x000000070e300000, 0x000000070e300000, 0x000000070e400000|  0%| F|  |TAMS 0x000000070e300000, 0x000000070e300000| Untracked 
| 158|0x000000070e400000, 0x000000070e400000, 0x000000070e500000|  0%| F|  |TAMS 0x000000070e400000, 0x000000070e400000| Untracked 
| 159|0x000000070e500000, 0x000000070e500000, 0x000000070e600000|  0%| F|  |TAMS 0x000000070e500000, 0x000000070e500000| Untracked 
| 160|0x000000070e600000, 0x000000070e600000, 0x000000070e700000|  0%| F|  |TAMS 0x000000070e600000, 0x000000070e600000| Untracked 
| 161|0x000000070e700000, 0x000000070e700000, 0x000000070e800000|  0%| F|  |TAMS 0x000000070e700000, 0x000000070e700000| Untracked 
| 162|0x000000070e800000, 0x000000070e800000, 0x000000070e900000|  0%| F|  |TAMS 0x000000070e800000, 0x000000070e800000| Untracked 
| 163|0x000000070e900000, 0x000000070e900000, 0x000000070ea00000|  0%| F|  |TAMS 0x000000070e900000, 0x000000070e900000| Untracked 
| 164|0x000000070ea00000, 0x000000070ea00000, 0x000000070eb00000|  0%| F|  |TAMS 0x000000070ea00000, 0x000000070ea00000| Untracked 
| 165|0x000000070eb00000, 0x000000070eb00000, 0x000000070ec00000|  0%| F|  |TAMS 0x000000070eb00000, 0x000000070eb00000| Untracked 
| 166|0x000000070ec00000, 0x000000070ec00000, 0x000000070ed00000|  0%| F|  |TAMS 0x000000070ec00000, 0x000000070ec00000| Untracked 
| 167|0x000000070ed00000, 0x000000070ed00000, 0x000000070ee00000|  0%| F|  |TAMS 0x000000070ed00000, 0x000000070ed00000| Untracked 
| 168|0x000000070ee00000, 0x000000070ee00000, 0x000000070ef00000|  0%| F|  |TAMS 0x000000070ee00000, 0x000000070ee00000| Untracked 
| 169|0x000000070ef00000, 0x000000070ef00000, 0x000000070f000000|  0%| F|  |TAMS 0x000000070ef00000, 0x000000070ef00000| Untracked 
| 170|0x000000070f000000, 0x000000070f000000, 0x000000070f100000|  0%| F|  |TAMS 0x000000070f000000, 0x000000070f000000| Untracked 
| 171|0x000000070f100000, 0x000000070f100000, 0x000000070f200000|  0%| F|  |TAMS 0x000000070f100000, 0x000000070f100000| Untracked 
| 172|0x000000070f200000, 0x000000070f200000, 0x000000070f300000|  0%| F|  |TAMS 0x000000070f200000, 0x000000070f200000| Untracked 
| 173|0x000000070f300000, 0x000000070f300000, 0x000000070f400000|  0%| F|  |TAMS 0x000000070f300000, 0x000000070f300000| Untracked 
| 174|0x000000070f400000, 0x000000070f400000, 0x000000070f500000|  0%| F|  |TAMS 0x000000070f400000, 0x000000070f400000| Untracked 
| 175|0x000000070f500000, 0x000000070f500000, 0x000000070f600000|  0%| F|  |TAMS 0x000000070f500000, 0x000000070f500000| Untracked 
| 176|0x000000070f600000, 0x000000070f600000, 0x000000070f700000|  0%| F|  |TAMS 0x000000070f600000, 0x000000070f600000| Untracked 
| 177|0x000000070f700000, 0x000000070f700000, 0x000000070f800000|  0%| F|  |TAMS 0x000000070f700000, 0x000000070f700000| Untracked 
| 178|0x000000070f800000, 0x000000070f800000, 0x000000070f900000|  0%| F|  |TAMS 0x000000070f800000, 0x000000070f800000| Untracked 
| 179|0x000000070f900000, 0x000000070f900000, 0x000000070fa00000|  0%| F|  |TAMS 0x000000070f900000, 0x000000070f900000| Untracked 
| 180|0x000000070fa00000, 0x000000070fa00000, 0x000000070fb00000|  0%| F|  |TAMS 0x000000070fa00000, 0x000000070fa00000| Untracked 
| 181|0x000000070fb00000, 0x000000070fb00000, 0x000000070fc00000|  0%| F|  |TAMS 0x000000070fb00000, 0x000000070fb00000| Untracked 
| 182|0x000000070fc00000, 0x000000070fc00000, 0x000000070fd00000|  0%| F|  |TAMS 0x000000070fc00000, 0x000000070fc00000| Untracked 
| 183|0x000000070fd00000, 0x000000070fd00000, 0x000000070fe00000|  0%| F|  |TAMS 0x000000070fd00000, 0x000000070fd00000| Untracked 
| 184|0x000000070fe00000, 0x000000070fe00000, 0x000000070ff00000|  0%| F|  |TAMS 0x000000070fe00000, 0x000000070fe00000| Untracked 
| 185|0x000000070ff00000, 0x000000070ff00000, 0x0000000710000000|  0%| F|  |TAMS 0x000000070ff00000, 0x000000070ff00000| Untracked 
| 186|0x0000000710000000, 0x0000000710000000, 0x0000000710100000|  0%| F|  |TAMS 0x0000000710000000, 0x0000000710000000| Untracked 
| 187|0x0000000710100000, 0x0000000710100000, 0x0000000710200000|  0%| F|  |TAMS 0x0000000710100000, 0x0000000710100000| Untracked 
| 188|0x0000000710200000, 0x0000000710200000, 0x0000000710300000|  0%| F|  |TAMS 0x0000000710200000, 0x0000000710200000| Untracked 
| 189|0x0000000710300000, 0x0000000710300000, 0x0000000710400000|  0%| F|  |TAMS 0x0000000710300000, 0x0000000710300000| Untracked 
| 190|0x0000000710400000, 0x0000000710400000, 0x0000000710500000|  0%| F|  |TAMS 0x0000000710400000, 0x0000000710400000| Untracked 
| 191|0x0000000710500000, 0x0000000710500000, 0x0000000710600000|  0%| F|  |TAMS 0x0000000710500000, 0x0000000710500000| Untracked 
| 192|0x0000000710600000, 0x0000000710600000, 0x0000000710700000|  0%| F|  |TAMS 0x0000000710600000, 0x0000000710600000| Untracked 
| 193|0x0000000710700000, 0x0000000710700000, 0x0000000710800000|  0%| F|  |TAMS 0x0000000710700000, 0x0000000710700000| Untracked 
| 194|0x0000000710800000, 0x0000000710800000, 0x0000000710900000|  0%| F|  |TAMS 0x0000000710800000, 0x0000000710800000| Untracked 
| 195|0x0000000710900000, 0x0000000710900000, 0x0000000710a00000|  0%| F|  |TAMS 0x0000000710900000, 0x0000000710900000| Untracked 
| 196|0x0000000710a00000, 0x0000000710a00000, 0x0000000710b00000|  0%| F|  |TAMS 0x0000000710a00000, 0x0000000710a00000| Untracked 
| 197|0x0000000710b00000, 0x0000000710b00000, 0x0000000710c00000|  0%| F|  |TAMS 0x0000000710b00000, 0x0000000710b00000| Untracked 
| 198|0x0000000710c00000, 0x0000000710c00000, 0x0000000710d00000|  0%| F|  |TAMS 0x0000000710c00000, 0x0000000710c00000| Untracked 
| 199|0x0000000710d00000, 0x0000000710d00000, 0x0000000710e00000|  0%| F|  |TAMS 0x0000000710d00000, 0x0000000710d00000| Untracked 
| 200|0x0000000710e00000, 0x0000000710e00000, 0x0000000710f00000|  0%| F|  |TAMS 0x0000000710e00000, 0x0000000710e00000| Untracked 
| 201|0x0000000710f00000, 0x0000000710f00000, 0x0000000711000000|  0%| F|  |TAMS 0x0000000710f00000, 0x0000000710f00000| Untracked 
| 202|0x0000000711000000, 0x0000000711000000, 0x0000000711100000|  0%| F|  |TAMS 0x0000000711000000, 0x0000000711000000| Untracked 
| 203|0x0000000711100000, 0x0000000711100000, 0x0000000711200000|  0%| F|  |TAMS 0x0000000711100000, 0x0000000711100000| Untracked 
| 204|0x0000000711200000, 0x0000000711200000, 0x0000000711300000|  0%| F|  |TAMS 0x0000000711200000, 0x0000000711200000| Untracked 
| 205|0x0000000711300000, 0x0000000711300000, 0x0000000711400000|  0%| F|  |TAMS 0x0000000711300000, 0x0000000711300000| Untracked 
| 206|0x0000000711400000, 0x0000000711400000, 0x0000000711500000|  0%| F|  |TAMS 0x0000000711400000, 0x0000000711400000| Untracked 
| 207|0x0000000711500000, 0x0000000711500000, 0x0000000711600000|  0%| F|  |TAMS 0x0000000711500000, 0x0000000711500000| Untracked 
| 208|0x0000000711600000, 0x0000000711600000, 0x0000000711700000|  0%| F|  |TAMS 0x0000000711600000, 0x0000000711600000| Untracked 
| 209|0x0000000711700000, 0x0000000711700000, 0x0000000711800000|  0%| F|  |TAMS 0x0000000711700000, 0x0000000711700000| Untracked 
| 210|0x0000000711800000, 0x0000000711800000, 0x0000000711900000|  0%| F|  |TAMS 0x0000000711800000, 0x0000000711800000| Untracked 
| 211|0x0000000711900000, 0x0000000711900000, 0x0000000711a00000|  0%| F|  |TAMS 0x0000000711900000, 0x0000000711900000| Untracked 
| 212|0x0000000711a00000, 0x0000000711a00000, 0x0000000711b00000|  0%| F|  |TAMS 0x0000000711a00000, 0x0000000711a00000| Untracked 
| 213|0x0000000711b00000, 0x0000000711b00000, 0x0000000711c00000|  0%| F|  |TAMS 0x0000000711b00000, 0x0000000711b00000| Untracked 
| 214|0x0000000711c00000, 0x0000000711c00000, 0x0000000711d00000|  0%| F|  |TAMS 0x0000000711c00000, 0x0000000711c00000| Untracked 
| 215|0x0000000711d00000, 0x0000000711d00000, 0x0000000711e00000|  0%| F|  |TAMS 0x0000000711d00000, 0x0000000711d00000| Untracked 
| 216|0x0000000711e00000, 0x0000000711e00000, 0x0000000711f00000|  0%| F|  |TAMS 0x0000000711e00000, 0x0000000711e00000| Untracked 
| 217|0x0000000711f00000, 0x0000000711f00000, 0x0000000712000000|  0%| F|  |TAMS 0x0000000711f00000, 0x0000000711f00000| Untracked 
| 218|0x0000000712000000, 0x0000000712000000, 0x0000000712100000|  0%| F|  |TAMS 0x0000000712000000, 0x0000000712000000| Untracked 
| 219|0x0000000712100000, 0x0000000712100000, 0x0000000712200000|  0%| F|  |TAMS 0x0000000712100000, 0x0000000712100000| Untracked 
| 220|0x0000000712200000, 0x0000000712200000, 0x0000000712300000|  0%| F|  |TAMS 0x0000000712200000, 0x0000000712200000| Untracked 
| 221|0x0000000712300000, 0x0000000712300000, 0x0000000712400000|  0%| F|  |TAMS 0x0000000712300000, 0x0000000712300000| Untracked 
| 222|0x0000000712400000, 0x0000000712400000, 0x0000000712500000|  0%| F|  |TAMS 0x0000000712400000, 0x0000000712400000| Untracked 
| 223|0x0000000712500000, 0x0000000712500000, 0x0000000712600000|  0%| F|  |TAMS 0x0000000712500000, 0x0000000712500000| Untracked 
| 224|0x0000000712600000, 0x0000000712600000, 0x0000000712700000|  0%| F|  |TAMS 0x0000000712600000, 0x0000000712600000| Untracked 
| 225|0x0000000712700000, 0x0000000712700000, 0x0000000712800000|  0%| F|  |TAMS 0x0000000712700000, 0x0000000712700000| Untracked 
| 226|0x0000000712800000, 0x0000000712800000, 0x0000000712900000|  0%| F|  |TAMS 0x0000000712800000, 0x0000000712800000| Untracked 
| 227|0x0000000712900000, 0x0000000712900000, 0x0000000712a00000|  0%| F|  |TAMS 0x0000000712900000, 0x0000000712900000| Untracked 
| 228|0x0000000712a00000, 0x0000000712a00000, 0x0000000712b00000|  0%| F|  |TAMS 0x0000000712a00000, 0x0000000712a00000| Untracked 
| 229|0x0000000712b00000, 0x0000000712b00000, 0x0000000712c00000|  0%| F|  |TAMS 0x0000000712b00000, 0x0000000712b00000| Untracked 
| 230|0x0000000712c00000, 0x0000000712c7b660, 0x0000000712d00000| 48%| E|  |TAMS 0x0000000712c00000, 0x0000000712c00000| Complete 
| 231|0x0000000712d00000, 0x0000000712e00000, 0x0000000712e00000|100%| E|CS|TAMS 0x0000000712d00000, 0x0000000712d00000| Complete 
| 232|0x0000000712e00000, 0x0000000712f00000, 0x0000000712f00000|100%| E|CS|TAMS 0x0000000712e00000, 0x0000000712e00000| Complete 
| 233|0x0000000712f00000, 0x0000000713000000, 0x0000000713000000|100%| E|CS|TAMS 0x0000000712f00000, 0x0000000712f00000| Complete 
| 234|0x0000000713000000, 0x0000000713100000, 0x0000000713100000|100%| E|CS|TAMS 0x0000000713000000, 0x0000000713000000| Complete 
| 235|0x0000000713100000, 0x0000000713200000, 0x0000000713200000|100%| E|  |TAMS 0x0000000713100000, 0x0000000713100000| Complete 
| 236|0x0000000713200000, 0x0000000713300000, 0x0000000713300000|100%| E|CS|TAMS 0x0000000713200000, 0x0000000713200000| Complete 
| 237|0x0000000713300000, 0x0000000713400000, 0x0000000713400000|100%| E|CS|TAMS 0x0000000713300000, 0x0000000713300000| Complete 
| 238|0x0000000713400000, 0x0000000713500000, 0x0000000713500000|100%| E|CS|TAMS 0x0000000713400000, 0x0000000713400000| Complete 
| 239|0x0000000713500000, 0x0000000713600000, 0x0000000713600000|100%| E|CS|TAMS 0x0000000713500000, 0x0000000713500000| Complete 
| 240|0x0000000713600000, 0x0000000713700000, 0x0000000713700000|100%| E|CS|TAMS 0x0000000713600000, 0x0000000713600000| Complete 
| 241|0x0000000713700000, 0x0000000713800000, 0x0000000713800000|100%| E|CS|TAMS 0x0000000713700000, 0x0000000713700000| Complete 
| 242|0x0000000713800000, 0x0000000713900000, 0x0000000713900000|100%| E|CS|TAMS 0x0000000713800000, 0x0000000713800000| Complete 
| 243|0x0000000713900000, 0x0000000713a00000, 0x0000000713a00000|100%| E|CS|TAMS 0x0000000713900000, 0x0000000713900000| Complete 
| 244|0x0000000713a00000, 0x0000000713b00000, 0x0000000713b00000|100%| E|CS|TAMS 0x0000000713a00000, 0x0000000713a00000| Complete 
| 245|0x0000000713b00000, 0x0000000713c00000, 0x0000000713c00000|100%| E|CS|TAMS 0x0000000713b00000, 0x0000000713b00000| Complete 
| 246|0x0000000713c00000, 0x0000000713d00000, 0x0000000713d00000|100%| E|CS|TAMS 0x0000000713c00000, 0x0000000713c00000| Complete 
| 247|0x0000000713d00000, 0x0000000713e00000, 0x0000000713e00000|100%| E|CS|TAMS 0x0000000713d00000, 0x0000000713d00000| Complete 
| 248|0x0000000713e00000, 0x0000000713f00000, 0x0000000713f00000|100%| E|CS|TAMS 0x0000000713e00000, 0x0000000713e00000| Complete 
| 249|0x0000000713f00000, 0x0000000714000000, 0x0000000714000000|100%| E|CS|TAMS 0x0000000713f00000, 0x0000000713f00000| Complete 
| 250|0x0000000714000000, 0x0000000714100000, 0x0000000714100000|100%| E|CS|TAMS 0x0000000714000000, 0x0000000714000000| Complete 
| 251|0x0000000714100000, 0x0000000714200000, 0x0000000714200000|100%| E|CS|TAMS 0x0000000714100000, 0x0000000714100000| Complete 

Card table byte_map: [0x000001c126a30000,0x000001c127210000] _byte_map_base: 0x000001c12320d000

Marking Bits (Prev, Next): (CMBitMap*) 0x000001c10d160058, (CMBitMap*) 0x000001c10d160090
 Prev Bits: [0x000001c1279f0000, 0x000001c12b8d8000)
 Next Bits: [0x000001c12b8e0000, 0x000001c12f7c8000)

Polling page: 0x000001c10c8d0000

Metaspace:

Usage:
  Non-class:      9.14 MB capacity,     8.96 MB ( 98%) used,   176.58 KB (  2%) free+waste,    13.00 KB ( <1%) overhead. 
      Class:    796.00 KB capacity,   746.17 KB ( 94%) used,    43.95 KB (  6%) free+waste,     5.88 KB ( <1%) overhead. 
       Both:      9.92 MB capacity,     9.69 MB ( 98%) used,   220.53 KB (  2%) free+waste,    18.88 KB ( <1%) overhead. 

Virtual space:
  Non-class space:       10.00 MB reserved,       9.25 MB ( 93%) committed 
      Class space:        1.00 GB reserved,     896.00 KB ( <1%) committed 
             Both:        1.01 GB reserved,      10.13 MB ( <1%) committed 

Chunk freelists:
   Non-Class:  108.00 KB
       Class:  4.00 KB
        Both:  112.00 KB

MaxMetaspaceSize: 17179869184.00 GB
CompressedClassSpaceSize: 1.00 GB
Initial GC threshold: 20.80 MB
Current GC threshold: 20.80 MB
CDS: off

CodeHeap 'non-profiled nmethods': size=120000Kb used=318Kb max_used=318Kb free=119681Kb
 bounds [0x000001c11e9f0000, 0x000001c11ec60000, 0x000001c125f20000]
CodeHeap 'profiled nmethods': size=120000Kb used=1509Kb max_used=1509Kb free=118490Kb
 bounds [0x000001c1174c0000, 0x000001c117730000, 0x000001c11e9f0000]
CodeHeap 'non-nmethods': size=5760Kb used=1534Kb max_used=1546Kb free=4225Kb
 bounds [0x000001c116f20000, 0x000001c117190000, 0x000001c1174c0000]
 total_blobs=1768 nmethods=851 adapters=830
 compilation: enabled
              stopped_count=0, restarted_count=0
 full_count=0

Compilation events (20 events):
Event: 0.705 Thread 0x000001c132c56800 nmethod 842 0x000001c117634190 code [0x000001c117634360, 0x000001c117634668]
Event: 0.705 Thread 0x000001c132c56800  843       3       java.lang.ClassLoader::findLoadedClass (16 bytes)
Event: 0.705 Thread 0x000001c133d51000  844       4       java.util.Arrays::copyOf (19 bytes)
Event: 0.705 Thread 0x000001c132c56800 nmethod 843 0x000001c117634810 code [0x000001c1176349e0, 0x000001c117634bb8]
Event: 0.706 Thread 0x000001c132c54800 nmethod 841 0x000001c11ea3e610 code [0x000001c11ea3e7a0, 0x000001c11ea3e858]
Event: 0.707 Thread 0x000001c132c56800  845   !   3       jdk.internal.loader.BuiltinClassLoader::loadClassOrNull (143 bytes)
Event: 0.707 Thread 0x000001c133d51000 nmethod 844 0x000001c11ea3e910 code [0x000001c11ea3eaa0, 0x000001c11ea3ecb8]
Event: 0.708 Thread 0x000001c132c56800 nmethod 845 0x000001c117634c90 code [0x000001c117635000, 0x000001c117636848]
Event: 0.708 Thread 0x000001c132c56800  846       3       java.util.WeakHashMap::put (162 bytes)
Event: 0.709 Thread 0x000001c132c54800  847       4       java.io.WinNTFileSystem::normalize (143 bytes)
Event: 0.709 Thread 0x000001c132c56800 nmethod 846 0x000001c117637210 code [0x000001c1176374a0, 0x000001c117638498]
Event: 0.712 Thread 0x000001c132c54800 nmethod 847 0x000001c11ea3ee10 code [0x000001c11ea3efe0, 0x000001c11ea3f248]
Event: 0.719 Thread 0x000001c133d51000  848   !   4       jdk.internal.loader.URLClassPath$JarLoader::ensureOpen (36 bytes)
Event: 0.719 Thread 0x000001c132c56800  849       3       sun.net.www.ParseUtil::encodePath (41 bytes)
Event: 0.720 Thread 0x000001c132c56800 nmethod 849 0x000001c117638990 code [0x000001c117638b60, 0x000001c117638da8]
Event: 0.721 Thread 0x000001c133d51000 nmethod 848 0x000001c11ea3f490 code [0x000001c11ea3f640, 0x000001c11ea3f788]
Event: 0.721 Thread 0x000001c132c56800  850       3       java.util.zip.ZipFile$Source::getEntryPos (9 bytes)
Event: 0.721 Thread 0x000001c132c56800 nmethod 850 0x000001c117638e90 code [0x000001c117639040, 0x000001c117639178]
Event: 0.721 Thread 0x000001c132c56800  851       3       java.util.Collections$SetFromMap::add (22 bytes)
Event: 0.721 Thread 0x000001c132c56800 nmethod 851 0x000001c117639290 code [0x000001c117639460, 0x000001c1176396a8]

GC Heap History (0 events):
No events

Deoptimization events (20 events):
Event: 0.422 Thread 0x000001c10d0fc800 Uncommon trap: trap_request=0xffffffde fr.pc=0x000001c11ea1866c relative=0x000000000000048c
Event: 0.422 Thread 0x000001c10d0fc800 Uncommon trap: reason=class_check action=maybe_recompile pc=0x000001c11ea1866c method=java.util.HashMap.getNode(ILjava/lang/Object;)Ljava/util/HashMap$Node; @ 59 c2
Event: 0.422 Thread 0x000001c10d0fc800 DEOPT PACKING pc=0x000001c11ea1866c sp=0x00000041f11fbdf0
Event: 0.422 Thread 0x000001c10d0fc800 DEOPT UNPACKING pc=0x000001c116f6a1af sp=0x00000041f11fbd08 mode 2
Event: 0.448 Thread 0x000001c10d0fc800 Uncommon trap: trap_request=0xffffffde fr.pc=0x000001c11ea1866c relative=0x000000000000048c
Event: 0.448 Thread 0x000001c10d0fc800 Uncommon trap: reason=class_check action=maybe_recompile pc=0x000001c11ea1866c method=java.util.HashMap.getNode(ILjava/lang/Object;)Ljava/util/HashMap$Node; @ 59 c2
Event: 0.448 Thread 0x000001c10d0fc800 DEOPT PACKING pc=0x000001c11ea1866c sp=0x00000041f11fde80
Event: 0.448 Thread 0x000001c10d0fc800 DEOPT UNPACKING pc=0x000001c116f6a1af sp=0x00000041f11fdd98 mode 2
Event: 0.595 Thread 0x000001c10d0fc800 Uncommon trap: trap_request=0xffffffde fr.pc=0x000001c11ea1866c relative=0x000000000000048c
Event: 0.595 Thread 0x000001c10d0fc800 Uncommon trap: reason=class_check action=maybe_recompile pc=0x000001c11ea1866c method=java.util.HashMap.getNode(ILjava/lang/Object;)Ljava/util/HashMap$Node; @ 59 c2
Event: 0.595 Thread 0x000001c10d0fc800 DEOPT PACKING pc=0x000001c11ea1866c sp=0x00000041f11fe080
Event: 0.595 Thread 0x000001c10d0fc800 DEOPT UNPACKING pc=0x000001c116f6a1af sp=0x00000041f11fdf98 mode 2
Event: 0.621 Thread 0x000001c10d0fc800 Uncommon trap: trap_request=0xffffff5c fr.pc=0x000001c11ea3ac00 relative=0x0000000000000060
Event: 0.621 Thread 0x000001c10d0fc800 Uncommon trap: reason=speculate_null_assert action=make_not_entrant pc=0x000001c11ea3ac00 method=sun.misc.Unsafe.putLong(Ljava/lang/Object;JJ)V @ 7 c2
Event: 0.621 Thread 0x000001c10d0fc800 DEOPT PACKING pc=0x000001c11ea3ac00 sp=0x00000041f11fef90
Event: 0.621 Thread 0x000001c10d0fc800 DEOPT UNPACKING pc=0x000001c116f6a1af sp=0x00000041f11fef08 mode 2
Event: 0.669 Thread 0x000001c10d0fc800 Uncommon trap: trap_request=0xffffff5c fr.pc=0x000001c11ea3cef8 relative=0x0000000000000058
Event: 0.669 Thread 0x000001c10d0fc800 Uncommon trap: reason=speculate_null_assert action=make_not_entrant pc=0x000001c11ea3cef8 method=sun.misc.Unsafe.getLong(Ljava/lang/Object;J)J @ 5 c2
Event: 0.669 Thread 0x000001c10d0fc800 DEOPT PACKING pc=0x000001c11ea3cef8 sp=0x00000041f11fecf0
Event: 0.669 Thread 0x000001c10d0fc800 DEOPT UNPACKING pc=0x000001c116f6a1af sp=0x00000041f11fec78 mode 2

Classes redefined (0 events):
No events

Internal exceptions (20 events):
Event: 0.444 Thread 0x000001c10d0fc800 Exception <a 'java/security/PrivilegedActionException'{0x0000000713056178}> (0x0000000713056178) thrown at [./src/hotspot/share/prims/jvm.cpp, line 1306]
Event: 0.444 Thread 0x000001c10d0fc800 Exception <a 'java/security/PrivilegedActionException'{0x0000000713056448}> (0x0000000713056448) thrown at [./src/hotspot/share/prims/jvm.cpp, line 1306]
Event: 0.451 Thread 0x000001c10d0fc800 Exception <a 'sun/nio/fs/WindowsException'{0x000000071308b6a8}> (0x000000071308b6a8) thrown at [./src/hotspot/share/prims/jni.cpp, line 617]
Event: 0.451 Thread 0x000001c10d0fc800 Exception <a 'sun/nio/fs/WindowsException'{0x000000071308ba08}> (0x000000071308ba08) thrown at [./src/hotspot/share/prims/jni.cpp, line 617]
Event: 0.600 Thread 0x000001c10d0fc800 Exception <a 'sun/nio/fs/WindowsException'{0x0000000712f40100}> (0x0000000712f40100) thrown at [./src/hotspot/share/prims/jni.cpp, line 617]
Event: 0.600 Thread 0x000001c10d0fc800 Exception <a 'sun/nio/fs/WindowsException'{0x0000000712f40490}> (0x0000000712f40490) thrown at [./src/hotspot/share/prims/jni.cpp, line 617]
Event: 0.607 Thread 0x000001c10d0fc800 Exception <a 'sun/nio/fs/WindowsException'{0x0000000712f883f0}> (0x0000000712f883f0) thrown at [./src/hotspot/share/prims/jni.cpp, line 617]
Event: 0.607 Thread 0x000001c10d0fc800 Exception <a 'sun/nio/fs/WindowsException'{0x0000000712f886c0}> (0x0000000712f886c0) thrown at [./src/hotspot/share/prims/jni.cpp, line 617]
Event: 0.609 Thread 0x000001c10d0fc800 Exception <a 'java/security/PrivilegedActionException'{0x0000000712fa2400}> (0x0000000712fa2400) thrown at [./src/hotspot/share/prims/jvm.cpp, line 1306]
Event: 0.609 Thread 0x000001c10d0fc800 Exception <a 'java/security/PrivilegedActionException'{0x0000000712fa26d0}> (0x0000000712fa26d0) thrown at [./src/hotspot/share/prims/jvm.cpp, line 1306]
Event: 0.610 Thread 0x000001c10d0fc800 Exception <a 'java/security/PrivilegedActionException'{0x0000000712fa4030}> (0x0000000712fa4030) thrown at [./src/hotspot/share/prims/jvm.cpp, line 1306]
Event: 0.610 Thread 0x000001c10d0fc800 Exception <a 'java/security/PrivilegedActionException'{0x0000000712fa4300}> (0x0000000712fa4300) thrown at [./src/hotspot/share/prims/jvm.cpp, line 1306]
Event: 0.610 Thread 0x000001c10d0fc800 Exception <a 'java/security/PrivilegedActionException'{0x0000000712fb6af0}> (0x0000000712fb6af0) thrown at [./src/hotspot/share/prims/jvm.cpp, line 1306]
Event: 0.610 Thread 0x000001c10d0fc800 Exception <a 'java/security/PrivilegedActionException'{0x0000000712fb6dc0}> (0x0000000712fb6dc0) thrown at [./src/hotspot/share/prims/jvm.cpp, line 1306]
Event: 0.618 Thread 0x000001c10d0fc800 Exception <a 'java/security/PrivilegedActionException'{0x0000000712fdf860}> (0x0000000712fdf860) thrown at [./src/hotspot/share/prims/jvm.cpp, line 1306]
Event: 0.618 Thread 0x000001c10d0fc800 Exception <a 'java/security/PrivilegedActionException'{0x0000000712fdfb30}> (0x0000000712fdfb30) thrown at [./src/hotspot/share/prims/jvm.cpp, line 1306]
Event: 0.618 Thread 0x000001c10d0fc800 Exception <a 'java/security/PrivilegedActionException'{0x0000000712fe13e0}> (0x0000000712fe13e0) thrown at [./src/hotspot/share/prims/jvm.cpp, line 1306]
Event: 0.618 Thread 0x000001c10d0fc800 Exception <a 'java/security/PrivilegedActionException'{0x0000000712fe16b0}> (0x0000000712fe16b0) thrown at [./src/hotspot/share/prims/jvm.cpp, line 1306]
Event: 0.619 Thread 0x000001c10d0fc800 Exception <a 'java/security/PrivilegedActionException'{0x0000000712ff2320}> (0x0000000712ff2320) thrown at [./src/hotspot/share/prims/jvm.cpp, line 1306]
Event: 0.619 Thread 0x000001c10d0fc800 Exception <a 'java/security/PrivilegedActionException'{0x0000000712ff25f0}> (0x0000000712ff25f0) thrown at [./src/hotspot/share/prims/jvm.cpp, line 1306]

Events (20 events):
Event: 0.706 loading class org/lwjgl/opengl/GL14
Event: 0.706 loading class org/lwjgl/opengl/GL14 done
Event: 0.707 loading class org/lwjgl/opengl/GL13
Event: 0.707 loading class org/lwjgl/opengl/GL13 done
Event: 0.708 loading class org/lwjgl/opengl/GL12
Event: 0.708 loading class org/lwjgl/opengl/GL12 done
Event: 0.709 loading class org/lwjgl/opengl/GL11
Event: 0.709 loading class org/lwjgl/opengl/GL11 done
Event: 0.715 loading class org/lwjgl/opengl/GL11C
Event: 0.715 loading class org/lwjgl/opengl/GL11C done
Event: 0.719 loading class org/lwjgl/opengl/GL15C
Event: 0.719 loading class org/lwjgl/opengl/GL15C done
Event: 0.720 loading class org/lwjgl/opengl/GL14C
Event: 0.720 loading class org/lwjgl/opengl/GL14C done
Event: 0.721 loading class org/lwjgl/opengl/GL13C
Event: 0.721 loading class org/lwjgl/opengl/GL13C done
Event: 0.721 loading class org/lwjgl/opengl/GL12C
Event: 0.722 loading class org/lwjgl/opengl/GL12C done
Event: 0.722 loading class org/lwjgl/system/libc/LibCString
Event: 0.722 loading class org/lwjgl/system/libc/LibCString done


Dynamic libraries:
0x00007ff7e0640000 - 0x00007ff7e064d000 	C:\Program Files\Java\jdk-11.0.15-full\bin\java.exe
0x00007fff2b800000 - 0x00007fff2ba09000 	C:\WINDOWS\SYSTEM32\ntdll.dll
0x00007fff2a020000 - 0x00007fff2a0de000 	C:\WINDOWS\System32\KERNEL32.DLL
0x00007fff292d0000 - 0x00007fff2964b000 	C:\WINDOWS\System32\KERNELBASE.dll
0x00007fff29020000 - 0x00007fff29131000 	C:\WINDOWS\System32\ucrtbase.dll
0x00007fff03ea0000 - 0x00007fff03eb7000 	C:\Program Files\Java\jdk-11.0.15-full\bin\jli.dll
0x00007fff03940000 - 0x00007fff03955000 	C:\Program Files\Java\jdk-11.0.15-full\bin\VCRUNTIME140.dll
0x00007fff2b400000 - 0x00007fff2b5ad000 	C:\WINDOWS\System32\USER32.dll
0x00007fff0f550000 - 0x00007fff0f7f5000 	C:\WINDOWS\WinSxS\amd64_microsoft.windows.common-controls_6595b64144ccf1df_6.0.22000.120_none_9d947278b86cc467\COMCTL32.dll
0x00007fff28ca0000 - 0x00007fff28cc6000 	C:\WINDOWS\System32\win32u.dll
0x00007fff2b130000 - 0x00007fff2b1d3000 	C:\WINDOWS\System32\msvcrt.dll
0x00007fff29f40000 - 0x00007fff29f69000 	C:\WINDOWS\System32\GDI32.dll
0x00007fff28e40000 - 0x00007fff28f58000 	C:\WINDOWS\System32\gdi32full.dll
0x00007fff291c0000 - 0x00007fff2925d000 	C:\WINDOWS\System32\msvcp_win.dll
0x00007fff29be0000 - 0x00007fff29c12000 	C:\WINDOWS\System32\IMM32.DLL
0x00007ffef1140000 - 0x00007ffef11db000 	C:\Program Files\Java\jdk-11.0.15-full\bin\msvcp140.dll
0x00007ffeab3a0000 - 0x00007ffeabf20000 	C:\Program Files\Java\jdk-11.0.15-full\bin\server\jvm.dll
0x00007fff29f70000 - 0x00007fff2a01e000 	C:\WINDOWS\System32\ADVAPI32.dll
0x00007fff29740000 - 0x00007fff297de000 	C:\WINDOWS\System32\sechost.dll
0x00007fff29e20000 - 0x00007fff29f40000 	C:\WINDOWS\System32\RPCRT4.dll
0x00007fff2b3f0000 - 0x00007fff2b3f8000 	C:\WINDOWS\System32\PSAPI.DLL
0x00007fff1fff0000 - 0x00007fff20023000 	C:\WINDOWS\SYSTEM32\WINMM.dll
0x00007fff170f0000 - 0x00007fff170fa000 	C:\WINDOWS\SYSTEM32\VERSION.dll
0x00007fff21d80000 - 0x00007fff21d89000 	C:\WINDOWS\SYSTEM32\WSOCK32.dll
0x00007fff2b0a0000 - 0x00007fff2b10f000 	C:\WINDOWS\System32\WS2_32.dll
0x00007fff27ce0000 - 0x00007fff27cf8000 	C:\WINDOWS\SYSTEM32\kernel.appcore.dll
0x00007fff0a6e0000 - 0x00007fff0a6f0000 	C:\Program Files\Java\jdk-11.0.15-full\bin\verify.dll
0x00007fff23360000 - 0x00007fff23581000 	C:\WINDOWS\SYSTEM32\DBGHELP.DLL
0x00007fff0d600000 - 0x00007fff0d631000 	C:\WINDOWS\SYSTEM32\dbgcore.DLL
0x00007fff29140000 - 0x00007fff291bf000 	C:\WINDOWS\System32\bcryptPrimitives.dll
0x00007ffef1110000 - 0x00007ffef1138000 	C:\Program Files\Java\jdk-11.0.15-full\bin\java.dll
0x00007fff01320000 - 0x00007fff0132a000 	C:\Program Files\Java\jdk-11.0.15-full\bin\jimage.dll
0x00007ffef10f0000 - 0x00007ffef1108000 	C:\Program Files\Java\jdk-11.0.15-full\bin\zip.dll
0x00007fff2a8e0000 - 0x00007fff2b098000 	C:\WINDOWS\System32\SHELL32.dll
0x00007fff26d50000 - 0x00007fff275b5000 	C:\WINDOWS\SYSTEM32\windows.storage.dll
0x00007fff29860000 - 0x00007fff29bd8000 	C:\WINDOWS\System32\combase.dll
0x00007fff26be0000 - 0x00007fff26d46000 	C:\WINDOWS\SYSTEM32\wintypes.dll
0x00007fff2a5d0000 - 0x00007fff2a6ba000 	C:\WINDOWS\System32\SHCORE.dll
0x00007fff29db0000 - 0x00007fff29e0d000 	C:\WINDOWS\System32\shlwapi.dll
0x00007fff28bd0000 - 0x00007fff28bf1000 	C:\WINDOWS\SYSTEM32\profapi.dll
0x00007ffeef8b0000 - 0x00007ffeef8c9000 	C:\Program Files\Java\jdk-11.0.15-full\bin\net.dll
0x00007fff1f900000 - 0x00007fff1fa14000 	C:\WINDOWS\SYSTEM32\WINHTTP.dll
0x00007fff28170000 - 0x00007fff281d7000 	C:\WINDOWS\system32\mswsock.dll
0x00007ffeef890000 - 0x00007ffeef8a3000 	C:\Program Files\Java\jdk-11.0.15-full\bin\nio.dll
0x00007fff01620000 - 0x00007fff01695000 	C:\Users\User\AppData\Local\Temp\lwjglUser\3.3.1-build-7\lwjgl.dll
0x00007ffedec80000 - 0x00007ffedeed9000 	C:\Users\User\AppData\Local\Temp\lwjglUser\3.3.1-build-7\jemalloc.dll
0x00007fff015b0000 - 0x00007fff01611000 	C:\Users\User\AppData\Local\Temp\lwjglUser\3.3.1-build-7\glfw.dll
0x00007fff01560000 - 0x00007fff015a5000 	C:\WINDOWS\SYSTEM32\dinput8.dll
0x00007fff21010000 - 0x00007fff21021000 	C:\WINDOWS\SYSTEM32\xinput1_4.dll
0x00007fff28920000 - 0x00007fff2896c000 	C:\WINDOWS\SYSTEM32\cfgmgr32.dll
0x00007fff288f0000 - 0x00007fff2891c000 	C:\WINDOWS\SYSTEM32\DEVOBJ.dll
0x00007fff23590000 - 0x00007fff235bf000 	C:\WINDOWS\SYSTEM32\dwmapi.dll
0x00007fff0cb20000 - 0x00007fff0cce9000 	C:\WINDOWS\SYSTEM32\inputhost.dll
0x00007fff22990000 - 0x00007fff22ac1000 	C:\WINDOWS\SYSTEM32\CoreMessaging.dll
0x00007fff22f40000 - 0x00007fff22fec000 	C:\WINDOWS\system32\uxtheme.dll
0x00007fff2b670000 - 0x00007fff2b78d000 	C:\WINDOWS\System32\MSCTF.dll
0x00007fff28360000 - 0x00007fff2836c000 	C:\WINDOWS\SYSTEM32\CRYPTBASE.DLL
0x00007fff0bf20000 - 0x00007fff0c021000 	C:\WINDOWS\SYSTEM32\opengl32.dll
0x00007fff15270000 - 0x00007fff1529d000 	C:\WINDOWS\SYSTEM32\GLU32.dll
0x00007fff23030000 - 0x00007fff23068000 	C:\WINDOWS\SYSTEM32\dxcore.dll
0x00007fff20910000 - 0x00007fff20954000 	C:\WINDOWS\SYSTEM32\directxdatabasehelper.dll
0x00007fff27d00000 - 0x00007fff27d34000 	C:\WINDOWS\SYSTEM32\ntmarta.dll
0x00007fff2b5b0000 - 0x00007fff2b665000 	C:\WINDOWS\System32\clbcatq.dll
0x00007ffea9f00000 - 0x00007ffeaaf1b000 	C:\Windows\System32\DriverStore\FileRepository\iigd_dch.inf_amd64_c6eaed8f39b14916\ig9icd64.dll
0x00007fff2b1e0000 - 0x00007fff2b37a000 	C:\WINDOWS\System32\ole32.dll
0x00007fff23090000 - 0x00007fff23183000 	C:\WINDOWS\system32\dxgi.dll
0x00007ffea9af0000 - 0x00007ffea9efd000 	C:\Windows\System32\DriverStore\FileRepository\iigd_dch.inf_amd64_c6eaed8f39b14916\igdml64.dll
0x00007fff1a660000 - 0x00007fff1aa24000 	C:\Windows\System32\DriverStore\FileRepository\iigd_dch.inf_amd64_c6eaed8f39b14916\igdgmm64.dll
0x00007fff17120000 - 0x00007fff1a590000 	C:\Windows\System32\DriverStore\FileRepository\iigd_dch.inf_amd64_c6eaed8f39b14916\igc64.dll
0x00007fff289d0000 - 0x00007fff28a1d000 	C:\WINDOWS\SYSTEM32\powrprof.dll
0x00007fff289b0000 - 0x00007fff289c3000 	C:\WINDOWS\SYSTEM32\UMPDC.dll
0x00007fff09550000 - 0x00007fff0967d000 	C:\WINDOWS\SYSTEM32\textinputframework.dll
0x00007fff29cd0000 - 0x00007fff29da6000 	C:\WINDOWS\System32\OLEAUT32.dll
0x00007fff20030000 - 0x00007fff2039d000 	C:\WINDOWS\SYSTEM32\CoreUIComponents.dll
0x00007ffef1980000 - 0x00007ffef19dd000 	C:\Users\User\AppData\Local\Temp\lwjglUser\3.3.1-build-7\lwjgl_opengl.dll

dbghelp: loaded successfully - version: 4.0.5 - missing functions: none
symbol engine: initialized successfully - sym options: 0x614 - pdb path: .;C:\Program Files\Java\jdk-11.0.15-full\bin;C:\WINDOWS\SYSTEM32;C:\WINDOWS\WinSxS\amd64_microsoft.windows.common-controls_6595b64144ccf1df_6.0.22000.120_none_9d947278b86cc467;C:\Program Files\Java\jdk-11.0.15-full\bin\server;C:\Users\User\AppData\Local\Temp\lwjglUser\3.3.1-build-7;C:\Windows\System32\DriverStore\FileRepository\iigd_dch.inf_amd64_c6eaed8f39b14916

VM Arguments:
jvm_args: -Dfile.encoding=windows-1251 -Duser.country=RU -Duser.language=ru -Duser.variant 
java_command: opengl.tutor.Main
java_class_path (initial): C:\Users\User\OpenGL\OpenGL\build\classes\java\main;C:\Users\User\OpenGL\OpenGL\build\resources\main;C:\Users\User\.gradle\caches\modules-2\files-2.1\org.lwjgl\lwjgl-assimp\3.3.1\312072f451794f25670aebb0160ce6ec88aff842\lwjgl-assimp-3.3.1.jar;C:\Users\User\.gradle\caches\modules-2\files-2.1\org.lwjgl\lwjgl-assimp\3.3.1\bfa2a0d57acbf952b716d0ad8a3acbd7ad9f5639\lwjgl-assimp-3.3.1-natives-windows.jar;C:\Users\User\.gradle\caches\modules-2\files-2.1\org.lwjgl\lwjgl-bgfx\3.3.1\4243b7d255d885980f10c36edfb678729493685e\lwjgl-bgfx-3.3.1.jar;C:\Users\User\.gradle\caches\modules-2\files-2.1\org.lwjgl\lwjgl-bgfx\3.3.1\12f22e13c99db9153124dbc17b84fe0233c6f3d5\lwjgl-bgfx-3.3.1-natives-windows.jar;C:\Users\User\.gradle\caches\modules-2\files-2.1\org.lwjgl\lwjgl-cuda\3.3.1\8b67bd7760450f890eade8f74bfaf0dca10821fe\lwjgl-cuda-3.3.1.jar;C:\Users\User\.gradle\caches\modules-2\files-2.1\org.lwjgl\lwjgl-egl\3.3.1\8399e6734ad7d97d2e1f865b2c6c5232d5126dca\lwjgl-egl-3.3.1.jar;C:\Users\User\.gradle\caches\modules-2\files-2.1\org.lwjgl\lwjgl-glfw\3.3.1\cbac1b8d30cb4795149c1ef540f912671a8616d0\lwjgl-glfw-3.3.1.jar;C:\Users\User\.gradle\caches\modules-2\files-2.1\org.lwjgl\lwjgl-glfw\3.3.1\ed892f945cf7e79c8756796f32d00fa4ceaf573b\lwjgl-glfw-3.3.1-natives-windows.jar;C:\Users\User\.gradle\caches\modules-2\files-2.1\org.lwjgl\lwjgl-jawt\3.3.1\30330b16b809655d42f4951ece57f425cce43ce2\lwjgl-jawt-3.3.1.jar;C:\Users\User\.gradle\caches\modules-2\files-2.1\org.lwjgl\lwjgl-jemalloc\3.3.1\a817bcf213db49f710603677457567c37d53e103\lwjgl-jemalloc-3.3.1.jar;C:\Users\User\.gradle\caches\modules-2\files-2.1\org.lwjgl\lwjgl-jemalloc\3.3.1\948a89b76a16aa324b046ae9308891216ffce5f9\lwjgl-jemalloc-3.3.1-natives-windows.jar;C:\Users\User\.gradle\caches\modules-2\files-2.1\org.lwjgl\lwjgl-libdivide\3.3.1\ed21d21e4f3d508908ef1a23d885e73983f244ea\lwjgl-libdivide-3.3.1.jar;C:\Users\User\.gradle\caches\modules-2\files-2.1\org.lwjgl\lwjgl-libdivide\3.3.1\7c53f5a3d69c89ef57799170f2712de39d729
Launcher Type: SUN_STANDARD

[Global flags]
     intx CICompilerCount                          = 4                                         {product} {ergonomic}
     uint ConcGCThreads                            = 2                                         {product} {ergonomic}
     uint G1ConcRefinementThreads                  = 8                                         {product} {ergonomic}
   size_t G1HeapRegionSize                         = 1048576                                   {product} {ergonomic}
    uintx GCDrainStackTargetSize                   = 64                                        {product} {ergonomic}
   size_t InitialHeapSize                          = 264241152                                 {product} {ergonomic}
   size_t MarkStackSize                            = 4194304                                   {product} {ergonomic}
   size_t MaxHeapSize                              = 4221566976                                {product} {ergonomic}
   size_t MaxNewSize                               = 2532311040                                {product} {ergonomic}
   size_t MinHeapDeltaBytes                        = 1048576                                   {product} {ergonomic}
    uintx NonNMethodCodeHeapSize                   = 5836300                                {pd product} {ergonomic}
    uintx NonProfiledCodeHeapSize                  = 122910970                              {pd product} {ergonomic}
    uintx ProfiledCodeHeapSize                     = 122910970                              {pd product} {ergonomic}
    uintx ReservedCodeCacheSize                    = 251658240                              {pd product} {ergonomic}
     bool SegmentedCodeCache                       = true                                      {product} {ergonomic}
     bool UseCompressedClassPointers               = true                                 {lp64_product} {ergonomic}
     bool UseCompressedOops                        = true                                 {lp64_product} {ergonomic}
     bool UseG1GC                                  = true                                      {product} {ergonomic}
     bool UseLargePagesIndividualAllocation        = false                                  {pd product} {ergonomic}

Logging:
Log output configuration:
 #0: stdout all=warning uptime,level,tags
 #1: stderr all=off uptime,level,tags

Environment Variables:
JAVA_HOME=C:\Program Files\Java\jdk-11.0.15-full
PATH=C:\WINDOWS\system32;C:\WINDOWS;C:\WINDOWS\System32\Wbem;C:\WINDOWS\System32\WindowsPowerShell\v1.0\;C:\WINDOWS\System32\OpenSSH\;C:\Program Files\Java\jdk-11.0.15-full\bin;C:\Program Files\Git\cmd;C:\Program Files\Docker\Docker\resources\bin;C:\ProgramData\DockerDesktop\version-bin;C:\Users\User\AppData\Local\Microsoft\WindowsApps;;C:\Program Files\JetBrains\IntelliJ IDEA 2022.1\bin;
USERNAME=User
OS=Windows_NT
PROCESSOR_IDENTIFIER=Intel64 Family 6 Model 142 Stepping 12, GenuineIntel



---------------  S Y S T E M  ---------------

OS: Windows 11 , 64 bit Build 22000 (10.0.22000.1219)
OS uptime: 0 days 9:08 hours
Hyper-V role detected

CPU:total 8 (initial active 8) (4 cores per cpu, 2 threads per core) family 6 model 142 stepping 12 microcode 0xea, cmov, cx8, fxsr, mmx, sse, sse2, sse3, ssse3, sse4.1, sse4.2, popcnt, avx, avx2, aes, clmul, erms, 3dnowpref, lzcnt, ht, tsc, tscinvbit, bmi1, bmi2, adx, fma

Memory: 4k page, system-wide physical 16102M (5783M free)
TotalPageFile size 21222M (AvailPageFile size 10269M)
current process WorkingSet (physical memory assigned to process): 121M, peak: 121M
current process commit charge ("private bytes"): 369M, peak: 369M

vm_info: OpenJDK 64-Bit Server VM (11.0.15+10-LTS) for windows-amd64 JRE (11.0.15+10-LTS), built on Apr 20 2022 04:04:27 by "" with unknown MS VC++:1916

END.
